<?xml version="1.0" encoding="UTF-8"?>
<coverage generated="1787342666219" clover="3.2.0">
  <project timestamp="1787342666220" name="All files">
    <metrics statements="575" coveredstatements="157" conditionals="8676" coveredconditionals="107" methods="2614" coveredmethods="25" elements="11865" coveredelements="289" complexity="0" loc="575" ncloc="575" packages="1" files="7" classes="7"/>
    <file name="cookieConsent.js" path="C:\Users\alano\Desktop\Siti\CanoVerse-Giallo\src\js\cookieConsent.js">
      <metrics statements="124" coveredstatements="0" conditionals="78" coveredconditionals="0" methods="36" coveredmethods="0"/>
      <line num="20" count="0" type="stmt"/>
      <line num="23" count="0" type="stmt"/>
      <line num="24" count="0" type="stmt"/>
      <line num="27" count="0" type="stmt"/>
      <line num="31" count="0" type="stmt"/>
      <line num="32" count="0" type="stmt"/>
      <line num="33" count="0" type="cond" truecount="0" falsecount="2"/>
      <line num="34" count="0" type="stmt"/>
      <line num="35" count="0" type="cond" truecount="0" falsecount="4"/>
      <line num="36" count="0" type="cond" truecount="0" falsecount="2"/>
      <line num="37" count="0" type="stmt"/>
      <line num="38" count="0" type="cond" truecount="0" falsecount="4"/>
      <line num="40" count="0" type="stmt"/>
      <line num="42" count="0" type="stmt"/>
      <line num="47" count="0" type="stmt"/>
      <line num="54" count="0" type="stmt"/>
      <line num="55" count="0" type="stmt"/>
      <line num="57" count="0" type="stmt"/>
      <line num="58" count="0" type="stmt"/>
      <line num="59" count="0" type="stmt"/>
      <line num="66" count="0" type="stmt"/>
      <line num="67" count="0" type="cond" truecount="0" falsecount="5"/>
      <line num="68" count="0" type="stmt"/>
      <line num="82" count="0" type="cond" truecount="0" falsecount="2"/>
      <line num="83" count="0" type="cond" truecount="0" falsecount="2"/>
      <line num="84" count="0" type="stmt"/>
      <line num="85" count="0" type="stmt"/>
      <line num="90" count="0" type="stmt"/>
      <line num="91" count="0" type="stmt"/>
      <line num="92" count="0" type="cond" truecount="0" falsecount="2"/>
      <line num="93" count="0" type="cond" truecount="0" falsecount="4"/>
      <line num="95" count="0" type="stmt"/>
      <line num="100" count="0" type="stmt"/>
      <line num="101" count="0" type="stmt"/>
      <line num="102" count="0" type="cond" truecount="0" falsecount="2"/>
      <line num="103" count="0" type="stmt"/>
      <line num="104" count="0" type="cond" truecount="0" falsecount="2"/>
      <line num="105" count="0" type="stmt"/>
      <line num="106" count="0" type="stmt"/>
      <line num="107" count="0" type="stmt"/>
      <line num="113" count="0" type="stmt"/>
      <line num="114" count="0" type="stmt"/>
      <line num="115" count="0" type="cond" truecount="0" falsecount="2"/>
      <line num="116" count="0" type="cond" truecount="0" falsecount="5"/>
      <line num="117" count="0" type="stmt"/>
      <line num="118" count="0" type="cond" truecount="0" falsecount="2"/>
      <line num="119" count="0" type="stmt"/>
      <line num="121" count="0" type="cond" truecount="0" falsecount="4"/>
      <line num="126" count="0" type="stmt"/>
      <line num="127" count="0" type="cond" truecount="0" falsecount="4"/>
      <line num="128" count="0" type="cond" truecount="0" falsecount="2"/>
      <line num="129" count="0" type="stmt"/>
      <line num="130" count="0" type="stmt"/>
      <line num="131" count="0" type="stmt"/>
      <line num="138" count="0" type="stmt"/>
      <line num="139" count="0" type="stmt"/>
      <line num="140" count="0" type="cond" truecount="0" falsecount="2"/>
      <line num="141" count="0" type="stmt"/>
      <line num="143" count="0" type="stmt"/>
      <line num="147" count="0" type="stmt"/>
      <line num="148" count="0" type="stmt"/>
      <line num="153" count="0" type="cond" truecount="0" falsecount="2"/>
      <line num="154" count="0" type="stmt"/>
      <line num="211" count="0" type="stmt"/>
      <line num="212" count="0" type="stmt"/>
      <line num="213" count="0" type="stmt"/>
      <line num="214" count="0" type="stmt"/>
      <line num="218" count="0" type="stmt"/>
      <line num="220" count="0" type="cond" truecount="0" falsecount="2"/>
      <line num="221" count="0" type="stmt"/>
      <line num="222" count="0" type="stmt"/>
      <line num="223" count="0" type="stmt"/>
      <line num="224" count="0" type="stmt"/>
      <line num="225" count="0" type="stmt"/>
      <line num="226" count="0" type="stmt"/>
      <line num="238" count="0" type="stmt"/>
      <line num="239" count="0" type="stmt"/>
      <line num="240" count="0" type="stmt"/>
      <line num="241" count="0" type="stmt"/>
      <line num="243" count="0" type="stmt"/>
      <line num="244" count="0" type="stmt"/>
      <line num="245" count="0" type="stmt"/>
      <line num="247" count="0" type="stmt"/>
      <line num="248" count="0" type="stmt"/>
      <line num="249" count="0" type="stmt"/>
      <line num="252" count="0" type="stmt"/>
      <line num="253" count="0" type="cond" truecount="0" falsecount="2"/>
      <line num="257" count="0" type="cond" truecount="0" falsecount="2"/>
      <line num="258" count="0" type="stmt"/>
      <line num="259" count="0" type="stmt"/>
      <line num="260" count="0" type="stmt"/>
      <line num="261" count="0" type="stmt"/>
      <line num="262" count="0" type="stmt"/>
      <line num="263" count="0" type="stmt"/>
      <line num="279" count="0" type="stmt"/>
      <line num="281" count="0" type="cond" truecount="0" falsecount="2"/>
      <line num="283" count="0" type="stmt"/>
      <line num="284" count="0" type="cond" truecount="0" falsecount="2"/>
      <line num="286" count="0" type="stmt"/>
      <line num="287" count="0" type="stmt"/>
      <line num="288" count="0" type="stmt"/>
      <line num="290" count="0" type="stmt"/>
      <line num="291" count="0" type="stmt"/>
      <line num="293" count="0" type="stmt"/>
      <line num="294" count="0" type="stmt"/>
      <line num="296" count="0" type="cond" truecount="0" falsecount="2"/>
      <line num="297" count="0" type="stmt"/>
      <line num="298" count="0" type="cond" truecount="0" falsecount="2"/>
      <line num="303" count="0" type="stmt"/>
      <line num="318" count="0" type="stmt"/>
      <line num="319" count="0" type="stmt"/>
      <line num="320" count="0" type="stmt"/>
      <line num="325" count="0" type="stmt"/>
      <line num="328" count="0" type="stmt"/>
      <line num="333" count="0" type="stmt"/>
      <line num="334" count="0" type="stmt"/>
      <line num="335" count="0" type="stmt"/>
      <line num="336" count="0" type="cond" truecount="0" falsecount="2"/>
      <line num="337" count="0" type="stmt"/>
      <line num="339" count="0" type="stmt"/>
      <line num="340" count="0" type="stmt"/>
      <line num="344" count="0" type="cond" truecount="0" falsecount="2"/>
      <line num="345" count="0" type="stmt"/>
      <line num="347" count="0" type="stmt"/>
    </file>
    <file name="firebase-config.js" path="C:\Users\alano\Desktop\Siti\CanoVerse-Giallo\src\js\firebase-config.js">
      <metrics statements="9" coveredstatements="0" conditionals="6" coveredconditionals="0" methods="0" coveredmethods="0"/>
      <line num="1" count="0" type="stmt"/>
      <line num="10" count="0" type="stmt"/>
      <line num="28" count="0" type="stmt"/>
      <line num="29" count="0" type="cond" truecount="0" falsecount="4"/>
      <line num="31" count="0" type="stmt"/>
      <line num="32" count="0" type="stmt"/>
      <line num="34" count="0" type="stmt"/>
      <line num="38" count="0" type="stmt"/>
      <line num="39" count="0" type="cond" truecount="0" falsecount="2"/>
    </file>
    <file name="formHandler.js" path="C:\Users\alano\Desktop\Siti\CanoVerse-Giallo\src\js\formHandler.js">
      <metrics statements="109" coveredstatements="102" conditionals="97" coveredconditionals="76" methods="12" coveredmethods="11"/>
      <line num="1" count="1" type="stmt"/>
      <line num="17" count="1" type="stmt"/>
      <line num="19" count="1" type="stmt"/>
      <line num="23" count="1" type="stmt"/>
      <line num="32" count="1" type="stmt"/>
      <line num="41" count="30" type="cond" truecount="1" falsecount="1"/>
      <line num="48" count="1" type="stmt"/>
      <line num="50" count="1" type="stmt"/>
      <line num="53" count="10" type="cond" truecount="3" falsecount="1"/>
      <line num="54" count="10" type="stmt"/>
      <line num="55" count="10" type="stmt"/>
      <line num="61" count="10" type="stmt"/>
      <line num="77" count="10" type="stmt"/>
      <line num="78" count="10" type="stmt"/>
      <line num="105" count="260" type="stmt"/>
      <line num="115" count="5" type="stmt"/>
      <line num="116" count="5" type="cond" truecount="1" falsecount="1"/>
      <line num="120" count="10" type="stmt"/>
      <line num="127" count="10" type="cond" truecount="2" falsecount="0"/>
      <line num="128" count="6" type="stmt"/>
      <line num="129" count="6" type="stmt"/>
      <line num="136" count="4" type="stmt"/>
      <line num="137" count="4" type="stmt"/>
      <line num="139" count="4" type="stmt"/>
      <line num="140" count="4" type="stmt"/>
      <line num="141" count="4" type="cond" truecount="1" falsecount="1"/>
      <line num="142" count="4" type="cond" truecount="2" falsecount="0"/>
      <line num="143" count="1" type="stmt"/>
      <line num="145" count="3" type="stmt"/>
      <line num="146" count="3" type="stmt"/>
      <line num="151" count="15" type="stmt"/>
      <line num="153" count="15" type="stmt"/>
      <line num="154" count="15" type="stmt"/>
      <line num="155" count="15" type="cond" truecount="2" falsecount="0"/>
      <line num="157" count="15" type="cond" truecount="4" falsecount="0"/>
      <line num="162" count="13" type="stmt"/>
      <line num="163" count="13" type="cond" truecount="2" falsecount="0"/>
      <line num="164" count="3" type="stmt"/>
      <line num="165" count="3" type="cond" truecount="4" falsecount="0"/>
      <line num="169" count="2" type="stmt"/>
      <line num="170" count="2" type="stmt"/>
      <line num="171" count="2" type="stmt"/>
      <line num="175" count="11" type="stmt"/>
      <line num="176" count="11" type="stmt"/>
      <line num="177" count="11" type="stmt"/>
      <line num="178" count="11" type="stmt"/>
      <line num="179" count="11" type="stmt"/>
      <line num="181" count="11" type="cond" truecount="4" falsecount="1"/>
      <line num="183" count="11" type="stmt"/>
      <line num="191" count="11" type="stmt"/>
      <line num="192" count="11" type="cond" truecount="1" falsecount="1"/>
      <line num="193" count="0" type="cond" truecount="0" falsecount="4"/>
      <line num="194" count="0" type="stmt"/>
      <line num="196" count="0" type="stmt"/>
      <line num="198" count="0" type="stmt"/>
      <line num="201" count="11" type="cond" truecount="2" falsecount="0"/>
      <line num="205" count="5" type="stmt"/>
      <line num="206" count="5" type="stmt"/>
      <line num="207" count="5" type="stmt"/>
      <line num="209" count="0" type="stmt"/>
      <line num="211" count="5" type="cond" truecount="4" falsecount="0"/>
      <line num="212" count="1" type="stmt"/>
      <line num="213" count="1" type="stmt"/>
      <line num="217" count="10" type="cond" truecount="1" falsecount="1"/>
      <line num="218" count="10" type="stmt"/>
      <line num="219" count="10" type="stmt"/>
      <line num="222" count="10" type="stmt"/>
      <line num="225" count="10" type="stmt"/>
      <line num="236" count="10" type="stmt"/>
      <line num="249" count="10" type="stmt"/>
      <line num="251" count="10" type="stmt"/>
      <line num="256" count="10" type="stmt"/>
      <line num="257" count="9" type="stmt"/>
      <line num="262" count="9" type="stmt"/>
      <line num="267" count="8" type="stmt"/>
      <line num="270" count="0" type="stmt"/>
      <line num="273" count="8" type="stmt"/>
      <line num="274" count="8" type="stmt"/>
      <line num="275" count="8" type="stmt"/>
      <line num="277" count="2" type="stmt"/>
      <line num="279" count="2" type="cond" truecount="2" falsecount="0"/>
      <line num="284" count="1" type="stmt"/>
      <line num="288" count="1" type="stmt"/>
      <line num="289" count="1" type="stmt"/>
      <line num="290" count="1" type="stmt"/>
      <line num="291" count="1" type="stmt"/>
      <line num="294" count="1" type="cond" truecount="1" falsecount="1"/>
      <line num="295" count="1" type="stmt"/>
      <line num="296" count="1" type="stmt"/>
      <line num="298" count="1" type="cond" truecount="3" falsecount="1"/>
      <line num="299" count="1" type="stmt"/>
      <line num="301" count="0" type="stmt"/>
      <line num="305" count="9" type="stmt"/>
      <line num="309" count="16" type="stmt"/>
      <line num="310" count="16" type="stmt"/>
      <line num="311" count="16" type="stmt"/>
      <line num="312" count="16" type="stmt"/>
      <line num="313" count="16" type="stmt"/>
      <line num="314" count="16" type="stmt"/>
      <line num="316" count="16" type="cond" truecount="4" falsecount="0"/>
      <line num="317" count="16" type="cond" truecount="4" falsecount="0"/>
      <line num="318" count="15" type="cond" truecount="2" falsecount="0"/>
      <line num="319" count="16" type="cond" truecount="4" falsecount="0"/>
      <line num="320" count="16" type="cond" truecount="3" falsecount="1"/>
      <line num="321" count="16" type="cond" truecount="3" falsecount="1"/>
      <line num="323" count="16" type="stmt"/>
      <line num="327" count="25" type="stmt"/>
      <line num="330" count="1" type="cond" truecount="3" falsecount="1"/>
      <line num="331" count="1" type="stmt"/>
    </file>
    <file name="gate.js" path="C:\Users\alano\Desktop\Siti\CanoVerse-Giallo\src\js\gate.js">
      <metrics statements="234" coveredstatements="0" conditionals="93" coveredconditionals="0" methods="21" coveredmethods="0"/>
      <line num="10" count="0" type="stmt"/>
      <line num="13" count="0" type="stmt"/>
      <line num="15" count="0" type="stmt"/>
      <line num="16" count="0" type="cond" truecount="0" falsecount="2"/>
      <line num="19" count="0" type="stmt"/>
      <line num="20" count="0" type="stmt"/>
      <line num="21" count="0" type="stmt"/>
      <line num="22" count="0" type="stmt"/>
      <line num="24" count="0" type="stmt"/>
      <line num="27" count="0" type="stmt"/>
      <line num="30" count="0" type="stmt"/>
      <line num="33" count="0" type="stmt"/>
      <line num="34" count="0" type="cond" truecount="0" falsecount="2"/>
      <line num="35" count="0" type="stmt"/>
      <line num="37" count="0" type="cond" truecount="0" falsecount="4"/>
      <line num="38" count="0" type="stmt"/>
      <line num="39" count="0" type="stmt"/>
      <line num="40" count="0" type="stmt"/>
      <line num="41" count="0" type="stmt"/>
      <line num="43" count="0" type="stmt"/>
      <line num="44" count="0" type="stmt"/>
      <line num="47" count="0" type="stmt"/>
      <line num="48" count="0" type="cond" truecount="0" falsecount="2"/>
      <line num="49" count="0" type="stmt"/>
      <line num="52" count="0" type="stmt"/>
      <line num="53" count="0" type="stmt"/>
      <line num="54" count="0" type="stmt"/>
      <line num="61" count="0" type="stmt"/>
      <line num="62" count="0" type="cond" truecount="0" falsecount="2"/>
      <line num="63" count="0" type="stmt"/>
      <line num="65" count="0" type="stmt"/>
      <line num="67" count="0" type="cond" truecount="0" falsecount="2"/>
      <line num="68" count="0" type="stmt"/>
      <line num="69" count="0" type="stmt"/>
      <line num="70" count="0" type="stmt"/>
      <line num="72" count="0" type="stmt"/>
      <line num="73" count="0" type="stmt"/>
      <line num="75" count="0" type="stmt"/>
      <line num="76" count="0" type="stmt"/>
      <line num="77" count="0" type="stmt"/>
      <line num="78" count="0" type="stmt"/>
      <line num="80" count="0" type="stmt"/>
      <line num="81" count="0" type="stmt"/>
      <line num="83" count="0" type="stmt"/>
      <line num="84" count="0" type="stmt"/>
      <line num="85" count="0" type="cond" truecount="0" falsecount="4"/>
      <line num="86" count="0" type="cond" truecount="0" falsecount="2"/>
      <line num="91" count="0" type="stmt"/>
      <line num="92" count="0" type="stmt"/>
      <line num="93" count="0" type="stmt"/>
      <line num="94" count="0" type="stmt"/>
      <line num="95" count="0" type="stmt"/>
      <line num="96" count="0" type="stmt"/>
      <line num="97" count="0" type="stmt"/>
      <line num="99" count="0" type="stmt"/>
      <line num="100" count="0" type="stmt"/>
      <line num="101" count="0" type="stmt"/>
      <line num="102" count="0" type="stmt"/>
      <line num="103" count="0" type="stmt"/>
      <line num="104" count="0" type="cond" truecount="0" falsecount="2"/>
      <line num="106" count="0" type="stmt"/>
      <line num="109" count="0" type="stmt"/>
      <line num="110" count="0" type="stmt"/>
      <line num="112" count="0" type="stmt"/>
      <line num="113" count="0" type="cond" truecount="0" falsecount="2"/>
      <line num="114" count="0" type="cond" truecount="0" falsecount="2"/>
      <line num="115" count="0" type="stmt"/>
      <line num="116" count="0" type="cond" truecount="0" falsecount="2"/>
      <line num="117" count="0" type="cond" truecount="0" falsecount="5"/>
      <line num="119" count="0" type="stmt"/>
      <line num="122" count="0" type="stmt"/>
      <line num="123" count="0" type="cond" truecount="0" falsecount="2"/>
      <line num="124" count="0" type="stmt"/>
      <line num="127" count="0" type="stmt"/>
      <line num="128" count="0" type="cond" truecount="0" falsecount="2"/>
      <line num="129" count="0" type="stmt"/>
      <line num="131" count="0" type="cond" truecount="0" falsecount="2"/>
      <line num="132" count="0" type="stmt"/>
      <line num="134" count="0" type="stmt"/>
      <line num="135" count="0" type="stmt"/>
      <line num="136" count="0" type="stmt"/>
      <line num="137" count="0" type="stmt"/>
      <line num="138" count="0" type="stmt"/>
      <line num="144" count="0" type="stmt"/>
      <line num="145" count="0" type="stmt"/>
      <line num="146" count="0" type="stmt"/>
      <line num="149" count="0" type="cond" truecount="0" falsecount="2"/>
      <line num="150" count="0" type="stmt"/>
      <line num="151" count="0" type="stmt"/>
      <line num="153" count="0" type="stmt"/>
      <line num="154" count="0" type="stmt"/>
      <line num="155" count="0" type="stmt"/>
      <line num="156" count="0" type="stmt"/>
      <line num="159" count="0" type="stmt"/>
      <line num="160" count="0" type="stmt"/>
      <line num="161" count="0" type="stmt"/>
      <line num="162" count="0" type="stmt"/>
      <line num="163" count="0" type="stmt"/>
      <line num="164" count="0" type="stmt"/>
      <line num="165" count="0" type="stmt"/>
      <line num="166" count="0" type="stmt"/>
      <line num="167" count="0" type="stmt"/>
      <line num="168" count="0" type="stmt"/>
      <line num="170" count="0" type="cond" truecount="0" falsecount="2"/>
      <line num="171" count="0" type="stmt"/>
      <line num="173" count="0" type="stmt"/>
      <line num="174" count="0" type="stmt"/>
      <line num="175" count="0" type="stmt"/>
      <line num="176" count="0" type="stmt"/>
      <line num="178" count="0" type="stmt"/>
      <line num="182" count="0" type="stmt"/>
      <line num="183" count="0" type="stmt"/>
      <line num="184" count="0" type="stmt"/>
      <line num="185" count="0" type="stmt"/>
      <line num="186" count="0" type="stmt"/>
      <line num="187" count="0" type="stmt"/>
      <line num="188" count="0" type="stmt"/>
      <line num="189" count="0" type="stmt"/>
      <line num="190" count="0" type="stmt"/>
      <line num="191" count="0" type="stmt"/>
      <line num="192" count="0" type="cond" truecount="0" falsecount="2"/>
      <line num="194" count="0" type="stmt"/>
      <line num="195" count="0" type="stmt"/>
      <line num="196" count="0" type="stmt"/>
      <line num="200" count="0" type="stmt"/>
      <line num="201" count="0" type="stmt"/>
      <line num="202" count="0" type="stmt"/>
      <line num="203" count="0" type="stmt"/>
      <line num="204" count="0" type="stmt"/>
      <line num="205" count="0" type="stmt"/>
      <line num="206" count="0" type="stmt"/>
      <line num="207" count="0" type="stmt"/>
      <line num="208" count="0" type="stmt"/>
      <line num="209" count="0" type="stmt"/>
      <line num="210" count="0" type="stmt"/>
      <line num="211" count="0" type="stmt"/>
      <line num="212" count="0" type="stmt"/>
      <line num="214" count="0" type="stmt"/>
      <line num="215" count="0" type="stmt"/>
      <line num="216" count="0" type="stmt"/>
      <line num="220" count="0" type="stmt"/>
      <line num="221" count="0" type="stmt"/>
      <line num="222" count="0" type="stmt"/>
      <line num="223" count="0" type="stmt"/>
      <line num="224" count="0" type="stmt"/>
      <line num="225" count="0" type="stmt"/>
      <line num="227" count="0" type="stmt"/>
      <line num="234" count="0" type="stmt"/>
      <line num="241" count="0" type="stmt"/>
      <line num="242" count="0" type="stmt"/>
      <line num="254" count="0" type="cond" truecount="0" falsecount="2"/>
      <line num="255" count="0" type="stmt"/>
      <line num="257" count="0" type="stmt"/>
      <line num="258" count="0" type="stmt"/>
      <line num="259" count="0" type="stmt"/>
      <line num="262" count="0" type="stmt"/>
      <line num="263" count="0" type="stmt"/>
      <line num="264" count="0" type="cond" truecount="0" falsecount="4"/>
      <line num="265" count="0" type="cond" truecount="0" falsecount="2"/>
      <line num="266" count="0" type="stmt"/>
      <line num="267" count="0" type="stmt"/>
      <line num="270" count="0" type="cond" truecount="0" falsecount="2"/>
      <line num="271" count="0" type="stmt"/>
      <line num="272" count="0" type="stmt"/>
      <line num="273" count="0" type="stmt"/>
      <line num="274" count="0" type="stmt"/>
      <line num="275" count="0" type="stmt"/>
      <line num="276" count="0" type="stmt"/>
      <line num="277" count="0" type="stmt"/>
      <line num="278" count="0" type="stmt"/>
      <line num="279" count="0" type="stmt"/>
      <line num="280" count="0" type="stmt"/>
      <line num="283" count="0" type="cond" truecount="0" falsecount="2"/>
      <line num="285" count="0" type="stmt"/>
      <line num="286" count="0" type="cond" truecount="0" falsecount="2"/>
      <line num="287" count="0" type="stmt"/>
      <line num="289" count="0" type="stmt"/>
      <line num="290" count="0" type="cond" truecount="0" falsecount="5"/>
      <line num="291" count="0" type="cond" truecount="0" falsecount="5"/>
      <line num="292" count="0" type="stmt"/>
      <line num="293" count="0" type="stmt"/>
      <line num="295" count="0" type="stmt"/>
      <line num="297" count="0" type="stmt"/>
      <line num="300" count="0" type="stmt"/>
      <line num="301" count="0" type="stmt"/>
      <line num="302" count="0" type="cond" truecount="0" falsecount="2"/>
      <line num="303" count="0" type="stmt"/>
      <line num="304" count="0" type="stmt"/>
      <line num="305" count="0" type="cond" truecount="0" falsecount="2"/>
      <line num="309" count="0" type="stmt"/>
      <line num="310" count="0" type="stmt"/>
      <line num="311" count="0" type="stmt"/>
      <line num="312" count="0" type="cond" truecount="0" falsecount="2"/>
      <line num="313" count="0" type="stmt"/>
      <line num="314" count="0" type="cond" truecount="0" falsecount="2"/>
      <line num="315" count="0" type="stmt"/>
      <line num="316" count="0" type="stmt"/>
      <line num="317" count="0" type="cond" truecount="0" falsecount="2"/>
      <line num="318" count="0" type="stmt"/>
      <line num="319" count="0" type="stmt"/>
      <line num="320" count="0" type="cond" truecount="0" falsecount="2"/>
      <line num="326" count="0" type="stmt"/>
      <line num="327" count="0" type="stmt"/>
      <line num="328" count="0" type="stmt"/>
      <line num="329" count="0" type="cond" truecount="0" falsecount="2"/>
      <line num="330" count="0" type="cond" truecount="0" falsecount="2"/>
      <line num="331" count="0" type="stmt"/>
      <line num="332" count="0" type="stmt"/>
      <line num="333" count="0" type="cond" truecount="0" falsecount="2"/>
      <line num="334" count="0" type="stmt"/>
      <line num="335" count="0" type="stmt"/>
      <line num="341" count="0" type="stmt"/>
      <line num="342" count="0" type="stmt"/>
      <line num="345" count="0" type="stmt"/>
      <line num="346" count="0" type="stmt"/>
      <line num="347" count="0" type="stmt"/>
      <line num="348" count="0" type="cond" truecount="0" falsecount="2"/>
      <line num="349" count="0" type="stmt"/>
      <line num="350" count="0" type="stmt"/>
      <line num="351" count="0" type="stmt"/>
      <line num="352" count="0" type="stmt"/>
      <line num="355" count="0" type="cond" truecount="0" falsecount="2"/>
      <line num="357" count="0" type="stmt"/>
      <line num="358" count="0" type="stmt"/>
      <line num="359" count="0" type="stmt"/>
      <line num="360" count="0" type="stmt"/>
      <line num="361" count="0" type="stmt"/>
      <line num="362" count="0" type="stmt"/>
      <line num="363" count="0" type="stmt"/>
      <line num="364" count="0" type="stmt"/>
      <line num="365" count="0" type="stmt"/>
      <line num="366" count="0" type="stmt"/>
      <line num="369" count="0" type="stmt"/>
      <line num="371" count="0" type="stmt"/>
    </file>
    <file name="navigation.js" path="C:\Users\alano\Desktop\Siti\CanoVerse-Giallo\src\js\navigation.js">
      <metrics statements="49" coveredstatements="42" conditionals="31" coveredconditionals="23" methods="13" coveredmethods="9"/>
      <line num="10" count="4" type="stmt"/>
      <line num="11" count="4" type="cond" truecount="2" falsecount="0"/>
      <line num="12" count="1" type="stmt"/>
      <line num="14" count="3" type="stmt"/>
      <line num="15" count="3" type="stmt"/>
      <line num="23" count="14" type="cond" truecount="4" falsecount="0"/>
      <line num="24" count="2" type="stmt"/>
      <line num="26" count="12" type="stmt"/>
      <line num="27" count="12" type="cond" truecount="5" falsecount="0"/>
      <line num="28" count="5" type="stmt"/>
      <line num="30" count="7" type="stmt"/>
      <line num="38" count="4" type="stmt"/>
      <line num="39" count="4" type="stmt"/>
      <line num="41" count="4" type="stmt"/>
      <line num="42" count="6" type="stmt"/>
      <line num="43" count="6" type="cond" truecount="2" falsecount="0"/>
      <line num="45" count="5" type="stmt"/>
      <line num="46" count="1" type="stmt"/>
      <line num="47" count="1" type="stmt"/>
      <line num="49" count="5" type="stmt"/>
      <line num="52" count="4" type="stmt"/>
      <line num="56" count="1" type="stmt"/>
      <line num="57" count="1" type="stmt"/>
      <line num="59" count="1" type="cond" truecount="3" falsecount="1"/>
      <line num="60" count="0" type="stmt"/>
      <line num="63" count="1" type="stmt"/>
      <line num="64" count="2" type="stmt"/>
      <line num="65" count="2" type="stmt"/>
      <line num="66" count="2" type="stmt"/>
      <line num="67" count="2" type="stmt"/>
      <line num="70" count="1" type="stmt"/>
      <line num="71" count="1" type="stmt"/>
      <line num="72" count="1" type="stmt"/>
      <line num="75" count="1" type="stmt"/>
      <line num="76" count="0" type="stmt"/>
      <line num="77" count="0" type="stmt"/>
      <line num="81" count="1" type="stmt"/>
      <line num="82" count="0" type="cond" truecount="0" falsecount="2"/>
      <line num="83" count="0" type="stmt"/>
      <line num="88" count="1" type="stmt"/>
      <line num="89" count="1" type="cond" truecount="1" falsecount="1"/>
      <line num="90" count="1" type="cond" truecount="3" falsecount="1"/>
      <line num="91" count="0" type="stmt"/>
      <line num="95" count="1" type="stmt"/>
      <line num="96" count="0" type="cond" truecount="0" falsecount="2"/>
      <line num="99" count="1" type="stmt"/>
      <line num="100" count="1" type="stmt"/>
      <line num="103" count="1" type="cond" truecount="3" falsecount="1"/>
      <line num="104" count="1" type="stmt"/>
    </file>
    <file name="scrollObserver.js" path="C:\Users\alano\Desktop\Siti\CanoVerse-Giallo\src\js\scrollObserver.js">
      <metrics statements="13" coveredstatements="13" conditionals="9" coveredconditionals="8" methods="5" coveredmethods="5"/>
      <line num="7" count="11" type="cond" truecount="3" falsecount="0"/>
      <line num="9" count="11" type="stmt"/>
      <line num="11" count="5" type="stmt"/>
      <line num="12" count="7" type="cond" truecount="2" falsecount="0"/>
      <line num="13" count="4" type="stmt"/>
      <line num="14" count="4" type="stmt"/>
      <line num="21" count="11" type="stmt"/>
      <line num="29" count="4" type="stmt"/>
      <line num="30" count="4" type="stmt"/>
      <line num="32" count="4" type="stmt"/>
      <line num="34" count="4" type="stmt"/>
      <line num="37" count="1" type="cond" truecount="3" falsecount="1"/>
      <line num="38" count="1" type="stmt"/>
    </file>
    <file name="tailwind.min.js" path="C:\Users\alano\Desktop\Siti\CanoVerse-Giallo\src\js\tailwind.min.js">
      <metrics statements="37" coveredstatements="0" conditionals="8362" coveredconditionals="0" methods="2527" coveredmethods="0"/>
      <line num="1" count="0" type="cond" truecount="0" falsecount="720"/>
      <line num="2" count="0" type="stmt"/>
      <line num="3" count="0" type="stmt"/>
      <line num="4" count="0" type="cond" truecount="0" falsecount="2"/>
      <line num="7" count="0" type="stmt"/>
      <line num="12" count="0" type="cond" truecount="0" falsecount="22"/>
      <line num="13" count="0" type="cond" truecount="0" falsecount="57"/>
      <line num="14" count="0" type="cond" truecount="0" falsecount="6"/>
      <line num="15" count="0" type="cond" truecount="0" falsecount="8"/>
      <line num="16" count="0" type="cond" truecount="0" falsecount="16"/>
      <line num="17" count="0" type="cond" truecount="0" falsecount="18"/>
      <line num="18" count="0" type="cond" truecount="0" falsecount="43"/>
      <line num="19" count="0" type="cond" truecount="0" falsecount="44"/>
      <line num="20" count="0" type="cond" truecount="0" falsecount="307"/>
      <line num="21" count="0" type="cond" truecount="0" falsecount="57"/>
      <line num="22" count="0" type="cond" truecount="0" falsecount="56"/>
      <line num="23" count="0" type="cond" truecount="0" falsecount="538"/>
      <line num="25" count="0" type="cond" truecount="0" falsecount="184"/>
      <line num="26" count="0" type="cond" truecount="0" falsecount="529"/>
      <line num="27" count="0" type="cond" truecount="0" falsecount="1428"/>
      <line num="28" count="0" type="stmt"/>
      <line num="31" count="0" type="cond" truecount="0" falsecount="843"/>
      <line num="32" count="0" type="cond" truecount="0" falsecount="1190"/>
      <line num="33" count="0" type="cond" truecount="0" falsecount="128"/>
      <line num="34" count="0" type="cond" truecount="0" falsecount="472"/>
      <line num="35" count="0" type="cond" truecount="0" falsecount="8"/>
      <line num="36" count="0" type="cond" truecount="0" falsecount="83"/>
      <line num="37" count="0" type="cond" truecount="0" falsecount="7"/>
      <line num="38" count="0" type="stmt"/>
      <line num="39" count="0" type="cond" truecount="0" falsecount="2"/>
      <line num="40" count="0" type="cond" truecount="0" falsecount="606"/>
      <line num="41" count="0" type="cond" truecount="0" falsecount="64"/>
      <line num="42" count="0" type="stmt"/>
      <line num="43" count="0" type="cond" truecount="0" falsecount="4"/>
      <line num="44" count="0" type="cond" truecount="0" falsecount="834"/>
      <line num="57" count="0" type="cond" truecount="0" falsecount="4"/>
      <line num="64" count="0" type="cond" truecount="0" falsecount="79"/>
    </file>
  </project>
</coverage>
