TN:
SF:src\js\cookieConsent.js
FN:20,(anonymous_0)
FN:30,getConsent
FN:46,saveConsent
FN:65,logConsent
FN:76,(anonymous_4)
FN:81,applyConsent
FN:89,activateThirdParty
FN:91,(anonymous_7)
FN:99,activateCategoryScripts
FN:101,(anonymous_9)
FN:112,refreshBlockedEmbeds
FN:114,(anonymous_11)
FN:125,addOverlay
FN:139,(anonymous_13)
FN:146,removeAllOverlays
FN:148,(anonymous_15)
FN:152,injectStyles
FN:219,buildBanner
FN:239,(anonymous_18)
FN:243,(anonymous_19)
FN:252,showBanner
FN:253,hideBanner
FN:256,openPreferences
FN:281,close
FN:282,readToggle
FN:286,(anonymous_25)
FN:290,(anonymous_26)
FN:293,(anonymous_27)
FN:296,(anonymous_28)
FN:297,esc
FN:302,cat
FN:317,bindPreferenceLinks
FN:319,(anonymous_32)
FN:320,(anonymous_33)
FN:328,(anonymous_34)
FN:332,init
FNF:36
FNH:0
FNDA:0,(anonymous_0)
FNDA:0,getConsent
FNDA:0,saveConsent
FNDA:0,logConsent
FNDA:0,(anonymous_4)
FNDA:0,applyConsent
FNDA:0,activateThirdParty
FNDA:0,(anonymous_7)
FNDA:0,activateCategoryScripts
FNDA:0,(anonymous_9)
FNDA:0,refreshBlockedEmbeds
FNDA:0,(anonymous_11)
FNDA:0,addOverlay
FNDA:0,(anonymous_13)
FNDA:0,removeAllOverlays
FNDA:0,(anonymous_15)
FNDA:0,injectStyles
FNDA:0,buildBanner
FNDA:0,(anonymous_18)
FNDA:0,(anonymous_19)
FNDA:0,showBanner
FNDA:0,hideBanner
FNDA:0,openPreferences
FNDA:0,close
FNDA:0,readToggle
FNDA:0,(anonymous_25)
FNDA:0,(anonymous_26)
FNDA:0,(anonymous_27)
FNDA:0,(anonymous_28)
FNDA:0,esc
FNDA:0,cat
FNDA:0,bindPreferenceLinks
FNDA:0,(anonymous_32)
FNDA:0,(anonymous_33)
FNDA:0,(anonymous_34)
FNDA:0,init
DA:20,0
DA:23,0
DA:24,0
DA:27,0
DA:31,0
DA:32,0
DA:33,0
DA:34,0
DA:35,0
DA:36,0
DA:37,0
DA:38,0
DA:40,0
DA:42,0
DA:47,0
DA:54,0
DA:55,0
DA:57,0
DA:58,0
DA:59,0
DA:66,0
DA:67,0
DA:68,0
DA:82,0
DA:83,0
DA:84,0
DA:85,0
DA:90,0
DA:91,0
DA:92,0
DA:93,0
DA:95,0
DA:100,0
DA:101,0
DA:102,0
DA:103,0
DA:104,0
DA:105,0
DA:106,0
DA:107,0
DA:113,0
DA:114,0
DA:115,0
DA:116,0
DA:117,0
DA:118,0
DA:119,0
DA:121,0
DA:126,0
DA:127,0
DA:128,0
DA:129,0
DA:130,0
DA:131,0
DA:138,0
DA:139,0
DA:140,0
DA:141,0
DA:143,0
DA:147,0
DA:148,0
DA:153,0
DA:154,0
DA:211,0
DA:212,0
DA:213,0
DA:214,0
DA:218,0
DA:220,0
DA:221,0
DA:222,0
DA:223,0
DA:224,0
DA:225,0
DA:226,0
DA:238,0
DA:239,0
DA:240,0
DA:241,0
DA:243,0
DA:244,0
DA:245,0
DA:247,0
DA:248,0
DA:249,0
DA:252,0
DA:253,0
DA:257,0
DA:258,0
DA:259,0
DA:260,0
DA:261,0
DA:262,0
DA:263,0
DA:279,0
DA:281,0
DA:283,0
DA:284,0
DA:286,0
DA:287,0
DA:288,0
DA:290,0
DA:291,0
DA:293,0
DA:294,0
DA:296,0
DA:297,0
DA:298,0
DA:303,0
DA:318,0
DA:319,0
DA:320,0
DA:325,0
DA:328,0
DA:333,0
DA:334,0
DA:335,0
DA:336,0
DA:337,0
DA:339,0
DA:340,0
DA:344,0
DA:345,0
DA:347,0
LF:124
LH:0
BRDA:33,0,0,0
BRDA:33,0,1,0
BRDA:35,1,0,0
BRDA:35,1,1,0
BRDA:35,2,0,0
BRDA:35,2,1,0
BRDA:36,3,0,0
BRDA:36,3,1,0
BRDA:38,4,0,0
BRDA:38,4,1,0
BRDA:38,5,0,0
BRDA:38,5,1,0
BRDA:67,6,0,0
BRDA:67,6,1,0
BRDA:67,7,0,0
BRDA:67,7,1,0
BRDA:67,7,2,0
BRDA:82,8,0,0
BRDA:82,8,1,0
BRDA:83,9,0,0
BRDA:83,9,1,0
BRDA:92,10,0,0
BRDA:92,10,1,0
BRDA:93,11,0,0
BRDA:93,11,1,0
BRDA:93,12,0,0
BRDA:93,12,1,0
BRDA:102,13,0,0
BRDA:102,13,1,0
BRDA:104,14,0,0
BRDA:104,14,1,0
BRDA:115,15,0,0
BRDA:115,15,1,0
BRDA:116,16,0,0
BRDA:116,16,1,0
BRDA:116,17,0,0
BRDA:116,17,1,0
BRDA:116,17,2,0
BRDA:118,18,0,0
BRDA:118,18,1,0
BRDA:121,19,0,0
BRDA:121,19,1,0
BRDA:121,20,0,0
BRDA:121,20,1,0
BRDA:127,21,0,0
BRDA:127,21,1,0
BRDA:127,22,0,0
BRDA:127,22,1,0
BRDA:128,23,0,0
BRDA:128,23,1,0
BRDA:140,24,0,0
BRDA:140,24,1,0
BRDA:153,25,0,0
BRDA:153,25,1,0
BRDA:220,26,0,0
BRDA:220,26,1,0
BRDA:253,27,0,0
BRDA:253,27,1,0
BRDA:257,28,0,0
BRDA:257,28,1,0
BRDA:281,29,0,0
BRDA:281,29,1,0
BRDA:284,30,0,0
BRDA:284,30,1,0
BRDA:296,31,0,0
BRDA:296,31,1,0
BRDA:298,32,0,0
BRDA:298,32,1,0
BRDA:306,33,0,0
BRDA:306,33,1,0
BRDA:309,34,0,0
BRDA:309,34,1,0
BRDA:309,35,0,0
BRDA:309,35,1,0
BRDA:336,36,0,0
BRDA:336,36,1,0
BRDA:344,37,0,0
BRDA:344,37,1,0
BRF:78
BRH:0
end_of_record
TN:
SF:src\js\firebase-config.js
FNF:0
FNH:0
DA:1,0
DA:10,0
DA:28,0
DA:29,0
DA:31,0
DA:32,0
DA:34,0
DA:38,0
DA:39,0
LF:9
LH:0
BRDA:29,0,0,0
BRDA:29,0,1,0
BRDA:29,1,0,0
BRDA:29,1,1,0
BRDA:39,2,0,0
BRDA:39,2,1,0
BRF:6
BRH:0
end_of_record
TN:
SF:src\js\formHandler.js
FN:40,categoryLabel
FN:52,initEmailJS
FN:60,buildEmailText
FN:76,buildUserEmailText
FN:105,(anonymous_4)
FN:114,getOnePieceCount
FN:119,saveRegistration
FN:139,(anonymous_7)
FN:150,handleFormSubmit
FN:269,(anonymous_9)
FN:308,validateForm
FN:326,isValidEmail
FNF:12
FNH:11
FNDA:30,categoryLabel
FNDA:10,initEmailJS
FNDA:10,buildEmailText
FNDA:10,buildUserEmailText
FNDA:260,(anonymous_4)
FNDA:5,getOnePieceCount
FNDA:10,saveRegistration
FNDA:4,(anonymous_7)
FNDA:15,handleFormSubmit
FNDA:0,(anonymous_9)
FNDA:16,validateForm
FNDA:25,isValidEmail
DA:1,1
DA:17,1
DA:19,1
DA:23,1
DA:32,1
DA:41,30
DA:48,1
DA:50,1
DA:53,10
DA:54,10
DA:55,10
DA:61,10
DA:77,10
DA:78,10
DA:105,260
DA:115,5
DA:116,5
DA:120,10
DA:127,10
DA:128,6
DA:129,6
DA:136,4
DA:137,4
DA:139,4
DA:140,4
DA:141,4
DA:142,4
DA:143,1
DA:145,3
DA:146,3
DA:151,15
DA:153,15
DA:154,15
DA:155,15
DA:157,15
DA:162,13
DA:163,13
DA:164,3
DA:165,3
DA:169,2
DA:170,2
DA:171,2
DA:175,11
DA:176,11
DA:177,11
DA:178,11
DA:179,11
DA:181,11
DA:183,11
DA:191,11
DA:192,11
DA:193,0
DA:194,0
DA:196,0
DA:198,0
DA:201,11
DA:205,5
DA:206,5
DA:207,5
DA:209,0
DA:211,5
DA:212,1
DA:213,1
DA:217,10
DA:218,10
DA:219,10
DA:222,10
DA:225,10
DA:236,10
DA:249,10
DA:251,10
DA:256,10
DA:257,9
DA:262,9
DA:267,8
DA:270,0
DA:273,8
DA:274,8
DA:275,8
DA:277,2
DA:279,2
DA:284,1
DA:288,1
DA:289,1
DA:290,1
DA:291,1
DA:294,1
DA:295,1
DA:296,1
DA:298,1
DA:299,1
DA:301,0
DA:305,9
DA:309,16
DA:310,16
DA:311,16
DA:312,16
DA:313,16
DA:314,16
DA:316,16
DA:317,16
DA:318,15
DA:319,16
DA:320,16
DA:321,16
DA:323,16
DA:327,25
DA:330,1
DA:331,1
LF:109
LH:102
BRDA:41,0,0,30
BRDA:41,0,1,0
BRDA:53,1,0,10
BRDA:53,1,1,0
BRDA:53,2,0,10
BRDA:53,2,1,10
BRDA:66,3,0,10
BRDA:66,3,1,10
BRDA:68,4,0,10
BRDA:68,4,1,10
BRDA:85,5,0,10
BRDA:85,5,1,10
BRDA:86,6,0,0
BRDA:86,6,1,10
BRDA:93,7,0,10
BRDA:93,7,1,0
BRDA:94,8,0,10
BRDA:94,8,1,0
BRDA:116,9,0,5
BRDA:116,9,1,0
BRDA:122,10,0,10
BRDA:122,10,1,10
BRDA:127,11,0,6
BRDA:127,11,1,4
BRDA:141,12,0,4
BRDA:141,12,1,0
BRDA:142,13,0,1
BRDA:142,13,1,3
BRDA:155,14,0,14
BRDA:155,14,1,1
BRDA:157,15,0,2
BRDA:157,15,1,13
BRDA:157,16,0,15
BRDA:157,16,1,14
BRDA:163,17,0,3
BRDA:163,17,1,10
BRDA:165,18,0,2
BRDA:165,18,1,1
BRDA:165,19,0,3
BRDA:165,19,1,2
BRDA:181,20,0,0
BRDA:181,20,1,11
BRDA:181,21,0,11
BRDA:181,21,1,11
BRDA:181,21,2,11
BRDA:186,22,0,11
BRDA:186,22,1,0
BRDA:188,23,0,11
BRDA:188,23,1,0
BRDA:192,24,0,0
BRDA:192,24,1,11
BRDA:193,25,0,0
BRDA:193,25,1,0
BRDA:193,26,0,0
BRDA:193,26,1,0
BRDA:201,27,0,5
BRDA:201,27,1,6
BRDA:211,28,0,1
BRDA:211,28,1,4
BRDA:211,29,0,5
BRDA:211,29,1,5
BRDA:217,30,0,10
BRDA:217,30,1,0
BRDA:279,31,0,1
BRDA:279,31,1,1
BRDA:294,32,0,1
BRDA:294,32,1,0
BRDA:298,33,0,1
BRDA:298,33,1,0
BRDA:298,34,0,1
BRDA:298,34,1,1
BRDA:316,35,0,2
BRDA:316,35,1,14
BRDA:316,36,0,16
BRDA:316,36,1,16
BRDA:317,37,0,1
BRDA:317,37,1,15
BRDA:317,38,0,16
BRDA:317,38,1,16
BRDA:318,39,0,1
BRDA:318,39,1,14
BRDA:319,40,0,2
BRDA:319,40,1,14
BRDA:319,41,0,16
BRDA:319,41,1,16
BRDA:320,42,0,0
BRDA:320,42,1,16
BRDA:320,43,0,16
BRDA:320,43,1,1
BRDA:321,44,0,0
BRDA:321,44,1,16
BRDA:321,45,0,16
BRDA:321,45,1,1
BRDA:330,46,0,1
BRDA:330,46,1,0
BRDA:330,47,0,1
BRDA:330,47,1,1
BRF:97
BRH:76
end_of_record
TN:
SF:src\js\gate.js
FN:10,(anonymous_0)
FN:24,pad
FN:26,unlock
FN:32,tick
FN:49,(anonymous_4)
FN:66,resize
FN:78,(anonymous_6)
FN:90,reset
FN:112,(anonymous_8)
FN:119,(anonymous_9)
FN:121,pointerPos
FN:126,onDown
FN:131,onMove
FN:132,onUp
FN:148,drawShip
FN:181,drawRock
FN:199,drawStar
FN:219,makeRock
FN:233,makeStar
FN:240,boom
FN:253,loop
FNF:21
FNH:0
FNDA:0,(anonymous_0)
FNDA:0,pad
FNDA:0,unlock
FNDA:0,tick
FNDA:0,(anonymous_4)
FNDA:0,resize
FNDA:0,(anonymous_6)
FNDA:0,reset
FNDA:0,(anonymous_8)
FNDA:0,(anonymous_9)
FNDA:0,pointerPos
FNDA:0,onDown
FNDA:0,onMove
FNDA:0,onUp
FNDA:0,drawShip
FNDA:0,drawRock
FNDA:0,drawStar
FNDA:0,makeRock
FNDA:0,makeStar
FNDA:0,boom
FNDA:0,loop
DA:10,0
DA:13,0
DA:15,0
DA:16,0
DA:19,0
DA:20,0
DA:21,0
DA:22,0
DA:24,0
DA:27,0
DA:30,0
DA:33,0
DA:34,0
DA:35,0
DA:37,0
DA:38,0
DA:39,0
DA:40,0
DA:41,0
DA:43,0
DA:44,0
DA:47,0
DA:48,0
DA:49,0
DA:52,0
DA:53,0
DA:54,0
DA:61,0
DA:62,0
DA:63,0
DA:65,0
DA:67,0
DA:68,0
DA:69,0
DA:70,0
DA:72,0
DA:73,0
DA:75,0
DA:76,0
DA:77,0
DA:78,0
DA:80,0
DA:81,0
DA:83,0
DA:84,0
DA:85,0
DA:86,0
DA:91,0
DA:92,0
DA:93,0
DA:94,0
DA:95,0
DA:96,0
DA:97,0
DA:99,0
DA:100,0
DA:101,0
DA:102,0
DA:103,0
DA:104,0
DA:106,0
DA:109,0
DA:110,0
DA:112,0
DA:113,0
DA:114,0
DA:115,0
DA:116,0
DA:117,0
DA:119,0
DA:122,0
DA:123,0
DA:124,0
DA:127,0
DA:128,0
DA:129,0
DA:131,0
DA:132,0
DA:134,0
DA:135,0
DA:136,0
DA:137,0
DA:138,0
DA:144,0
DA:145,0
DA:146,0
DA:149,0
DA:150,0
DA:151,0
DA:153,0
DA:154,0
DA:155,0
DA:156,0
DA:159,0
DA:160,0
DA:161,0
DA:162,0
DA:163,0
DA:164,0
DA:165,0
DA:166,0
DA:167,0
DA:168,0
DA:170,0
DA:171,0
DA:173,0
DA:174,0
DA:175,0
DA:176,0
DA:178,0
DA:182,0
DA:183,0
DA:184,0
DA:185,0
DA:186,0
DA:187,0
DA:188,0
DA:189,0
DA:190,0
DA:191,0
DA:192,0
DA:194,0
DA:195,0
DA:196,0
DA:200,0
DA:201,0
DA:202,0
DA:203,0
DA:204,0
DA:205,0
DA:206,0
DA:207,0
DA:208,0
DA:209,0
DA:210,0
DA:211,0
DA:212,0
DA:214,0
DA:215,0
DA:216,0
DA:220,0
DA:221,0
DA:222,0
DA:223,0
DA:224,0
DA:225,0
DA:227,0
DA:234,0
DA:241,0
DA:242,0
DA:254,0
DA:255,0
DA:257,0
DA:258,0
DA:259,0
DA:262,0
DA:263,0
DA:264,0
DA:265,0
DA:266,0
DA:267,0
DA:270,0
DA:271,0
DA:272,0
DA:273,0
DA:274,0
DA:275,0
DA:276,0
DA:277,0
DA:278,0
DA:279,0
DA:280,0
DA:283,0
DA:285,0
DA:286,0
DA:287,0
DA:289,0
DA:290,0
DA:291,0
DA:292,0
DA:293,0
DA:295,0
DA:297,0
DA:300,0
DA:301,0
DA:302,0
DA:303,0
DA:304,0
DA:305,0
DA:309,0
DA:310,0
DA:311,0
DA:312,0
DA:313,0
DA:314,0
DA:315,0
DA:316,0
DA:317,0
DA:318,0
DA:319,0
DA:320,0
DA:326,0
DA:327,0
DA:328,0
DA:329,0
DA:330,0
DA:331,0
DA:332,0
DA:333,0
DA:334,0
DA:335,0
DA:341,0
DA:342,0
DA:345,0
DA:346,0
DA:347,0
DA:348,0
DA:349,0
DA:350,0
DA:351,0
DA:352,0
DA:355,0
DA:357,0
DA:358,0
DA:359,0
DA:360,0
DA:361,0
DA:362,0
DA:363,0
DA:364,0
DA:365,0
DA:366,0
DA:369,0
DA:371,0
LF:234
LH:0
BRDA:16,0,0,0
BRDA:16,0,1,0
BRDA:34,1,0,0
BRDA:34,1,1,0
BRDA:37,2,0,0
BRDA:37,2,1,0
BRDA:37,3,0,0
BRDA:37,3,1,0
BRDA:48,4,0,0
BRDA:48,4,1,0
BRDA:62,5,0,0
BRDA:62,5,1,0
BRDA:67,6,0,0
BRDA:67,6,1,0
BRDA:85,7,0,0
BRDA:85,7,1,0
BRDA:85,8,0,0
BRDA:85,8,1,0
BRDA:86,9,0,0
BRDA:86,9,1,0
BRDA:104,10,0,0
BRDA:104,10,1,0
BRDA:113,11,0,0
BRDA:113,11,1,0
BRDA:114,12,0,0
BRDA:114,12,1,0
BRDA:116,13,0,0
BRDA:116,13,1,0
BRDA:117,14,0,0
BRDA:117,14,1,0
BRDA:117,15,0,0
BRDA:117,15,1,0
BRDA:117,15,2,0
BRDA:123,16,0,0
BRDA:123,16,1,0
BRDA:128,17,0,0
BRDA:128,17,1,0
BRDA:131,18,0,0
BRDA:131,18,1,0
BRDA:149,19,0,0
BRDA:149,19,1,0
BRDA:170,20,0,0
BRDA:170,20,1,0
BRDA:192,21,0,0
BRDA:192,21,1,0
BRDA:247,22,0,0
BRDA:247,22,1,0
BRDA:254,23,0,0
BRDA:254,23,1,0
BRDA:264,24,0,0
BRDA:264,24,1,0
BRDA:264,25,0,0
BRDA:264,25,1,0
BRDA:265,26,0,0
BRDA:265,26,1,0
BRDA:270,27,0,0
BRDA:270,27,1,0
BRDA:283,28,0,0
BRDA:283,28,1,0
BRDA:286,29,0,0
BRDA:286,29,1,0
BRDA:290,30,0,0
BRDA:290,30,1,0
BRDA:290,31,0,0
BRDA:290,31,1,0
BRDA:290,31,2,0
BRDA:291,32,0,0
BRDA:291,32,1,0
BRDA:291,33,0,0
BRDA:291,33,1,0
BRDA:291,33,2,0
BRDA:302,34,0,0
BRDA:302,34,1,0
BRDA:305,35,0,0
BRDA:305,35,1,0
BRDA:312,36,0,0
BRDA:312,36,1,0
BRDA:314,37,0,0
BRDA:314,37,1,0
BRDA:317,38,0,0
BRDA:317,38,1,0
BRDA:320,39,0,0
BRDA:320,39,1,0
BRDA:329,40,0,0
BRDA:329,40,1,0
BRDA:330,41,0,0
BRDA:330,41,1,0
BRDA:333,42,0,0
BRDA:333,42,1,0
BRDA:348,43,0,0
BRDA:348,43,1,0
BRDA:355,44,0,0
BRDA:355,44,1,0
BRF:93
BRH:0
end_of_record
TN:
SF:src\js\navigation.js
FN:9,scrollToSection
FN:22,getAnchorHash
FN:37,initSmoothScrollLinks
FN:41,(anonymous_3)
FN:45,(anonymous_4)
FN:55,initMobileMenu
FN:63,(anonymous_6)
FN:70,(anonymous_7)
FN:75,(anonymous_8)
FN:76,(anonymous_9)
FN:81,(anonymous_10)
FN:88,(anonymous_11)
FN:95,(anonymous_12)
FNF:13
FNH:9
FNDA:4,scrollToSection
FNDA:14,getAnchorHash
FNDA:4,initSmoothScrollLinks
FNDA:6,(anonymous_3)
FNDA:1,(anonymous_4)
FNDA:1,initMobileMenu
FNDA:2,(anonymous_6)
FNDA:1,(anonymous_7)
FNDA:0,(anonymous_8)
FNDA:0,(anonymous_9)
FNDA:0,(anonymous_10)
FNDA:1,(anonymous_11)
FNDA:0,(anonymous_12)
DA:10,4
DA:11,4
DA:12,1
DA:14,3
DA:15,3
DA:23,14
DA:24,2
DA:26,12
DA:27,12
DA:28,5
DA:30,7
DA:38,4
DA:39,4
DA:41,4
DA:42,6
DA:43,6
DA:45,5
DA:46,1
DA:47,1
DA:49,5
DA:52,4
DA:56,1
DA:57,1
DA:59,1
DA:60,0
DA:63,1
DA:64,2
DA:65,2
DA:66,2
DA:67,2
DA:70,1
DA:71,1
DA:72,1
DA:75,1
DA:76,0
DA:77,0
DA:81,1
DA:82,0
DA:83,0
DA:88,1
DA:89,1
DA:90,1
DA:91,0
DA:95,1
DA:96,0
DA:99,1
DA:100,1
DA:103,1
DA:104,1
LF:49
LH:42
BRDA:11,0,0,1
BRDA:11,0,1,3
BRDA:23,1,0,2
BRDA:23,1,1,12
BRDA:23,2,0,14
BRDA:23,2,1,12
BRDA:27,3,0,5
BRDA:27,3,1,7
BRDA:27,4,0,12
BRDA:27,4,1,11
BRDA:27,4,2,9
BRDA:43,5,0,1
BRDA:43,5,1,5
BRDA:59,6,0,0
BRDA:59,6,1,1
BRDA:59,7,0,1
BRDA:59,7,1,1
BRDA:82,8,0,0
BRDA:82,8,1,0
BRDA:89,9,0,0
BRDA:89,9,1,1
BRDA:90,10,0,1
BRDA:90,10,1,0
BRDA:90,11,0,1
BRDA:90,11,1,1
BRDA:96,12,0,0
BRDA:96,12,1,0
BRDA:103,13,0,1
BRDA:103,13,1,0
BRDA:103,14,0,1
BRDA:103,14,1,1
BRF:31
BRH:23
end_of_record
TN:
SF:src\js\scrollObserver.js
FN:6,createScrollObserver
FN:10,(anonymous_1)
FN:11,(anonymous_2)
FN:28,initScrollAnimations
FN:32,(anonymous_4)
FNF:5
FNH:5
FNDA:11,createScrollObserver
FNDA:5,(anonymous_1)
FNDA:7,(anonymous_2)
FNDA:4,initScrollAnimations
FNDA:3,(anonymous_4)
DA:7,11
DA:9,11
DA:11,5
DA:12,7
DA:13,4
DA:14,4
DA:21,11
DA:29,4
DA:30,4
DA:32,4
DA:34,4
DA:37,1
DA:38,1
LF:13
LH:13
BRDA:7,0,0,11
BRDA:7,0,1,2
BRDA:7,0,2,9
BRDA:12,1,0,4
BRDA:12,1,1,3
BRDA:37,2,0,1
BRDA:37,2,1,0
BRDA:37,3,0,1
BRDA:37,3,1,1
BRF:9
BRH:8
end_of_record
TN:
SF:src\js\tailwind.min.js
FN:1,(anonymous_0)
FN:1,(anonymous_1)
FN:1,(anonymous_2)
FN:1,(anonymous_3)
FN:1,(anonymous_4)
FN:1,(anonymous_5)
FN:1,(anonymous_6)
FN:1,(anonymous_7)
FN:1,(anonymous_8)
FN:1,(anonymous_9)
FN:1,(anonymous_10)
FN:1,(anonymous_11)
FN:1,(anonymous_12)
FN:1,(anonymous_13)
FN:1,(anonymous_14)
FN:1,(anonymous_15)
FN:1,(anonymous_16)
FN:1,(anonymous_17)
FN:1,(anonymous_18)
FN:1,(anonymous_19)
FN:1,(anonymous_20)
FN:1,(anonymous_21)
FN:1,(anonymous_22)
FN:1,(anonymous_23)
FN:1,(anonymous_24)
FN:1,(anonymous_25)
FN:1,(anonymous_26)
FN:1,(anonymous_27)
FN:1,(anonymous_28)
FN:1,(anonymous_29)
FN:1,(anonymous_30)
FN:1,(anonymous_31)
FN:1,(anonymous_32)
FN:1,(anonymous_33)
FN:1,(anonymous_34)
FN:1,(anonymous_35)
FN:1,(anonymous_36)
FN:1,(anonymous_37)
FN:1,(anonymous_38)
FN:1,(anonymous_39)
FN:1,(anonymous_40)
FN:1,(anonymous_41)
FN:1,Wi
FN:1,(anonymous_43)
FN:1,xt
FN:1,(anonymous_45)
FN:1,(anonymous_46)
FN:1,(anonymous_47)
FN:1,kf
FN:1,(anonymous_49)
FN:1,(anonymous_50)
FN:1,(anonymous_51)
FN:1,(anonymous_52)
FN:1,(anonymous_53)
FN:1,(anonymous_54)
FN:1,js
FN:1,(anonymous_56)
FN:1,zs
FN:1,(anonymous_58)
FN:1,(anonymous_59)
FN:1,(anonymous_60)
FN:1,(anonymous_61)
FN:1,(anonymous_62)
FN:1,qr
FN:1,(anonymous_64)
FN:1,(anonymous_65)
FN:1,(anonymous_66)
FN:1,(anonymous_67)
FN:1,(anonymous_68)
FN:1,(anonymous_69)
FN:1,Hs
FN:1,(anonymous_71)
FN:1,kt
FN:1,(anonymous_73)
FN:1,we
FN:1,Tf
FN:1,(anonymous_76)
FN:1,Rf
FN:1,(anonymous_78)
FN:1,(anonymous_79)
FN:1,Pf
FN:1,(anonymous_81)
FN:1,(anonymous_82)
FN:1,(anonymous_83)
FN:1,(anonymous_84)
FN:1,(anonymous_85)
FN:1,(anonymous_86)
FN:1,(anonymous_87)
FN:1,(anonymous_88)
FN:1,(anonymous_89)
FN:1,(anonymous_90)
FN:1,(anonymous_91)
FN:1,(anonymous_92)
FN:1,(anonymous_93)
FN:1,(anonymous_94)
FN:1,(anonymous_95)
FN:1,ke
FN:1,(anonymous_97)
FN:1,St
FN:1,(anonymous_99)
FN:1,(anonymous_100)
FN:1,(anonymous_101)
FN:1,jt
FN:1,(anonymous_103)
FN:1,(anonymous_104)
FN:1,$r
FN:1,(anonymous_106)
FN:1,(anonymous_107)
FN:1,(anonymous_108)
FN:1,(anonymous_109)
FN:1,(anonymous_110)
FN:1,Gs
FN:1,(anonymous_112)
FN:1,Je
FN:1,Ae
FN:1,(anonymous_115)
FN:1,(anonymous_116)
FN:1,(anonymous_117)
FN:1,(anonymous_118)
FN:1,(anonymous_119)
FN:1,ve
FN:1,(anonymous_121)
FN:1,en
FN:1,(anonymous_123)
FN:1,Lf
FN:1,(anonymous_125)
FN:1,(anonymous_126)
FN:1,Ks
FN:1,(anonymous_128)
FN:1,K
FN:1,(anonymous_130)
FN:1,(anonymous_131)
FN:1,Ye
FN:1,(anonymous_133)
FN:1,Yv
FN:1,(anonymous_135)
FN:1,s
FN:1,(anonymous_137)
FN:1,(anonymous_138)
FN:1,(anonymous_139)
FN:1,(anonymous_140)
FN:1,(anonymous_141)
FN:1,(anonymous_142)
FN:1,Xs
FN:1,Zs
FN:1,Mr
FN:1,Nr
FN:1,Mf
FN:1,Nf
FN:1,Bf
FN:1,(anonymous_150)
FN:1,Ff
FN:1,(anonymous_152)
FN:1,(anonymous_153)
FN:1,ex
FN:1,jf
FN:1,(anonymous_156)
FN:1,zf
FN:1,(anonymous_158)
FN:1,Uf
FN:1,Vf
FN:1,Hf
FN:1,(anonymous_162)
FN:1,Wf
FN:1,(anonymous_164)
FN:1,(anonymous_165)
FN:1,(anonymous_166)
FN:1,Qf
FN:1,(anonymous_168)
FN:1,Yf
FN:1,sx
FN:1,tn
FN:1,(anonymous_172)
FN:1,_t
FN:1,Kf
FN:1,Xt
FN:1,(anonymous_176)
FN:1,Xf
FN:1,ax
FN:1,ox
FN:1,qe
FN:1,(anonymous_181)
FN:1,lx
FN:1,ea
FN:1,ta
FN:1,(anonymous_185)
FN:1,X
FN:1,(anonymous_187)
FN:1,Zt
FN:1,jr
FN:1,ux
FN:1,fx
FN:1,(anonymous_192)
FN:1,(anonymous_193)
FN:1,cx
FN:1,(anonymous_195)
FN:1,Jf
FN:1,px
FN:1,(anonymous_198)
FN:1,(anonymous_199)
FN:1,(anonymous_200)
FN:1,dx
FN:1,hx
FN:1,(anonymous_203)
FN:1,(anonymous_204)
FN:1,ec
FN:1,(anonymous_206)
FN:1,(anonymous_207)
FN:1,mx
FN:1,(anonymous_209)
FN:1,gx
FN:1,(anonymous_211)
FN:1,na
FN:1,(anonymous_213)
FN:1,(anonymous_214)
FN:1,(anonymous_215)
FN:1,(anonymous_216)
FN:1,(anonymous_217)
FN:1,(anonymous_218)
FN:1,(anonymous_219)
FN:1,(anonymous_220)
FN:1,(anonymous_221)
FN:1,(anonymous_222)
FN:1,(anonymous_223)
FN:1,(anonymous_224)
FN:1,(anonymous_225)
FN:1,(anonymous_226)
FN:1,(anonymous_227)
FN:1,(anonymous_228)
FN:1,(anonymous_229)
FN:1,(anonymous_230)
FN:1,(anonymous_231)
FN:1,(anonymous_232)
FN:1,(anonymous_233)
FN:1,(anonymous_234)
FN:1,(anonymous_235)
FN:1,(anonymous_236)
FN:1,(anonymous_237)
FN:1,(anonymous_238)
FN:1,(anonymous_239)
FN:1,(anonymous_240)
FN:1,(anonymous_241)
FN:1,(anonymous_242)
FN:1,(anonymous_243)
FN:1,(anonymous_244)
FN:1,(anonymous_245)
FN:1,(anonymous_246)
FN:1,(anonymous_247)
FN:1,(anonymous_248)
FN:1,(anonymous_249)
FN:1,(anonymous_250)
FN:1,(anonymous_251)
FN:1,(anonymous_252)
FN:1,(anonymous_253)
FN:1,(anonymous_254)
FN:1,(anonymous_255)
FN:1,(anonymous_256)
FN:1,(anonymous_257)
FN:1,(anonymous_258)
FN:1,(anonymous_259)
FN:1,(anonymous_260)
FN:1,(anonymous_261)
FN:1,(anonymous_262)
FN:1,(anonymous_263)
FN:1,(anonymous_264)
FN:1,(anonymous_265)
FN:1,(anonymous_266)
FN:1,(anonymous_267)
FN:1,(anonymous_268)
FN:1,(anonymous_269)
FN:1,(anonymous_270)
FN:1,(anonymous_271)
FN:1,(anonymous_272)
FN:1,(anonymous_273)
FN:1,nn
FN:1,(anonymous_275)
FN:1,(anonymous_276)
FN:1,(anonymous_277)
FN:1,(anonymous_278)
FN:1,(anonymous_279)
FN:1,(anonymous_280)
FN:1,zr
FN:1,(anonymous_282)
FN:1,(anonymous_283)
FN:1,(anonymous_284)
FN:1,(anonymous_285)
FN:1,(anonymous_286)
FN:1,sn
FN:1,bx
FN:1,ac
FN:1,aa
FN:1,wx
FN:1,(anonymous_292)
FN:1,(anonymous_293)
FN:1,(anonymous_294)
FN:1,(anonymous_295)
FN:1,(anonymous_296)
FN:1,(anonymous_297)
FN:1,(anonymous_298)
FN:1,(anonymous_299)
FN:1,(anonymous_300)
FN:1,(anonymous_301)
FN:1,(anonymous_302)
FN:1,(anonymous_303)
FN:1,(anonymous_304)
FN:1,(anonymous_305)
FN:1,(anonymous_306)
FN:1,(anonymous_307)
FN:4,(anonymous_308)
FN:7,(anonymous_309)
FN:12,vx
FN:12,(anonymous_311)
FN:12,(anonymous_312)
FN:12,(anonymous_313)
FN:13,(anonymous_314)
FN:13,(anonymous_315)
FN:13,(anonymous_316)
FN:13,(anonymous_317)
FN:13,(anonymous_318)
FN:13,(anonymous_319)
FN:13,(anonymous_320)
FN:13,(anonymous_321)
FN:13,(anonymous_322)
FN:14,(anonymous_323)
FN:14,(anonymous_324)
FN:15,(anonymous_325)
FN:15,(anonymous_326)
FN:16,(anonymous_327)
FN:16,(anonymous_328)
FN:16,(anonymous_329)
FN:16,(anonymous_330)
FN:17,(anonymous_331)
FN:17,(anonymous_332)
FN:17,(anonymous_333)
FN:17,(anonymous_334)
FN:17,(anonymous_335)
FN:17,(anonymous_336)
FN:18,(anonymous_337)
FN:18,(anonymous_338)
FN:18,(anonymous_339)
FN:18,(anonymous_340)
FN:18,(anonymous_341)
FN:18,(anonymous_342)
FN:18,(anonymous_343)
FN:18,ca
FN:18,(anonymous_345)
FN:18,(anonymous_346)
FN:18,da
FN:18,(anonymous_348)
FN:18,Wr
FN:19,(anonymous_350)
FN:19,(anonymous_351)
FN:19,(anonymous_352)
FN:19,(anonymous_353)
FN:19,(anonymous_354)
FN:19,(anonymous_355)
FN:19,(anonymous_356)
FN:19,(anonymous_357)
FN:19,(anonymous_358)
FN:19,(anonymous_359)
FN:19,(anonymous_360)
FN:19,(anonymous_361)
FN:19,(anonymous_362)
FN:19,(anonymous_363)
FN:19,(anonymous_364)
FN:19,(anonymous_365)
FN:19,(anonymous_366)
FN:19,(anonymous_367)
FN:19,(anonymous_368)
FN:20,(anonymous_369)
FN:20,(anonymous_370)
FN:20,(anonymous_371)
FN:20,(anonymous_372)
FN:20,(anonymous_373)
FN:20,(anonymous_374)
FN:20,(anonymous_375)
FN:20,(anonymous_376)
FN:20,(anonymous_377)
FN:20,(anonymous_378)
FN:20,(anonymous_379)
FN:20,(anonymous_380)
FN:20,(anonymous_381)
FN:20,(anonymous_382)
FN:20,(anonymous_383)
FN:20,(anonymous_384)
FN:20,(anonymous_385)
FN:20,(anonymous_386)
FN:20,(anonymous_387)
FN:20,(anonymous_388)
FN:20,Ac
FN:20,(anonymous_390)
FN:20,Cc
FN:20,(anonymous_392)
FN:20,(anonymous_393)
FN:20,(anonymous_394)
FN:20,(anonymous_395)
FN:20,(anonymous_396)
FN:20,(anonymous_397)
FN:20,(anonymous_398)
FN:20,(anonymous_399)
FN:20,(anonymous_400)
FN:20,(anonymous_401)
FN:20,(anonymous_402)
FN:20,(anonymous_403)
FN:20,(anonymous_404)
FN:20,(anonymous_405)
FN:20,(anonymous_406)
FN:20,(anonymous_407)
FN:20,(anonymous_408)
FN:20,(anonymous_409)
FN:20,(anonymous_410)
FN:20,(anonymous_411)
FN:20,(anonymous_412)
FN:20,(anonymous_413)
FN:20,(anonymous_414)
FN:20,(anonymous_415)
FN:20,(anonymous_416)
FN:20,(anonymous_417)
FN:20,(anonymous_418)
FN:20,(anonymous_419)
FN:20,(anonymous_420)
FN:20,(anonymous_421)
FN:20,(anonymous_422)
FN:20,(anonymous_423)
FN:20,(anonymous_424)
FN:20,(anonymous_425)
FN:20,(anonymous_426)
FN:20,(anonymous_427)
FN:20,(anonymous_428)
FN:20,(anonymous_429)
FN:20,(anonymous_430)
FN:20,(anonymous_431)
FN:20,(anonymous_432)
FN:20,(anonymous_433)
FN:20,(anonymous_434)
FN:20,(anonymous_435)
FN:20,(anonymous_436)
FN:20,(anonymous_437)
FN:20,(anonymous_438)
FN:20,(anonymous_439)
FN:20,(anonymous_440)
FN:20,(anonymous_441)
FN:20,(anonymous_442)
FN:20,(anonymous_443)
FN:20,(anonymous_444)
FN:20,(anonymous_445)
FN:20,(anonymous_446)
FN:20,(anonymous_447)
FN:20,(anonymous_448)
FN:20,(anonymous_449)
FN:20,(anonymous_450)
FN:20,(anonymous_451)
FN:20,(anonymous_452)
FN:20,(anonymous_453)
FN:20,(anonymous_454)
FN:20,(anonymous_455)
FN:20,(anonymous_456)
FN:20,(anonymous_457)
FN:20,(anonymous_458)
FN:20,(anonymous_459)
FN:20,(anonymous_460)
FN:20,(anonymous_461)
FN:21,(anonymous_462)
FN:21,(anonymous_463)
FN:21,(anonymous_464)
FN:21,(anonymous_465)
FN:21,(anonymous_466)
FN:21,(anonymous_467)
FN:21,(anonymous_468)
FN:21,(anonymous_469)
FN:21,(anonymous_470)
FN:21,(anonymous_471)
FN:21,(anonymous_472)
FN:21,(anonymous_473)
FN:21,(anonymous_474)
FN:21,(anonymous_475)
FN:22,(anonymous_476)
FN:22,(anonymous_477)
FN:22,(anonymous_478)
FN:22,(anonymous_479)
FN:22,(anonymous_480)
FN:22,(anonymous_481)
FN:22,ei
FN:22,(anonymous_483)
FN:22,(anonymous_484)
FN:22,(anonymous_485)
FN:22,(anonymous_486)
FN:22,(anonymous_487)
FN:22,(anonymous_488)
FN:22,(anonymous_489)
FN:23,(anonymous_490)
FN:23,S
FN:23,E
FN:23,T
FN:23,B
FN:23,N
FN:23,(anonymous_496)
FN:23,l1
FN:23,(anonymous_498)
FN:23,(anonymous_499)
FN:23,(anonymous_500)
FN:23,(anonymous_501)
FN:23,(anonymous_502)
FN:23,(anonymous_503)
FN:23,(anonymous_504)
FN:23,(anonymous_505)
FN:23,(anonymous_506)
FN:23,(anonymous_507)
FN:23,(anonymous_508)
FN:23,(anonymous_509)
FN:23,(anonymous_510)
FN:23,(anonymous_511)
FN:23,(anonymous_512)
FN:23,(anonymous_513)
FN:23,(anonymous_514)
FN:23,(anonymous_515)
FN:23,(anonymous_516)
FN:23,(anonymous_517)
FN:23,(anonymous_518)
FN:23,(anonymous_519)
FN:23,(anonymous_520)
FN:23,(anonymous_521)
FN:23,(anonymous_522)
FN:23,(anonymous_523)
FN:23,(anonymous_524)
FN:23,(anonymous_525)
FN:23,(anonymous_526)
FN:23,(anonymous_527)
FN:23,(anonymous_528)
FN:23,(anonymous_529)
FN:23,An
FN:23,(anonymous_531)
FN:23,(anonymous_532)
FN:23,(anonymous_533)
FN:23,(anonymous_534)
FN:23,(anonymous_535)
FN:23,(anonymous_536)
FN:23,(anonymous_537)
FN:23,(anonymous_538)
FN:23,(anonymous_539)
FN:23,(anonymous_540)
FN:23,(anonymous_541)
FN:23,(anonymous_542)
FN:23,(anonymous_543)
FN:23,ri
FN:23,pp
FN:23,dp
FN:23,_a
FN:23,(anonymous_548)
FN:23,(anonymous_549)
FN:23,(anonymous_550)
FN:23,(anonymous_551)
FN:23,(anonymous_552)
FN:23,(anonymous_553)
FN:23,(anonymous_554)
FN:23,(anonymous_555)
FN:23,(anonymous_556)
FN:23,(anonymous_557)
FN:23,(anonymous_558)
FN:23,(anonymous_559)
FN:23,(anonymous_560)
FN:23,(anonymous_561)
FN:23,(anonymous_562)
FN:23,(anonymous_563)
FN:23,(anonymous_564)
FN:23,(anonymous_565)
FN:23,(anonymous_566)
FN:23,(anonymous_567)
FN:23,(anonymous_568)
FN:23,(anonymous_569)
FN:23,(anonymous_570)
FN:23,(anonymous_571)
FN:23,(anonymous_572)
FN:23,(anonymous_573)
FN:23,(anonymous_574)
FN:23,(anonymous_575)
FN:23,(anonymous_576)
FN:23,(anonymous_577)
FN:23,(anonymous_578)
FN:23,(anonymous_579)
FN:23,(anonymous_580)
FN:23,(anonymous_581)
FN:23,(anonymous_582)
FN:23,(anonymous_583)
FN:23,(anonymous_584)
FN:23,(anonymous_585)
FN:23,(anonymous_586)
FN:23,(anonymous_587)
FN:23,(anonymous_588)
FN:23,(anonymous_589)
FN:23,(anonymous_590)
FN:23,(anonymous_591)
FN:23,(anonymous_592)
FN:23,(anonymous_593)
FN:23,(anonymous_594)
FN:23,(anonymous_595)
FN:23,(anonymous_596)
FN:23,(anonymous_597)
FN:23,(anonymous_598)
FN:23,(anonymous_599)
FN:23,(anonymous_600)
FN:23,(anonymous_601)
FN:23,(anonymous_602)
FN:23,(anonymous_603)
FN:23,J
FN:23,(anonymous_605)
FN:23,n
FN:25,(anonymous_607)
FN:25,(anonymous_608)
FN:25,(anonymous_609)
FN:25,(anonymous_610)
FN:25,(anonymous_611)
FN:25,(anonymous_612)
FN:25,(anonymous_613)
FN:25,(anonymous_614)
FN:25,(anonymous_615)
FN:25,(anonymous_616)
FN:25,(anonymous_617)
FN:25,(anonymous_618)
FN:25,z1
FN:25,V1
FN:25,(anonymous_621)
FN:25,H1
FN:25,(anonymous_623)
FN:25,W1
FN:25,(anonymous_625)
FN:25,G1
FN:25,(anonymous_627)
FN:25,$n
FN:25,(anonymous_629)
FN:25,$p
FN:25,Z1
FN:25,r
FN:25,(anonymous_633)
FN:25,(anonymous_634)
FN:25,r
FN:25,(anonymous_636)
FN:25,(anonymous_637)
FN:25,(anonymous_638)
FN:25,(anonymous_639)
FN:25,(anonymous_640)
FN:25,(anonymous_641)
FN:25,(anonymous_642)
FN:25,(anonymous_643)
FN:25,(anonymous_644)
FN:25,(anonymous_645)
FN:25,(anonymous_646)
FN:25,(anonymous_647)
FN:25,(anonymous_648)
FN:25,(anonymous_649)
FN:25,(anonymous_650)
FN:25,(anonymous_651)
FN:25,(anonymous_652)
FN:25,(anonymous_653)
FN:25,Mp
FN:25,(anonymous_655)
FN:25,hk
FN:25,mk
FN:25,gk
FN:25,(anonymous_659)
FN:26,yk
FN:26,Np
FN:26,Bp
FN:26,bk
FN:26,wk
FN:26,Pa
FN:26,(anonymous_666)
FN:26,(anonymous_667)
FN:26,e
FN:26,(anonymous_669)
FN:26,(anonymous_670)
FN:26,(anonymous_671)
FN:26,(anonymous_672)
FN:26,(anonymous_673)
FN:26,(anonymous_674)
FN:26,(anonymous_675)
FN:26,(anonymous_676)
FN:26,(anonymous_677)
FN:26,(anonymous_678)
FN:26,(anonymous_679)
FN:26,(anonymous_680)
FN:26,(anonymous_681)
FN:26,(anonymous_682)
FN:26,(anonymous_683)
FN:26,(anonymous_684)
FN:26,(anonymous_685)
FN:26,(anonymous_686)
FN:26,(anonymous_687)
FN:26,(anonymous_688)
FN:26,(anonymous_689)
FN:26,(anonymous_690)
FN:26,(anonymous_691)
FN:26,(anonymous_692)
FN:26,(anonymous_693)
FN:26,(anonymous_694)
FN:26,(anonymous_695)
FN:26,(anonymous_696)
FN:26,(anonymous_697)
FN:26,(anonymous_698)
FN:26,(anonymous_699)
FN:26,(anonymous_700)
FN:26,(anonymous_701)
FN:26,(anonymous_702)
FN:26,(anonymous_703)
FN:26,(anonymous_704)
FN:26,(anonymous_705)
FN:26,(anonymous_706)
FN:26,(anonymous_707)
FN:26,(anonymous_708)
FN:26,(anonymous_709)
FN:26,(anonymous_710)
FN:26,(anonymous_711)
FN:26,(anonymous_712)
FN:26,(anonymous_713)
FN:26,(anonymous_714)
FN:26,(anonymous_715)
FN:26,Sk
FN:26,jp
FN:26,Ak
FN:26,Ck
FN:26,Ia
FN:26,(anonymous_721)
FN:26,(anonymous_722)
FN:26,e
FN:26,(anonymous_724)
FN:26,(anonymous_725)
FN:26,(anonymous_726)
FN:26,(anonymous_727)
FN:26,(anonymous_728)
FN:26,Tk
FN:26,Rk
FN:26,qa
FN:26,(anonymous_732)
FN:26,(anonymous_733)
FN:26,e
FN:26,(anonymous_735)
FN:26,(anonymous_736)
FN:26,r
FN:26,(anonymous_738)
FN:26,(anonymous_739)
FN:26,Hp
FN:26,Wp
FN:26,zk
FN:26,Uk
FN:26,Ma
FN:26,(anonymous_745)
FN:26,(anonymous_746)
FN:26,e
FN:26,(anonymous_748)
FN:26,(anonymous_749)
FN:26,(anonymous_750)
FN:26,(anonymous_751)
FN:26,Gk
FN:26,Qk
FN:26,Ba
FN:26,(anonymous_755)
FN:26,(anonymous_756)
FN:26,e
FN:26,(anonymous_758)
FN:26,Zk
FN:26,Jk
FN:26,ja
FN:26,(anonymous_762)
FN:26,(anonymous_763)
FN:26,e
FN:26,(anonymous_765)
FN:26,(anonymous_766)
FN:26,Kp
FN:26,Xp
FN:26,nS
FN:26,sS
FN:26,Ua
FN:26,(anonymous_772)
FN:26,(anonymous_773)
FN:26,e
FN:26,(anonymous_775)
FN:26,(anonymous_776)
FN:26,(anonymous_777)
FN:26,(anonymous_778)
FN:26,(anonymous_779)
FN:26,(anonymous_780)
FN:26,(anonymous_781)
FN:26,(anonymous_782)
FN:26,uS
FN:26,fS
FN:26,Va
FN:26,(anonymous_786)
FN:26,(anonymous_787)
FN:26,e
FN:26,(anonymous_789)
FN:26,hS
FN:26,mS
FN:26,Wa
FN:26,(anonymous_793)
FN:26,(anonymous_794)
FN:26,e
FN:26,(anonymous_796)
FN:26,wS
FN:26,vS
FN:26,Qa
FN:26,(anonymous_800)
FN:26,(anonymous_801)
FN:26,e
FN:26,(anonymous_803)
FN:26,(anonymous_804)
FN:26,kS
FN:26,(anonymous_806)
FN:26,(anonymous_807)
FN:26,(anonymous_808)
FN:26,Xa
FN:26,nd
FN:26,_S
FN:26,ES
FN:26,Za
FN:26,(anonymous_814)
FN:26,(anonymous_815)
FN:26,(anonymous_816)
FN:26,(anonymous_817)
FN:26,Ja
FN:26,IS
FN:26,(anonymous_820)
FN:26,e
FN:26,(anonymous_822)
FN:26,(anonymous_823)
FN:26,(anonymous_824)
FN:26,(anonymous_825)
FN:26,(anonymous_826)
FN:26,(anonymous_827)
FN:26,(anonymous_828)
FN:26,(anonymous_829)
FN:26,(anonymous_830)
FN:26,(anonymous_831)
FN:26,(anonymous_832)
FN:26,(anonymous_833)
FN:26,(anonymous_834)
FN:26,(anonymous_835)
FN:26,(anonymous_836)
FN:26,(anonymous_837)
FN:26,(anonymous_838)
FN:26,(anonymous_839)
FN:26,(anonymous_840)
FN:26,(anonymous_841)
FN:26,(anonymous_842)
FN:26,(anonymous_843)
FN:26,(anonymous_844)
FN:26,(anonymous_845)
FN:26,(anonymous_846)
FN:26,(anonymous_847)
FN:26,sd
FN:26,(anonymous_849)
FN:26,$S
FN:26,LS
FN:26,ro
FN:26,(anonymous_853)
FN:26,(anonymous_854)
FN:26,e
FN:26,(anonymous_856)
FN:26,FS
FN:26,jS
FN:26,no
FN:26,(anonymous_860)
FN:26,(anonymous_861)
FN:26,e
FN:26,(anonymous_863)
FN:26,HS
FN:26,WS
FN:26,ao
FN:26,(anonymous_867)
FN:26,(anonymous_868)
FN:26,e
FN:26,(anonymous_870)
FN:26,QS
FN:26,(anonymous_872)
FN:26,(anonymous_873)
FN:26,(anonymous_874)
FN:26,pd
FN:26,(anonymous_876)
FN:26,CA
FN:26,OA
FN:26,TA
FN:26,PA
FN:26,B
FN:27,(anonymous_882)
FN:27,yd
FN:27,(anonymous_884)
FN:27,Vn
FN:27,je
FN:27,bd
FN:27,jA
FN:27,wd
FN:27,vd
FN:27,Ht
FN:27,sr
FN:27,go
FN:27,ar
FN:27,yo
FN:27,UA
FN:27,(anonymous_897)
FN:27,(anonymous_898)
FN:27,r
FN:27,(anonymous_900)
FN:27,(anonymous_901)
FN:27,(anonymous_902)
FN:27,(anonymous_903)
FN:27,(anonymous_904)
FN:27,(anonymous_905)
FN:27,(anonymous_906)
FN:27,(anonymous_907)
FN:27,(anonymous_908)
FN:27,(anonymous_909)
FN:27,(anonymous_910)
FN:27,(anonymous_911)
FN:27,(anonymous_912)
FN:27,(anonymous_913)
FN:27,(anonymous_914)
FN:27,(anonymous_915)
FN:27,(anonymous_916)
FN:27,(anonymous_917)
FN:27,(anonymous_918)
FN:27,(anonymous_919)
FN:27,(anonymous_920)
FN:27,(anonymous_921)
FN:27,(anonymous_922)
FN:27,(anonymous_923)
FN:27,(anonymous_924)
FN:27,(anonymous_925)
FN:27,(anonymous_926)
FN:27,(anonymous_927)
FN:27,(anonymous_928)
FN:27,(anonymous_929)
FN:27,(anonymous_930)
FN:27,(anonymous_931)
FN:27,(anonymous_932)
FN:27,(anonymous_933)
FN:27,(anonymous_934)
FN:27,(anonymous_935)
FN:27,(anonymous_936)
FN:27,(anonymous_937)
FN:27,(anonymous_938)
FN:27,(anonymous_939)
FN:27,(anonymous_940)
FN:27,(anonymous_941)
FN:27,(anonymous_942)
FN:27,(anonymous_943)
FN:27,(anonymous_944)
FN:27,(anonymous_945)
FN:27,(anonymous_946)
FN:27,WA
FN:27,(anonymous_948)
FN:27,r
FN:27,(anonymous_950)
FN:27,(anonymous_951)
FN:27,(anonymous_952)
FN:27,(anonymous_953)
FN:27,(anonymous_954)
FN:27,(anonymous_955)
FN:27,(anonymous_956)
FN:27,(anonymous_957)
FN:27,(anonymous_958)
FN:27,(anonymous_959)
FN:27,(anonymous_960)
FN:27,(anonymous_961)
FN:27,(anonymous_962)
FN:27,(anonymous_963)
FN:27,(anonymous_964)
FN:27,(anonymous_965)
FN:27,(anonymous_966)
FN:27,(anonymous_967)
FN:27,(anonymous_968)
FN:27,ze
FN:27,(anonymous_970)
FN:27,(anonymous_971)
FN:27,(anonymous_972)
FN:27,(anonymous_973)
FN:27,(anonymous_974)
FN:27,(anonymous_975)
FN:27,(anonymous_976)
FN:27,(anonymous_977)
FN:27,(anonymous_978)
FN:27,(anonymous_979)
FN:27,(anonymous_980)
FN:27,(anonymous_981)
FN:27,(anonymous_982)
FN:27,bo
FN:27,Ue
FN:27,Od
FN:27,OC
FN:27,TC
FN:27,RC
FN:27,(anonymous_989)
FN:27,(anonymous_990)
FN:27,(anonymous_991)
FN:27,(anonymous_992)
FN:27,(anonymous_993)
FN:27,Pd
FN:27,(anonymous_995)
FN:27,DC
FN:27,qC
FN:27,(anonymous_998)
FN:27,mt
FN:27,(anonymous_1000)
FN:27,(anonymous_1001)
FN:27,(anonymous_1002)
FN:27,(anonymous_1003)
FN:27,(anonymous_1004)
FN:27,(anonymous_1005)
FN:27,(anonymous_1006)
FN:27,Ao
FN:27,(anonymous_1008)
FN:27,$d
FN:27,(anonymous_1010)
FN:27,Ld
FN:27,(anonymous_1012)
FN:27,(anonymous_1013)
FN:27,Hn
FN:27,MC
FN:27,e
FN:27,(anonymous_1017)
FN:27,Co
FN:27,Md
FN:27,NC
FN:27,(anonymous_1021)
FN:27,(anonymous_1022)
FN:27,(anonymous_1023)
FN:27,(anonymous_1024)
FN:27,BC
FN:27,FC
FN:27,(anonymous_1027)
FN:27,(anonymous_1028)
FN:27,jC
FN:27,(anonymous_1030)
FN:27,(anonymous_1031)
FN:27,(anonymous_1032)
FN:27,(anonymous_1033)
FN:27,(anonymous_1034)
FN:27,(anonymous_1035)
FN:27,(anonymous_1036)
FN:27,(anonymous_1037)
FN:27,(anonymous_1038)
FN:27,(anonymous_1039)
FN:27,To
FN:27,Ro
FN:27,(anonymous_1042)
FN:27,(anonymous_1043)
FN:27,WC
FN:27,Wd
FN:27,Gd
FN:27,Io
FN:27,(anonymous_1048)
FN:27,(anonymous_1049)
FN:27,(anonymous_1050)
FN:27,(anonymous_1051)
FN:27,(anonymous_1052)
FN:27,(anonymous_1053)
FN:27,(anonymous_1054)
FN:27,(anonymous_1055)
FN:27,(anonymous_1056)
FN:27,(anonymous_1057)
FN:27,(anonymous_1058)
FN:27,(anonymous_1059)
FN:27,lr
FN:27,(anonymous_1061)
FN:27,(anonymous_1062)
FN:27,ur
FN:27,(anonymous_1064)
FN:27,(anonymous_1065)
FN:27,Te
FN:27,(anonymous_1067)
FN:27,$o
FN:27,Qn
FN:27,Ei
FN:27,(anonymous_1071)
FN:27,L
FN:27,(anonymous_1073)
FN:27,(anonymous_1074)
FN:27,(anonymous_1075)
FN:27,(anonymous_1076)
FN:27,(anonymous_1077)
FN:27,(anonymous_1078)
FN:27,Tt
FN:27,(anonymous_1080)
FN:27,(anonymous_1081)
FN:27,(anonymous_1082)
FN:27,Mo
FN:27,(anonymous_1084)
FN:27,(anonymous_1085)
FN:27,(anonymous_1086)
FN:27,(anonymous_1087)
FN:27,(anonymous_1088)
FN:27,(anonymous_1089)
FN:27,(anonymous_1090)
FN:27,(anonymous_1091)
FN:27,Rt
FN:27,(anonymous_1093)
FN:27,(anonymous_1094)
FN:27,Kn
FN:27,hh
FN:27,Xn
FN:27,mh
FN:27,(anonymous_1099)
FN:27,Jn
FN:27,(anonymous_1101)
FN:27,(anonymous_1102)
FN:27,(anonymous_1103)
FN:27,(anonymous_1104)
FN:27,(anonymous_1105)
FN:27,(anonymous_1106)
FN:27,(anonymous_1107)
FN:27,(anonymous_1108)
FN:27,(anonymous_1109)
FN:27,(anonymous_1110)
FN:27,(anonymous_1111)
FN:27,(anonymous_1112)
FN:27,(anonymous_1113)
FN:27,(anonymous_1114)
FN:27,(anonymous_1115)
FN:27,(anonymous_1116)
FN:27,(anonymous_1117)
FN:27,(anonymous_1118)
FN:27,(anonymous_1119)
FN:27,(anonymous_1120)
FN:27,(anonymous_1121)
FN:27,(anonymous_1122)
FN:27,(anonymous_1123)
FN:27,(anonymous_1124)
FN:27,(anonymous_1125)
FN:27,(anonymous_1126)
FN:27,o
FN:27,l
FN:27,c
FN:27,d
FN:27,(anonymous_1131)
FN:27,(anonymous_1132)
FN:27,(anonymous_1133)
FN:27,p
FN:27,(anonymous_1135)
FN:27,v
FN:27,(anonymous_1137)
FN:27,(anonymous_1138)
FN:27,(anonymous_1139)
FN:27,(anonymous_1140)
FN:27,(anonymous_1141)
FN:27,(anonymous_1142)
FN:27,(anonymous_1143)
FN:27,(anonymous_1144)
FN:27,(anonymous_1145)
FN:27,(anonymous_1146)
FN:27,(anonymous_1147)
FN:27,(anonymous_1148)
FN:27,(anonymous_1149)
FN:27,(anonymous_1150)
FN:27,(anonymous_1151)
FN:27,(anonymous_1152)
FN:27,(anonymous_1153)
FN:27,(anonymous_1154)
FN:27,(anonymous_1155)
FN:27,(anonymous_1156)
FN:27,r
FN:27,(anonymous_1158)
FN:27,(anonymous_1159)
FN:27,(anonymous_1160)
FN:27,e
FN:27,(anonymous_1162)
FN:27,(anonymous_1163)
FN:27,(anonymous_1164)
FN:27,(anonymous_1165)
FN:27,(anonymous_1166)
FN:27,(anonymous_1167)
FN:27,(anonymous_1168)
FN:27,(anonymous_1169)
FN:27,(anonymous_1170)
FN:27,(anonymous_1171)
FN:27,(anonymous_1172)
FN:27,(anonymous_1173)
FN:27,(anonymous_1174)
FN:27,(anonymous_1175)
FN:27,(anonymous_1176)
FN:27,(anonymous_1177)
FN:27,(anonymous_1178)
FN:27,(anonymous_1179)
FN:27,(anonymous_1180)
FN:27,(anonymous_1181)
FN:27,(anonymous_1182)
FN:27,(anonymous_1183)
FN:27,(anonymous_1184)
FN:27,(anonymous_1185)
FN:27,(anonymous_1186)
FN:27,(anonymous_1187)
FN:27,(anonymous_1188)
FN:27,(anonymous_1189)
FN:27,(anonymous_1190)
FN:27,(anonymous_1191)
FN:27,(anonymous_1192)
FN:27,(anonymous_1193)
FN:27,(anonymous_1194)
FN:27,(anonymous_1195)
FN:27,(anonymous_1196)
FN:27,(anonymous_1197)
FN:27,(anonymous_1198)
FN:27,(anonymous_1199)
FN:27,(anonymous_1200)
FN:27,(anonymous_1201)
FN:27,(anonymous_1202)
FN:27,(anonymous_1203)
FN:27,(anonymous_1204)
FN:27,(anonymous_1205)
FN:27,(anonymous_1206)
FN:27,(anonymous_1207)
FN:27,(anonymous_1208)
FN:27,(anonymous_1209)
FN:27,(anonymous_1210)
FN:27,(anonymous_1211)
FN:27,(anonymous_1212)
FN:27,(anonymous_1213)
FN:27,(anonymous_1214)
FN:27,(anonymous_1215)
FN:27,(anonymous_1216)
FN:27,(anonymous_1217)
FN:27,(anonymous_1218)
FN:27,(anonymous_1219)
FN:27,(anonymous_1220)
FN:27,(anonymous_1221)
FN:27,(anonymous_1222)
FN:27,(anonymous_1223)
FN:27,(anonymous_1224)
FN:27,(anonymous_1225)
FN:27,(anonymous_1226)
FN:27,(anonymous_1227)
FN:27,(anonymous_1228)
FN:27,(anonymous_1229)
FN:27,(anonymous_1230)
FN:27,(anonymous_1231)
FN:27,(anonymous_1232)
FN:27,(anonymous_1233)
FN:27,(anonymous_1234)
FN:27,(anonymous_1235)
FN:27,(anonymous_1236)
FN:27,(anonymous_1237)
FN:27,(anonymous_1238)
FN:27,(anonymous_1239)
FN:27,(anonymous_1240)
FN:27,(anonymous_1241)
FN:27,(anonymous_1242)
FN:27,(anonymous_1243)
FN:27,(anonymous_1244)
FN:27,(anonymous_1245)
FN:27,(anonymous_1246)
FN:27,(anonymous_1247)
FN:27,(anonymous_1248)
FN:27,(anonymous_1249)
FN:27,(anonymous_1250)
FN:27,(anonymous_1251)
FN:27,r
FN:27,(anonymous_1253)
FN:27,(anonymous_1254)
FN:27,(anonymous_1255)
FN:27,(anonymous_1256)
FN:27,(anonymous_1257)
FN:27,(anonymous_1258)
FN:27,(anonymous_1259)
FN:27,(anonymous_1260)
FN:27,(anonymous_1261)
FN:27,(anonymous_1262)
FN:27,(anonymous_1263)
FN:27,(anonymous_1264)
FN:27,(anonymous_1265)
FN:27,(anonymous_1266)
FN:27,(anonymous_1267)
FN:27,(anonymous_1268)
FN:27,(anonymous_1269)
FN:27,(anonymous_1270)
FN:27,(anonymous_1271)
FN:27,(anonymous_1272)
FN:27,(anonymous_1273)
FN:27,(anonymous_1274)
FN:27,(anonymous_1275)
FN:27,(anonymous_1276)
FN:27,(anonymous_1277)
FN:27,(anonymous_1278)
FN:27,(anonymous_1279)
FN:27,(anonymous_1280)
FN:27,(anonymous_1281)
FN:27,(anonymous_1282)
FN:27,(anonymous_1283)
FN:27,(anonymous_1284)
FN:27,(anonymous_1285)
FN:27,(anonymous_1286)
FN:27,(anonymous_1287)
FN:27,(anonymous_1288)
FN:27,(anonymous_1289)
FN:27,(anonymous_1290)
FN:27,(anonymous_1291)
FN:27,(anonymous_1292)
FN:27,(anonymous_1293)
FN:27,(anonymous_1294)
FN:27,(anonymous_1295)
FN:27,(anonymous_1296)
FN:27,(anonymous_1297)
FN:27,(anonymous_1298)
FN:27,(anonymous_1299)
FN:27,(anonymous_1300)
FN:27,(anonymous_1301)
FN:27,(anonymous_1302)
FN:27,(anonymous_1303)
FN:27,(anonymous_1304)
FN:27,(anonymous_1305)
FN:27,(anonymous_1306)
FN:27,(anonymous_1307)
FN:27,(anonymous_1308)
FN:27,(anonymous_1309)
FN:27,(anonymous_1310)
FN:27,(anonymous_1311)
FN:27,(anonymous_1312)
FN:27,(anonymous_1313)
FN:27,(anonymous_1314)
FN:27,(anonymous_1315)
FN:27,(anonymous_1316)
FN:27,(anonymous_1317)
FN:27,(anonymous_1318)
FN:27,(anonymous_1319)
FN:27,(anonymous_1320)
FN:27,(anonymous_1321)
FN:27,(anonymous_1322)
FN:27,(anonymous_1323)
FN:27,(anonymous_1324)
FN:27,(anonymous_1325)
FN:27,(anonymous_1326)
FN:27,(anonymous_1327)
FN:27,(anonymous_1328)
FN:27,(anonymous_1329)
FN:27,(anonymous_1330)
FN:27,(anonymous_1331)
FN:27,(anonymous_1332)
FN:27,(anonymous_1333)
FN:27,(anonymous_1334)
FN:27,(anonymous_1335)
FN:27,(anonymous_1336)
FN:27,(anonymous_1337)
FN:27,(anonymous_1338)
FN:27,(anonymous_1339)
FN:27,(anonymous_1340)
FN:27,(anonymous_1341)
FN:27,(anonymous_1342)
FN:27,(anonymous_1343)
FN:27,(anonymous_1344)
FN:27,(anonymous_1345)
FN:27,(anonymous_1346)
FN:27,(anonymous_1347)
FN:27,(anonymous_1348)
FN:27,(anonymous_1349)
FN:27,(anonymous_1350)
FN:27,(anonymous_1351)
FN:27,(anonymous_1352)
FN:27,(anonymous_1353)
FN:27,(anonymous_1354)
FN:27,(anonymous_1355)
FN:27,(anonymous_1356)
FN:27,h_
FN:27,(anonymous_1358)
FN:27,(anonymous_1359)
FN:27,cr
FN:27,(anonymous_1361)
FN:27,(anonymous_1362)
FN:27,pr
FN:27,(anonymous_1364)
FN:27,(anonymous_1365)
FN:27,Sh
FN:27,(anonymous_1367)
FN:27,Ah
FN:27,g_
FN:27,y_
FN:27,jo
FN:27,(anonymous_1372)
FN:27,dr
FN:27,(anonymous_1374)
FN:27,(anonymous_1375)
FN:27,_h
FN:27,b_
FN:27,(anonymous_1378)
FN:27,Uo
FN:27,(anonymous_1380)
FN:27,rs
FN:27,(anonymous_1382)
FN:27,(anonymous_1383)
FN:27,(anonymous_1384)
FN:27,(anonymous_1385)
FN:27,(anonymous_1386)
FN:27,w_
FN:27,(anonymous_1388)
FN:27,(anonymous_1389)
FN:27,(anonymous_1390)
FN:27,(anonymous_1391)
FN:27,(anonymous_1392)
FN:27,(anonymous_1393)
FN:27,is
FN:27,(anonymous_1395)
FN:27,(anonymous_1396)
FN:27,(anonymous_1397)
FN:27,Go
FN:27,x_
FN:27,k_
FN:27,(anonymous_1401)
FN:27,S_
FN:27,i
FN:27,(anonymous_1404)
FN:27,(anonymous_1405)
FN:27,(anonymous_1406)
FN:27,(anonymous_1407)
FN:27,A_
FN:27,(anonymous_1409)
FN:27,(anonymous_1410)
FN:27,(anonymous_1411)
FN:27,(anonymous_1412)
FN:27,(anonymous_1413)
FN:27,(anonymous_1414)
FN:27,(anonymous_1415)
FN:27,(anonymous_1416)
FN:27,(anonymous_1417)
FN:27,(anonymous_1418)
FN:27,(anonymous_1419)
FN:27,(anonymous_1420)
FN:27,(anonymous_1421)
FN:27,(anonymous_1422)
FN:27,Qo
FN:27,__
FN:27,E_
FN:27,Eh
FN:27,(anonymous_1427)
FN:27,Oh
FN:27,O_
FN:27,(anonymous_1430)
FN:27,T_
FN:27,(anonymous_1432)
FN:27,R_
FN:27,P_
FN:27,Yo
FN:27,(anonymous_1436)
FN:27,(anonymous_1437)
FN:27,(anonymous_1438)
FN:27,(anonymous_1439)
FN:27,(anonymous_1440)
FN:27,(anonymous_1441)
FN:27,(anonymous_1442)
FN:27,(anonymous_1443)
FN:27,(anonymous_1444)
FN:27,(anonymous_1445)
FN:27,(anonymous_1446)
FN:28,(anonymous_1447)
FN:28,(anonymous_1448)
FN:31,(anonymous_1449)
FN:31,(anonymous_1450)
FN:31,I_
FN:31,(anonymous_1452)
FN:31,ss
FN:31,D_
FN:31,(anonymous_1455)
FN:31,(anonymous_1456)
FN:31,(anonymous_1457)
FN:31,(anonymous_1458)
FN:31,as
FN:31,Ko
FN:31,(anonymous_1461)
FN:31,(anonymous_1462)
FN:31,(anonymous_1463)
FN:31,(anonymous_1464)
FN:31,q_
FN:31,Ph
FN:31,(anonymous_1467)
FN:31,us
FN:31,(anonymous_1469)
FN:31,qh
FN:31,(anonymous_1471)
FN:31,Lh
FN:31,$_
FN:31,(anonymous_1474)
FN:31,(anonymous_1475)
FN:31,(anonymous_1476)
FN:31,(anonymous_1477)
FN:31,(anonymous_1478)
FN:31,(anonymous_1479)
FN:31,(anonymous_1480)
FN:31,(anonymous_1481)
FN:31,(anonymous_1482)
FN:31,(anonymous_1483)
FN:31,(anonymous_1484)
FN:31,(anonymous_1485)
FN:31,(anonymous_1486)
FN:31,(anonymous_1487)
FN:31,(anonymous_1488)
FN:31,(anonymous_1489)
FN:31,(anonymous_1490)
FN:31,(anonymous_1491)
FN:31,(anonymous_1492)
FN:31,(anonymous_1493)
FN:31,(anonymous_1494)
FN:31,(anonymous_1495)
FN:31,(anonymous_1496)
FN:31,tl
FN:31,Bh
FN:31,(anonymous_1499)
FN:31,L_
FN:31,(anonymous_1501)
FN:31,M_
FN:31,Fh
FN:31,(anonymous_1504)
FN:31,N_
FN:31,(anonymous_1506)
FN:31,(anonymous_1507)
FN:31,B_
FN:31,(anonymous_1509)
FN:31,F_
FN:31,(anonymous_1511)
FN:31,fs
FN:31,(anonymous_1513)
FN:31,(anonymous_1514)
FN:31,ls
FN:31,Ri
FN:31,(anonymous_1517)
FN:31,(anonymous_1518)
FN:31,(anonymous_1519)
FN:31,(anonymous_1520)
FN:31,j_
FN:31,a
FN:31,o
FN:31,l
FN:31,c
FN:31,(anonymous_1526)
FN:31,(anonymous_1527)
FN:31,(anonymous_1528)
FN:31,(anonymous_1529)
FN:31,(anonymous_1530)
FN:31,(anonymous_1531)
FN:31,(anonymous_1532)
FN:31,(anonymous_1533)
FN:31,(anonymous_1534)
FN:31,(anonymous_1535)
FN:31,(anonymous_1536)
FN:31,(anonymous_1537)
FN:31,(anonymous_1538)
FN:31,(anonymous_1539)
FN:31,(anonymous_1540)
FN:31,(anonymous_1541)
FN:31,(anonymous_1542)
FN:31,(anonymous_1543)
FN:31,(anonymous_1544)
FN:31,(anonymous_1545)
FN:31,(anonymous_1546)
FN:31,(anonymous_1547)
FN:31,(anonymous_1548)
FN:31,(anonymous_1549)
FN:31,cs
FN:31,jh
FN:31,zh
FN:31,(anonymous_1553)
FN:31,z_
FN:31,(anonymous_1555)
FN:31,(anonymous_1556)
FN:31,(anonymous_1557)
FN:31,(anonymous_1558)
FN:31,(anonymous_1559)
FN:31,U_
FN:31,(anonymous_1561)
FN:31,(anonymous_1562)
FN:31,V_
FN:31,(anonymous_1564)
FN:31,(anonymous_1565)
FN:31,(anonymous_1566)
FN:31,(anonymous_1567)
FN:31,(anonymous_1568)
FN:31,(anonymous_1569)
FN:31,(anonymous_1570)
FN:31,(anonymous_1571)
FN:31,(anonymous_1572)
FN:31,(anonymous_1573)
FN:31,(anonymous_1574)
FN:31,(anonymous_1575)
FN:31,(anonymous_1576)
FN:31,(anonymous_1577)
FN:31,(anonymous_1578)
FN:31,(anonymous_1579)
FN:31,(anonymous_1580)
FN:31,(anonymous_1581)
FN:31,(anonymous_1582)
FN:31,(anonymous_1583)
FN:31,(anonymous_1584)
FN:31,(anonymous_1585)
FN:31,(anonymous_1586)
FN:31,(anonymous_1587)
FN:31,(anonymous_1588)
FN:31,(anonymous_1589)
FN:31,(anonymous_1590)
FN:31,(anonymous_1591)
FN:31,(anonymous_1592)
FN:31,(anonymous_1593)
FN:31,(anonymous_1594)
FN:31,(anonymous_1595)
FN:31,(anonymous_1596)
FN:31,(anonymous_1597)
FN:31,(anonymous_1598)
FN:31,Uh
FN:31,H_
FN:31,il
FN:31,(anonymous_1602)
FN:31,(anonymous_1603)
FN:31,Vh
FN:31,(anonymous_1605)
FN:31,nl
FN:31,(anonymous_1607)
FN:31,Wh
FN:31,(anonymous_1609)
FN:31,(anonymous_1610)
FN:31,(anonymous_1611)
FN:31,(anonymous_1612)
FN:31,(anonymous_1613)
FN:31,(anonymous_1614)
FN:31,(anonymous_1615)
FN:31,(anonymous_1616)
FN:31,(anonymous_1617)
FN:31,ol
FN:31,(anonymous_1619)
FN:31,(anonymous_1620)
FN:31,(anonymous_1621)
FN:31,(anonymous_1622)
FN:31,(anonymous_1623)
FN:31,(anonymous_1624)
FN:31,(anonymous_1625)
FN:31,(anonymous_1626)
FN:31,(anonymous_1627)
FN:31,(anonymous_1628)
FN:31,(anonymous_1629)
FN:31,(anonymous_1630)
FN:31,nm
FN:31,(anonymous_1632)
FN:31,(anonymous_1633)
FN:31,(anonymous_1634)
FN:31,(anonymous_1635)
FN:31,(anonymous_1636)
FN:31,(anonymous_1637)
FN:31,(anonymous_1638)
FN:31,(anonymous_1639)
FN:31,(anonymous_1640)
FN:31,(anonymous_1641)
FN:31,(anonymous_1642)
FN:31,(anonymous_1643)
FN:31,(anonymous_1644)
FN:31,(anonymous_1645)
FN:31,(anonymous_1646)
FN:31,(anonymous_1647)
FN:31,(anonymous_1648)
FN:31,(anonymous_1649)
FN:31,(anonymous_1650)
FN:31,(anonymous_1651)
FN:31,(anonymous_1652)
FN:31,K_
FN:31,X_
FN:31,Z_
FN:31,cm
FN:31,ul
FN:31,J_
FN:31,eE
FN:31,pm
FN:31,(anonymous_1661)
FN:31,dm
FN:31,hm
FN:31,mm
FN:31,tE
FN:31,gm
FN:31,rE
FN:31,(anonymous_1668)
FN:31,(anonymous_1669)
FN:31,(anonymous_1670)
FN:31,(anonymous_1671)
FN:31,(anonymous_1672)
FN:31,(anonymous_1673)
FN:31,(anonymous_1674)
FN:31,(anonymous_1675)
FN:31,(anonymous_1676)
FN:31,(anonymous_1677)
FN:31,(anonymous_1678)
FN:31,(anonymous_1679)
FN:31,(anonymous_1680)
FN:31,(anonymous_1681)
FN:31,(anonymous_1682)
FN:31,(anonymous_1683)
FN:31,(anonymous_1684)
FN:31,(anonymous_1685)
FN:31,(anonymous_1686)
FN:31,(anonymous_1687)
FN:31,(anonymous_1688)
FN:31,(anonymous_1689)
FN:31,(anonymous_1690)
FN:31,(anonymous_1691)
FN:31,(anonymous_1692)
FN:31,(anonymous_1693)
FN:31,(anonymous_1694)
FN:31,(anonymous_1695)
FN:31,(anonymous_1696)
FN:31,(anonymous_1697)
FN:31,(anonymous_1698)
FN:31,(anonymous_1699)
FN:31,(anonymous_1700)
FN:31,(anonymous_1701)
FN:31,(anonymous_1702)
FN:32,(anonymous_1703)
FN:32,(anonymous_1704)
FN:32,(anonymous_1705)
FN:32,(anonymous_1706)
FN:32,(anonymous_1707)
FN:32,(anonymous_1708)
FN:32,(anonymous_1709)
FN:32,(anonymous_1710)
FN:32,(anonymous_1711)
FN:32,(anonymous_1712)
FN:32,(anonymous_1713)
FN:32,(anonymous_1714)
FN:32,(anonymous_1715)
FN:32,(anonymous_1716)
FN:32,(anonymous_1717)
FN:32,(anonymous_1718)
FN:32,(anonymous_1719)
FN:32,(anonymous_1720)
FN:32,(anonymous_1721)
FN:32,(anonymous_1722)
FN:32,(anonymous_1723)
FN:32,(anonymous_1724)
FN:32,(anonymous_1725)
FN:32,(anonymous_1726)
FN:32,(anonymous_1727)
FN:32,(anonymous_1728)
FN:32,(anonymous_1729)
FN:32,(anonymous_1730)
FN:32,(anonymous_1731)
FN:32,(anonymous_1732)
FN:32,(anonymous_1733)
FN:32,(anonymous_1734)
FN:32,(anonymous_1735)
FN:32,(anonymous_1736)
FN:32,(anonymous_1737)
FN:32,(anonymous_1738)
FN:32,(anonymous_1739)
FN:32,(anonymous_1740)
FN:32,(anonymous_1741)
FN:32,(anonymous_1742)
FN:32,(anonymous_1743)
FN:32,(anonymous_1744)
FN:32,(anonymous_1745)
FN:32,(anonymous_1746)
FN:32,(anonymous_1747)
FN:32,(anonymous_1748)
FN:32,(anonymous_1749)
FN:32,(anonymous_1750)
FN:32,(anonymous_1751)
FN:32,(anonymous_1752)
FN:32,(anonymous_1753)
FN:32,(anonymous_1754)
FN:32,(anonymous_1755)
FN:32,(anonymous_1756)
FN:32,(anonymous_1757)
FN:32,(anonymous_1758)
FN:32,(anonymous_1759)
FN:32,(anonymous_1760)
FN:32,(anonymous_1761)
FN:32,(anonymous_1762)
FN:32,(anonymous_1763)
FN:32,(anonymous_1764)
FN:32,(anonymous_1765)
FN:32,(anonymous_1766)
FN:32,(anonymous_1767)
FN:32,(anonymous_1768)
FN:32,(anonymous_1769)
FN:32,(anonymous_1770)
FN:32,(anonymous_1771)
FN:32,(anonymous_1772)
FN:32,(anonymous_1773)
FN:32,(anonymous_1774)
FN:32,(anonymous_1775)
FN:32,(anonymous_1776)
FN:32,(anonymous_1777)
FN:32,(anonymous_1778)
FN:32,(anonymous_1779)
FN:32,(anonymous_1780)
FN:32,(anonymous_1781)
FN:32,(anonymous_1782)
FN:32,(anonymous_1783)
FN:32,(anonymous_1784)
FN:32,(anonymous_1785)
FN:32,(anonymous_1786)
FN:32,(anonymous_1787)
FN:32,(anonymous_1788)
FN:32,(anonymous_1789)
FN:32,(anonymous_1790)
FN:32,(anonymous_1791)
FN:32,(anonymous_1792)
FN:32,(anonymous_1793)
FN:32,(anonymous_1794)
FN:32,(anonymous_1795)
FN:32,(anonymous_1796)
FN:32,(anonymous_1797)
FN:32,(anonymous_1798)
FN:32,(anonymous_1799)
FN:32,(anonymous_1800)
FN:32,(anonymous_1801)
FN:32,(anonymous_1802)
FN:32,(anonymous_1803)
FN:32,(anonymous_1804)
FN:32,mg
FN:32,(anonymous_1806)
FN:32,(anonymous_1807)
FN:32,(anonymous_1808)
FN:32,gg
FN:32,f2
FN:32,c2
FN:32,(anonymous_1812)
FN:32,p2
FN:32,yg
FN:32,(anonymous_1815)
FN:32,(anonymous_1816)
FN:32,d2
FN:32,(anonymous_1818)
FN:32,(anonymous_1819)
FN:32,(anonymous_1820)
FN:32,(anonymous_1821)
FN:32,(anonymous_1822)
FN:32,(anonymous_1823)
FN:32,h2
FN:32,(anonymous_1825)
FN:32,(anonymous_1826)
FN:32,(anonymous_1827)
FN:32,xg
FN:32,(anonymous_1829)
FN:32,b2
FN:32,Sg
FN:32,Cl
FN:32,(anonymous_1833)
FN:32,w2
FN:32,v2
FN:32,El
FN:32,(anonymous_1837)
FN:32,(anonymous_1838)
FN:32,(anonymous_1839)
FN:32,Ol
FN:32,(anonymous_1841)
FN:32,(anonymous_1842)
FN:32,Qt
FN:32,(anonymous_1844)
FN:32,(anonymous_1845)
FN:32,Tg
FN:32,(anonymous_1847)
FN:32,(anonymous_1848)
FN:32,Tl
FN:32,(anonymous_1850)
FN:32,Ne
FN:32,qt
FN:32,Rl
FN:32,Ig
FN:32,(anonymous_1855)
FN:32,qg
FN:32,(anonymous_1857)
FN:32,k2
FN:32,C2
FN:32,(anonymous_1860)
FN:32,(anonymous_1861)
FN:32,(anonymous_1862)
FN:32,_2
FN:32,E2
FN:32,O2
FN:33,(anonymous_1866)
FN:33,T2
FN:33,Pl
FN:33,(anonymous_1869)
FN:33,(anonymous_1870)
FN:33,(anonymous_1871)
FN:33,(anonymous_1872)
FN:33,(anonymous_1873)
FN:33,(anonymous_1874)
FN:33,(anonymous_1875)
FN:33,(anonymous_1876)
FN:33,(anonymous_1877)
FN:33,(anonymous_1878)
FN:33,(anonymous_1879)
FN:33,xs
FN:33,(anonymous_1881)
FN:33,(anonymous_1882)
FN:33,(anonymous_1883)
FN:33,(anonymous_1884)
FN:33,Il
FN:33,Fg
FN:33,jg
FN:33,zg
FN:33,P2
FN:33,I2
FN:33,D2
FN:33,(anonymous_1892)
FN:33,q2
FN:33,(anonymous_1894)
FN:33,$2
FN:33,(anonymous_1896)
FN:33,(anonymous_1897)
FN:33,L2
FN:33,(anonymous_1899)
FN:33,(anonymous_1900)
FN:33,(anonymous_1901)
FN:33,(anonymous_1902)
FN:33,Ug
FN:33,Vg
FN:33,(anonymous_1905)
FN:33,a
FN:33,(anonymous_1907)
FN:33,(anonymous_1908)
FN:33,(anonymous_1909)
FN:33,(anonymous_1910)
FN:33,(anonymous_1911)
FN:33,(anonymous_1912)
FN:33,(anonymous_1913)
FN:34,(anonymous_1914)
FN:34,(anonymous_1915)
FN:34,(anonymous_1916)
FN:34,(anonymous_1917)
FN:34,(anonymous_1918)
FN:34,(anonymous_1919)
FN:34,(anonymous_1920)
FN:34,(anonymous_1921)
FN:34,(anonymous_1922)
FN:34,Dl
FN:34,(anonymous_1924)
FN:34,(anonymous_1925)
FN:34,(anonymous_1926)
FN:34,(anonymous_1927)
FN:34,(anonymous_1928)
FN:34,r
FN:34,t
FN:34,(anonymous_1931)
FN:34,(anonymous_1932)
FN:34,(anonymous_1933)
FN:34,r
FN:34,(anonymous_1935)
FN:34,Xg
FN:34,Zg
FN:34,(anonymous_1938)
FN:34,U2
FN:34,(anonymous_1940)
FN:34,(anonymous_1941)
FN:34,$t
FN:34,(anonymous_1943)
FN:34,(anonymous_1944)
FN:34,zl
FN:34,H2
FN:34,br
FN:34,(anonymous_1948)
FN:34,ly
FN:34,(anonymous_1950)
FN:34,uy
FN:34,Ul
FN:34,(anonymous_1953)
FN:34,(anonymous_1954)
FN:34,W2
FN:34,(anonymous_1956)
FN:34,fy
FN:34,G2
FN:34,(anonymous_1959)
FN:34,(anonymous_1960)
FN:34,Y2
FN:34,K2
FN:34,(anonymous_1963)
FN:34,(anonymous_1964)
FN:34,cy
FN:34,(anonymous_1966)
FN:34,(anonymous_1967)
FN:34,(anonymous_1968)
FN:34,(anonymous_1969)
FN:34,(anonymous_1970)
FN:34,(anonymous_1971)
FN:34,dy
FN:34,(anonymous_1973)
FN:34,(anonymous_1974)
FN:34,(anonymous_1975)
FN:34,(anonymous_1976)
FN:34,X2
FN:34,(anonymous_1978)
FN:34,(anonymous_1979)
FN:34,(anonymous_1980)
FN:34,J2
FN:34,Hl
FN:34,(anonymous_1983)
FN:34,(anonymous_1984)
FN:34,(anonymous_1985)
FN:34,(anonymous_1986)
FN:34,(anonymous_1987)
FN:34,(anonymous_1988)
FN:34,(anonymous_1989)
FN:34,(anonymous_1990)
FN:34,Wl
FN:34,r
FN:34,(anonymous_1993)
FN:34,(anonymous_1994)
FN:34,(anonymous_1995)
FN:34,(anonymous_1996)
FN:34,(anonymous_1997)
FN:34,Gl
FN:34,(anonymous_1999)
FN:34,(anonymous_2000)
FN:34,(anonymous_2001)
FN:34,rO
FN:34,(anonymous_2003)
FN:34,iO
FN:34,(anonymous_2005)
FN:34,Os
FN:34,(anonymous_2007)
FN:34,(anonymous_2008)
FN:34,Ts
FN:34,(anonymous_2010)
FN:34,(anonymous_2011)
FN:34,(anonymous_2012)
FN:34,(anonymous_2013)
FN:34,ky
FN:34,(anonymous_2015)
FN:34,(anonymous_2016)
FN:34,(anonymous_2017)
FN:34,(anonymous_2018)
FN:34,(anonymous_2019)
FN:35,(anonymous_2020)
FN:35,(anonymous_2021)
FN:35,(anonymous_2022)
FN:36,(anonymous_2023)
FN:36,(anonymous_2024)
FN:36,(anonymous_2025)
FN:36,(anonymous_2026)
FN:36,(anonymous_2027)
FN:36,sO
FN:36,(anonymous_2029)
FN:36,(anonymous_2030)
FN:36,(anonymous_2031)
FN:36,(anonymous_2032)
FN:36,(anonymous_2033)
FN:36,(anonymous_2034)
FN:36,(anonymous_2035)
FN:36,(anonymous_2036)
FN:36,(anonymous_2037)
FN:36,(anonymous_2038)
FN:36,(anonymous_2039)
FN:36,(anonymous_2040)
FN:36,(anonymous_2041)
FN:36,(anonymous_2042)
FN:36,(anonymous_2043)
FN:36,(anonymous_2044)
FN:36,(anonymous_2045)
FN:36,(anonymous_2046)
FN:36,(anonymous_2047)
FN:36,(anonymous_2048)
FN:36,(anonymous_2049)
FN:36,(anonymous_2050)
FN:36,(anonymous_2051)
FN:36,(anonymous_2052)
FN:36,Xl
FN:36,(anonymous_2054)
FN:36,(anonymous_2055)
FN:36,(anonymous_2056)
FN:36,(anonymous_2057)
FN:36,(anonymous_2058)
FN:36,(anonymous_2059)
FN:36,(anonymous_2060)
FN:36,(anonymous_2061)
FN:36,(anonymous_2062)
FN:36,(anonymous_2063)
FN:36,(anonymous_2064)
FN:36,(anonymous_2065)
FN:36,(anonymous_2066)
FN:36,(anonymous_2067)
FN:36,(anonymous_2068)
FN:36,(anonymous_2069)
FN:36,(anonymous_2070)
FN:37,(anonymous_2071)
FN:37,(anonymous_2072)
FN:37,(anonymous_2073)
FN:38,(anonymous_2074)
FN:40,(anonymous_2075)
FN:40,(anonymous_2076)
FN:40,(anonymous_2077)
FN:40,(anonymous_2078)
FN:40,(anonymous_2079)
FN:40,(anonymous_2080)
FN:40,(anonymous_2081)
FN:40,(anonymous_2082)
FN:40,(anonymous_2083)
FN:40,r
FN:40,(anonymous_2085)
FN:40,(anonymous_2086)
FN:40,(anonymous_2087)
FN:40,(anonymous_2088)
FN:40,(anonymous_2089)
FN:40,(anonymous_2090)
FN:40,(anonymous_2091)
FN:40,(anonymous_2092)
FN:40,(anonymous_2093)
FN:40,(anonymous_2094)
FN:40,(anonymous_2095)
FN:40,(anonymous_2096)
FN:40,(anonymous_2097)
FN:40,(anonymous_2098)
FN:40,(anonymous_2099)
FN:40,(anonymous_2100)
FN:40,(anonymous_2101)
FN:40,r
FN:40,(anonymous_2103)
FN:40,Gy
FN:40,Qy
FN:40,(anonymous_2106)
FN:40,kO
FN:40,(anonymous_2108)
FN:40,(anonymous_2109)
FN:40,Nt
FN:40,(anonymous_2111)
FN:40,(anonymous_2112)
FN:40,(anonymous_2113)
FN:40,(anonymous_2114)
FN:40,(anonymous_2115)
FN:40,(anonymous_2116)
FN:40,(anonymous_2117)
FN:40,(anonymous_2118)
FN:40,(anonymous_2119)
FN:40,(anonymous_2120)
FN:40,(anonymous_2121)
FN:40,(anonymous_2122)
FN:40,(anonymous_2123)
FN:40,(anonymous_2124)
FN:40,(anonymous_2125)
FN:40,(anonymous_2126)
FN:40,(anonymous_2127)
FN:40,(anonymous_2128)
FN:40,(anonymous_2129)
FN:40,(anonymous_2130)
FN:40,(anonymous_2131)
FN:40,(anonymous_2132)
FN:40,(anonymous_2133)
FN:40,(anonymous_2134)
FN:40,(anonymous_2135)
FN:40,(anonymous_2136)
FN:40,(anonymous_2137)
FN:40,(anonymous_2138)
FN:40,(anonymous_2139)
FN:40,(anonymous_2140)
FN:40,(anonymous_2141)
FN:40,(anonymous_2142)
FN:40,(anonymous_2143)
FN:40,(anonymous_2144)
FN:40,(anonymous_2145)
FN:40,(anonymous_2146)
FN:40,(anonymous_2147)
FN:40,(anonymous_2148)
FN:40,(anonymous_2149)
FN:40,(anonymous_2150)
FN:40,(anonymous_2151)
FN:40,(anonymous_2152)
FN:40,(anonymous_2153)
FN:40,(anonymous_2154)
FN:40,(anonymous_2155)
FN:40,(anonymous_2156)
FN:40,(anonymous_2157)
FN:40,(anonymous_2158)
FN:40,au
FN:40,(anonymous_2160)
FN:40,NO
FN:40,(anonymous_2162)
FN:40,(anonymous_2163)
FN:40,(anonymous_2164)
FN:40,(anonymous_2165)
FN:40,(anonymous_2166)
FN:40,(anonymous_2167)
FN:40,(anonymous_2168)
FN:40,o
FN:40,(anonymous_2170)
FN:40,l
FN:40,(anonymous_2172)
FN:40,(anonymous_2173)
FN:40,(anonymous_2174)
FN:40,(anonymous_2175)
FN:40,(anonymous_2176)
FN:40,(anonymous_2177)
FN:40,(anonymous_2178)
FN:40,(anonymous_2179)
FN:40,(anonymous_2180)
FN:40,(anonymous_2181)
FN:40,(anonymous_2182)
FN:40,(anonymous_2183)
FN:41,(anonymous_2184)
FN:41,(anonymous_2185)
FN:41,(anonymous_2186)
FN:41,(anonymous_2187)
FN:41,(anonymous_2188)
FN:41,(anonymous_2189)
FN:41,(anonymous_2190)
FN:41,(anonymous_2191)
FN:42,(anonymous_2192)
FN:44,(anonymous_2193)
FN:44,(anonymous_2194)
FN:44,(anonymous_2195)
FN:44,(anonymous_2196)
FN:44,(anonymous_2197)
FN:44,yb
FN:44,(anonymous_2199)
FN:44,(anonymous_2200)
FN:44,(anonymous_2201)
FN:44,(anonymous_2202)
FN:44,(anonymous_2203)
FN:44,(anonymous_2204)
FN:44,(anonymous_2205)
FN:44,(anonymous_2206)
FN:44,(anonymous_2207)
FN:44,(anonymous_2208)
FN:44,(anonymous_2209)
FN:44,(anonymous_2210)
FN:44,(anonymous_2211)
FN:44,(anonymous_2212)
FN:44,(anonymous_2213)
FN:44,(anonymous_2214)
FN:44,(anonymous_2215)
FN:44,(anonymous_2216)
FN:44,(anonymous_2217)
FN:44,(anonymous_2218)
FN:44,(anonymous_2219)
FN:44,(anonymous_2220)
FN:44,(anonymous_2221)
FN:44,(anonymous_2222)
FN:44,(anonymous_2223)
FN:44,(anonymous_2224)
FN:44,(anonymous_2225)
FN:44,(anonymous_2226)
FN:44,(anonymous_2227)
FN:44,(anonymous_2228)
FN:44,(anonymous_2229)
FN:44,(anonymous_2230)
FN:44,(anonymous_2231)
FN:44,(anonymous_2232)
FN:44,(anonymous_2233)
FN:44,(anonymous_2234)
FN:44,(anonymous_2235)
FN:44,(anonymous_2236)
FN:44,(anonymous_2237)
FN:44,(anonymous_2238)
FN:44,(anonymous_2239)
FN:44,(anonymous_2240)
FN:44,(anonymous_2241)
FN:44,(anonymous_2242)
FN:44,(anonymous_2243)
FN:44,(anonymous_2244)
FN:44,(anonymous_2245)
FN:44,(anonymous_2246)
FN:44,(anonymous_2247)
FN:44,(anonymous_2248)
FN:44,(anonymous_2249)
FN:44,(anonymous_2250)
FN:44,(anonymous_2251)
FN:44,(anonymous_2252)
FN:44,(anonymous_2253)
FN:44,(anonymous_2254)
FN:44,(anonymous_2255)
FN:44,(anonymous_2256)
FN:44,(anonymous_2257)
FN:44,(anonymous_2258)
FN:44,(anonymous_2259)
FN:44,(anonymous_2260)
FN:44,(anonymous_2261)
FN:44,(anonymous_2262)
FN:44,(anonymous_2263)
FN:44,(anonymous_2264)
FN:44,(anonymous_2265)
FN:44,(anonymous_2266)
FN:44,(anonymous_2267)
FN:44,(anonymous_2268)
FN:44,(anonymous_2269)
FN:44,(anonymous_2270)
FN:44,(anonymous_2271)
FN:44,(anonymous_2272)
FN:44,(anonymous_2273)
FN:44,(anonymous_2274)
FN:44,(anonymous_2275)
FN:44,(anonymous_2276)
FN:44,(anonymous_2277)
FN:44,(anonymous_2278)
FN:44,(anonymous_2279)
FN:44,(anonymous_2280)
FN:44,(anonymous_2281)
FN:44,(anonymous_2282)
FN:44,(anonymous_2283)
FN:44,(anonymous_2284)
FN:44,(anonymous_2285)
FN:44,(anonymous_2286)
FN:44,(anonymous_2287)
FN:44,(anonymous_2288)
FN:44,(anonymous_2289)
FN:44,(anonymous_2290)
FN:44,(anonymous_2291)
FN:44,(anonymous_2292)
FN:44,(anonymous_2293)
FN:44,(anonymous_2294)
FN:44,(anonymous_2295)
FN:44,(anonymous_2296)
FN:44,(anonymous_2297)
FN:44,(anonymous_2298)
FN:44,(anonymous_2299)
FN:44,(anonymous_2300)
FN:44,(anonymous_2301)
FN:44,(anonymous_2302)
FN:44,(anonymous_2303)
FN:44,(anonymous_2304)
FN:44,(anonymous_2305)
FN:44,(anonymous_2306)
FN:44,(anonymous_2307)
FN:44,(anonymous_2308)
FN:44,(anonymous_2309)
FN:44,(anonymous_2310)
FN:44,(anonymous_2311)
FN:44,(anonymous_2312)
FN:44,(anonymous_2313)
FN:44,(anonymous_2314)
FN:44,(anonymous_2315)
FN:44,(anonymous_2316)
FN:44,(anonymous_2317)
FN:44,(anonymous_2318)
FN:44,(anonymous_2319)
FN:44,(anonymous_2320)
FN:44,(anonymous_2321)
FN:44,(anonymous_2322)
FN:44,(anonymous_2323)
FN:44,(anonymous_2324)
FN:44,(anonymous_2325)
FN:44,(anonymous_2326)
FN:44,(anonymous_2327)
FN:44,(anonymous_2328)
FN:44,(anonymous_2329)
FN:44,(anonymous_2330)
FN:44,(anonymous_2331)
FN:44,(anonymous_2332)
FN:44,(anonymous_2333)
FN:44,(anonymous_2334)
FN:44,(anonymous_2335)
FN:44,(anonymous_2336)
FN:44,(anonymous_2337)
FN:44,(anonymous_2338)
FN:44,(anonymous_2339)
FN:44,(anonymous_2340)
FN:44,(anonymous_2341)
FN:44,(anonymous_2342)
FN:44,(anonymous_2343)
FN:44,(anonymous_2344)
FN:44,(anonymous_2345)
FN:44,(anonymous_2346)
FN:44,(anonymous_2347)
FN:44,(anonymous_2348)
FN:44,(anonymous_2349)
FN:44,(anonymous_2350)
FN:44,(anonymous_2351)
FN:44,(anonymous_2352)
FN:44,(anonymous_2353)
FN:44,(anonymous_2354)
FN:44,(anonymous_2355)
FN:44,(anonymous_2356)
FN:44,(anonymous_2357)
FN:44,(anonymous_2358)
FN:44,(anonymous_2359)
FN:44,(anonymous_2360)
FN:44,(anonymous_2361)
FN:44,(anonymous_2362)
FN:44,(anonymous_2363)
FN:44,(anonymous_2364)
FN:44,(anonymous_2365)
FN:44,(anonymous_2366)
FN:44,(anonymous_2367)
FN:44,(anonymous_2368)
FN:44,(anonymous_2369)
FN:44,(anonymous_2370)
FN:44,(anonymous_2371)
FN:44,(anonymous_2372)
FN:44,(anonymous_2373)
FN:44,(anonymous_2374)
FN:44,(anonymous_2375)
FN:44,(anonymous_2376)
FN:44,(anonymous_2377)
FN:44,(anonymous_2378)
FN:44,(anonymous_2379)
FN:44,(anonymous_2380)
FN:44,(anonymous_2381)
FN:44,(anonymous_2382)
FN:44,(anonymous_2383)
FN:44,(anonymous_2384)
FN:44,(anonymous_2385)
FN:44,(anonymous_2386)
FN:44,(anonymous_2387)
FN:44,(anonymous_2388)
FN:44,(anonymous_2389)
FN:44,(anonymous_2390)
FN:44,(anonymous_2391)
FN:44,(anonymous_2392)
FN:44,(anonymous_2393)
FN:44,(anonymous_2394)
FN:44,(anonymous_2395)
FN:44,(anonymous_2396)
FN:44,(anonymous_2397)
FN:44,(anonymous_2398)
FN:44,(anonymous_2399)
FN:44,(anonymous_2400)
FN:44,(anonymous_2401)
FN:44,(anonymous_2402)
FN:44,(anonymous_2403)
FN:44,(anonymous_2404)
FN:44,(anonymous_2405)
FN:44,(anonymous_2406)
FN:44,(anonymous_2407)
FN:44,(anonymous_2408)
FN:44,(anonymous_2409)
FN:44,(anonymous_2410)
FN:44,(anonymous_2411)
FN:44,(anonymous_2412)
FN:44,dR
FN:44,(anonymous_2414)
FN:44,(anonymous_2415)
FN:44,(anonymous_2416)
FN:44,(anonymous_2417)
FN:44,(anonymous_2418)
FN:44,(anonymous_2419)
FN:44,(anonymous_2420)
FN:44,(anonymous_2421)
FN:44,$0
FN:44,L0
FN:44,M0
FN:44,Yu
FN:44,N0
FN:44,gR
FN:44,(anonymous_2428)
FN:44,(anonymous_2429)
FN:44,(anonymous_2430)
FN:44,(anonymous_2431)
FN:44,(anonymous_2432)
FN:44,(anonymous_2433)
FN:44,(anonymous_2434)
FN:44,(anonymous_2435)
FN:44,(anonymous_2436)
FN:44,(anonymous_2437)
FN:44,(anonymous_2438)
FN:44,(anonymous_2439)
FN:44,(anonymous_2440)
FN:44,(anonymous_2441)
FN:44,(anonymous_2442)
FN:44,(anonymous_2443)
FN:44,(anonymous_2444)
FN:44,(anonymous_2445)
FN:44,(anonymous_2446)
FN:44,(anonymous_2447)
FN:44,(anonymous_2448)
FN:44,(anonymous_2449)
FN:44,(anonymous_2450)
FN:44,V0
FN:44,(anonymous_2452)
FN:44,(anonymous_2453)
FN:44,(anonymous_2454)
FN:44,(anonymous_2455)
FN:44,(anonymous_2456)
FN:44,(anonymous_2457)
FN:44,(anonymous_2458)
FN:44,(anonymous_2459)
FN:44,(anonymous_2460)
FN:44,(anonymous_2461)
FN:44,(anonymous_2462)
FN:44,(anonymous_2463)
FN:44,(anonymous_2464)
FN:44,(anonymous_2465)
FN:44,(anonymous_2466)
FN:44,(anonymous_2467)
FN:44,(anonymous_2468)
FN:44,(anonymous_2469)
FN:44,(anonymous_2470)
FN:44,(anonymous_2471)
FN:44,(anonymous_2472)
FN:44,(anonymous_2473)
FN:44,(anonymous_2474)
FN:44,(anonymous_2475)
FN:44,(anonymous_2476)
FN:44,(anonymous_2477)
FN:44,(anonymous_2478)
FN:44,(anonymous_2479)
FN:44,(anonymous_2480)
FN:44,(anonymous_2481)
FN:44,(anonymous_2482)
FN:44,(anonymous_2483)
FN:44,(anonymous_2484)
FN:44,(anonymous_2485)
FN:44,(anonymous_2486)
FN:44,(anonymous_2487)
FN:44,(anonymous_2488)
FN:44,(anonymous_2489)
FN:44,(anonymous_2490)
FN:44,(anonymous_2491)
FN:44,(anonymous_2492)
FN:44,(anonymous_2493)
FN:44,(anonymous_2494)
FN:44,(anonymous_2495)
FN:44,(anonymous_2496)
FN:44,(anonymous_2497)
FN:44,(anonymous_2498)
FN:44,(anonymous_2499)
FN:44,(anonymous_2500)
FN:44,(anonymous_2501)
FN:44,(anonymous_2502)
FN:57,V5
FN:57,H5
FN:64,Dr
FN:64,(anonymous_2506)
FN:64,i
FN:64,(anonymous_2508)
FN:64,(anonymous_2509)
FN:64,(anonymous_2510)
FN:64,(anonymous_2511)
FN:64,(anonymous_2512)
FN:64,(anonymous_2513)
FN:64,(anonymous_2514)
FN:64,(anonymous_2515)
FN:64,(anonymous_2516)
FN:64,(anonymous_2517)
FN:64,vt
FN:64,(anonymous_2519)
FN:64,(anonymous_2520)
FN:64,(anonymous_2521)
FN:64,Pv
FN:64,(anonymous_2523)
FN:64,(anonymous_2524)
FN:64,pf
FN:64,(anonymous_2526)
FNF:2527
FNH:0
FNDA:0,(anonymous_0)
FNDA:0,(anonymous_1)
FNDA:0,(anonymous_2)
FNDA:0,(anonymous_3)
FNDA:0,(anonymous_4)
FNDA:0,(anonymous_5)
FNDA:0,(anonymous_6)
FNDA:0,(anonymous_7)
FNDA:0,(anonymous_8)
FNDA:0,(anonymous_9)
FNDA:0,(anonymous_10)
FNDA:0,(anonymous_11)
FNDA:0,(anonymous_12)
FNDA:0,(anonymous_13)
FNDA:0,(anonymous_14)
FNDA:0,(anonymous_15)
FNDA:0,(anonymous_16)
FNDA:0,(anonymous_17)
FNDA:0,(anonymous_18)
FNDA:0,(anonymous_19)
FNDA:0,(anonymous_20)
FNDA:0,(anonymous_21)
FNDA:0,(anonymous_22)
FNDA:0,(anonymous_23)
FNDA:0,(anonymous_24)
FNDA:0,(anonymous_25)
FNDA:0,(anonymous_26)
FNDA:0,(anonymous_27)
FNDA:0,(anonymous_28)
FNDA:0,(anonymous_29)
FNDA:0,(anonymous_30)
FNDA:0,(anonymous_31)
FNDA:0,(anonymous_32)
FNDA:0,(anonymous_33)
FNDA:0,(anonymous_34)
FNDA:0,(anonymous_35)
FNDA:0,(anonymous_36)
FNDA:0,(anonymous_37)
FNDA:0,(anonymous_38)
FNDA:0,(anonymous_39)
FNDA:0,(anonymous_40)
FNDA:0,(anonymous_41)
FNDA:0,Wi
FNDA:0,(anonymous_43)
FNDA:0,xt
FNDA:0,(anonymous_45)
FNDA:0,(anonymous_46)
FNDA:0,(anonymous_47)
FNDA:0,kf
FNDA:0,(anonymous_49)
FNDA:0,(anonymous_50)
FNDA:0,(anonymous_51)
FNDA:0,(anonymous_52)
FNDA:0,(anonymous_53)
FNDA:0,(anonymous_54)
FNDA:0,js
FNDA:0,(anonymous_56)
FNDA:0,zs
FNDA:0,(anonymous_58)
FNDA:0,(anonymous_59)
FNDA:0,(anonymous_60)
FNDA:0,(anonymous_61)
FNDA:0,(anonymous_62)
FNDA:0,qr
FNDA:0,(anonymous_64)
FNDA:0,(anonymous_65)
FNDA:0,(anonymous_66)
FNDA:0,(anonymous_67)
FNDA:0,(anonymous_68)
FNDA:0,(anonymous_69)
FNDA:0,Hs
FNDA:0,(anonymous_71)
FNDA:0,kt
FNDA:0,(anonymous_73)
FNDA:0,we
FNDA:0,Tf
FNDA:0,(anonymous_76)
FNDA:0,Rf
FNDA:0,(anonymous_78)
FNDA:0,(anonymous_79)
FNDA:0,Pf
FNDA:0,(anonymous_81)
FNDA:0,(anonymous_82)
FNDA:0,(anonymous_83)
FNDA:0,(anonymous_84)
FNDA:0,(anonymous_85)
FNDA:0,(anonymous_86)
FNDA:0,(anonymous_87)
FNDA:0,(anonymous_88)
FNDA:0,(anonymous_89)
FNDA:0,(anonymous_90)
FNDA:0,(anonymous_91)
FNDA:0,(anonymous_92)
FNDA:0,(anonymous_93)
FNDA:0,(anonymous_94)
FNDA:0,(anonymous_95)
FNDA:0,ke
FNDA:0,(anonymous_97)
FNDA:0,St
FNDA:0,(anonymous_99)
FNDA:0,(anonymous_100)
FNDA:0,(anonymous_101)
FNDA:0,jt
FNDA:0,(anonymous_103)
FNDA:0,(anonymous_104)
FNDA:0,$r
FNDA:0,(anonymous_106)
FNDA:0,(anonymous_107)
FNDA:0,(anonymous_108)
FNDA:0,(anonymous_109)
FNDA:0,(anonymous_110)
FNDA:0,Gs
FNDA:0,(anonymous_112)
FNDA:0,Je
FNDA:0,Ae
FNDA:0,(anonymous_115)
FNDA:0,(anonymous_116)
FNDA:0,(anonymous_117)
FNDA:0,(anonymous_118)
FNDA:0,(anonymous_119)
FNDA:0,ve
FNDA:0,(anonymous_121)
FNDA:0,en
FNDA:0,(anonymous_123)
FNDA:0,Lf
FNDA:0,(anonymous_125)
FNDA:0,(anonymous_126)
FNDA:0,Ks
FNDA:0,(anonymous_128)
FNDA:0,K
FNDA:0,(anonymous_130)
FNDA:0,(anonymous_131)
FNDA:0,Ye
FNDA:0,(anonymous_133)
FNDA:0,Yv
FNDA:0,(anonymous_135)
FNDA:0,s
FNDA:0,(anonymous_137)
FNDA:0,(anonymous_138)
FNDA:0,(anonymous_139)
FNDA:0,(anonymous_140)
FNDA:0,(anonymous_141)
FNDA:0,(anonymous_142)
FNDA:0,Xs
FNDA:0,Zs
FNDA:0,Mr
FNDA:0,Nr
FNDA:0,Mf
FNDA:0,Nf
FNDA:0,Bf
FNDA:0,(anonymous_150)
FNDA:0,Ff
FNDA:0,(anonymous_152)
FNDA:0,(anonymous_153)
FNDA:0,ex
FNDA:0,jf
FNDA:0,(anonymous_156)
FNDA:0,zf
FNDA:0,(anonymous_158)
FNDA:0,Uf
FNDA:0,Vf
FNDA:0,Hf
FNDA:0,(anonymous_162)
FNDA:0,Wf
FNDA:0,(anonymous_164)
FNDA:0,(anonymous_165)
FNDA:0,(anonymous_166)
FNDA:0,Qf
FNDA:0,(anonymous_168)
FNDA:0,Yf
FNDA:0,sx
FNDA:0,tn
FNDA:0,(anonymous_172)
FNDA:0,_t
FNDA:0,Kf
FNDA:0,Xt
FNDA:0,(anonymous_176)
FNDA:0,Xf
FNDA:0,ax
FNDA:0,ox
FNDA:0,qe
FNDA:0,(anonymous_181)
FNDA:0,lx
FNDA:0,ea
FNDA:0,ta
FNDA:0,(anonymous_185)
FNDA:0,X
FNDA:0,(anonymous_187)
FNDA:0,Zt
FNDA:0,jr
FNDA:0,ux
FNDA:0,fx
FNDA:0,(anonymous_192)
FNDA:0,(anonymous_193)
FNDA:0,cx
FNDA:0,(anonymous_195)
FNDA:0,Jf
FNDA:0,px
FNDA:0,(anonymous_198)
FNDA:0,(anonymous_199)
FNDA:0,(anonymous_200)
FNDA:0,dx
FNDA:0,hx
FNDA:0,(anonymous_203)
FNDA:0,(anonymous_204)
FNDA:0,ec
FNDA:0,(anonymous_206)
FNDA:0,(anonymous_207)
FNDA:0,mx
FNDA:0,(anonymous_209)
FNDA:0,gx
FNDA:0,(anonymous_211)
FNDA:0,na
FNDA:0,(anonymous_213)
FNDA:0,(anonymous_214)
FNDA:0,(anonymous_215)
FNDA:0,(anonymous_216)
FNDA:0,(anonymous_217)
FNDA:0,(anonymous_218)
FNDA:0,(anonymous_219)
FNDA:0,(anonymous_220)
FNDA:0,(anonymous_221)
FNDA:0,(anonymous_222)
FNDA:0,(anonymous_223)
FNDA:0,(anonymous_224)
FNDA:0,(anonymous_225)
FNDA:0,(anonymous_226)
FNDA:0,(anonymous_227)
FNDA:0,(anonymous_228)
FNDA:0,(anonymous_229)
FNDA:0,(anonymous_230)
FNDA:0,(anonymous_231)
FNDA:0,(anonymous_232)
FNDA:0,(anonymous_233)
FNDA:0,(anonymous_234)
FNDA:0,(anonymous_235)
FNDA:0,(anonymous_236)
FNDA:0,(anonymous_237)
FNDA:0,(anonymous_238)
FNDA:0,(anonymous_239)
FNDA:0,(anonymous_240)
FNDA:0,(anonymous_241)
FNDA:0,(anonymous_242)
FNDA:0,(anonymous_243)
FNDA:0,(anonymous_244)
FNDA:0,(anonymous_245)
FNDA:0,(anonymous_246)
FNDA:0,(anonymous_247)
FNDA:0,(anonymous_248)
FNDA:0,(anonymous_249)
FNDA:0,(anonymous_250)
FNDA:0,(anonymous_251)
FNDA:0,(anonymous_252)
FNDA:0,(anonymous_253)
FNDA:0,(anonymous_254)
FNDA:0,(anonymous_255)
FNDA:0,(anonymous_256)
FNDA:0,(anonymous_257)
FNDA:0,(anonymous_258)
FNDA:0,(anonymous_259)
FNDA:0,(anonymous_260)
FNDA:0,(anonymous_261)
FNDA:0,(anonymous_262)
FNDA:0,(anonymous_263)
FNDA:0,(anonymous_264)
FNDA:0,(anonymous_265)
FNDA:0,(anonymous_266)
FNDA:0,(anonymous_267)
FNDA:0,(anonymous_268)
FNDA:0,(anonymous_269)
FNDA:0,(anonymous_270)
FNDA:0,(anonymous_271)
FNDA:0,(anonymous_272)
FNDA:0,(anonymous_273)
FNDA:0,nn
FNDA:0,(anonymous_275)
FNDA:0,(anonymous_276)
FNDA:0,(anonymous_277)
FNDA:0,(anonymous_278)
FNDA:0,(anonymous_279)
FNDA:0,(anonymous_280)
FNDA:0,zr
FNDA:0,(anonymous_282)
FNDA:0,(anonymous_283)
FNDA:0,(anonymous_284)
FNDA:0,(anonymous_285)
FNDA:0,(anonymous_286)
FNDA:0,sn
FNDA:0,bx
FNDA:0,ac
FNDA:0,aa
FNDA:0,wx
FNDA:0,(anonymous_292)
FNDA:0,(anonymous_293)
FNDA:0,(anonymous_294)
FNDA:0,(anonymous_295)
FNDA:0,(anonymous_296)
FNDA:0,(anonymous_297)
FNDA:0,(anonymous_298)
FNDA:0,(anonymous_299)
FNDA:0,(anonymous_300)
FNDA:0,(anonymous_301)
FNDA:0,(anonymous_302)
FNDA:0,(anonymous_303)
FNDA:0,(anonymous_304)
FNDA:0,(anonymous_305)
FNDA:0,(anonymous_306)
FNDA:0,(anonymous_307)
FNDA:0,(anonymous_308)
FNDA:0,(anonymous_309)
FNDA:0,vx
FNDA:0,(anonymous_311)
FNDA:0,(anonymous_312)
FNDA:0,(anonymous_313)
FNDA:0,(anonymous_314)
FNDA:0,(anonymous_315)
FNDA:0,(anonymous_316)
FNDA:0,(anonymous_317)
FNDA:0,(anonymous_318)
FNDA:0,(anonymous_319)
FNDA:0,(anonymous_320)
FNDA:0,(anonymous_321)
FNDA:0,(anonymous_322)
FNDA:0,(anonymous_323)
FNDA:0,(anonymous_324)
FNDA:0,(anonymous_325)
FNDA:0,(anonymous_326)
FNDA:0,(anonymous_327)
FNDA:0,(anonymous_328)
FNDA:0,(anonymous_329)
FNDA:0,(anonymous_330)
FNDA:0,(anonymous_331)
FNDA:0,(anonymous_332)
FNDA:0,(anonymous_333)
FNDA:0,(anonymous_334)
FNDA:0,(anonymous_335)
FNDA:0,(anonymous_336)
FNDA:0,(anonymous_337)
FNDA:0,(anonymous_338)
FNDA:0,(anonymous_339)
FNDA:0,(anonymous_340)
FNDA:0,(anonymous_341)
FNDA:0,(anonymous_342)
FNDA:0,(anonymous_343)
FNDA:0,ca
FNDA:0,(anonymous_345)
FNDA:0,(anonymous_346)
FNDA:0,da
FNDA:0,(anonymous_348)
FNDA:0,Wr
FNDA:0,(anonymous_350)
FNDA:0,(anonymous_351)
FNDA:0,(anonymous_352)
FNDA:0,(anonymous_353)
FNDA:0,(anonymous_354)
FNDA:0,(anonymous_355)
FNDA:0,(anonymous_356)
FNDA:0,(anonymous_357)
FNDA:0,(anonymous_358)
FNDA:0,(anonymous_359)
FNDA:0,(anonymous_360)
FNDA:0,(anonymous_361)
FNDA:0,(anonymous_362)
FNDA:0,(anonymous_363)
FNDA:0,(anonymous_364)
FNDA:0,(anonymous_365)
FNDA:0,(anonymous_366)
FNDA:0,(anonymous_367)
FNDA:0,(anonymous_368)
FNDA:0,(anonymous_369)
FNDA:0,(anonymous_370)
FNDA:0,(anonymous_371)
FNDA:0,(anonymous_372)
FNDA:0,(anonymous_373)
FNDA:0,(anonymous_374)
FNDA:0,(anonymous_375)
FNDA:0,(anonymous_376)
FNDA:0,(anonymous_377)
FNDA:0,(anonymous_378)
FNDA:0,(anonymous_379)
FNDA:0,(anonymous_380)
FNDA:0,(anonymous_381)
FNDA:0,(anonymous_382)
FNDA:0,(anonymous_383)
FNDA:0,(anonymous_384)
FNDA:0,(anonymous_385)
FNDA:0,(anonymous_386)
FNDA:0,(anonymous_387)
FNDA:0,(anonymous_388)
FNDA:0,Ac
FNDA:0,(anonymous_390)
FNDA:0,Cc
FNDA:0,(anonymous_392)
FNDA:0,(anonymous_393)
FNDA:0,(anonymous_394)
FNDA:0,(anonymous_395)
FNDA:0,(anonymous_396)
FNDA:0,(anonymous_397)
FNDA:0,(anonymous_398)
FNDA:0,(anonymous_399)
FNDA:0,(anonymous_400)
FNDA:0,(anonymous_401)
FNDA:0,(anonymous_402)
FNDA:0,(anonymous_403)
FNDA:0,(anonymous_404)
FNDA:0,(anonymous_405)
FNDA:0,(anonymous_406)
FNDA:0,(anonymous_407)
FNDA:0,(anonymous_408)
FNDA:0,(anonymous_409)
FNDA:0,(anonymous_410)
FNDA:0,(anonymous_411)
FNDA:0,(anonymous_412)
FNDA:0,(anonymous_413)
FNDA:0,(anonymous_414)
FNDA:0,(anonymous_415)
FNDA:0,(anonymous_416)
FNDA:0,(anonymous_417)
FNDA:0,(anonymous_418)
FNDA:0,(anonymous_419)
FNDA:0,(anonymous_420)
FNDA:0,(anonymous_421)
FNDA:0,(anonymous_422)
FNDA:0,(anonymous_423)
FNDA:0,(anonymous_424)
FNDA:0,(anonymous_425)
FNDA:0,(anonymous_426)
FNDA:0,(anonymous_427)
FNDA:0,(anonymous_428)
FNDA:0,(anonymous_429)
FNDA:0,(anonymous_430)
FNDA:0,(anonymous_431)
FNDA:0,(anonymous_432)
FNDA:0,(anonymous_433)
FNDA:0,(anonymous_434)
FNDA:0,(anonymous_435)
FNDA:0,(anonymous_436)
FNDA:0,(anonymous_437)
FNDA:0,(anonymous_438)
FNDA:0,(anonymous_439)
FNDA:0,(anonymous_440)
FNDA:0,(anonymous_441)
FNDA:0,(anonymous_442)
FNDA:0,(anonymous_443)
FNDA:0,(anonymous_444)
FNDA:0,(anonymous_445)
FNDA:0,(anonymous_446)
FNDA:0,(anonymous_447)
FNDA:0,(anonymous_448)
FNDA:0,(anonymous_449)
FNDA:0,(anonymous_450)
FNDA:0,(anonymous_451)
FNDA:0,(anonymous_452)
FNDA:0,(anonymous_453)
FNDA:0,(anonymous_454)
FNDA:0,(anonymous_455)
FNDA:0,(anonymous_456)
FNDA:0,(anonymous_457)
FNDA:0,(anonymous_458)
FNDA:0,(anonymous_459)
FNDA:0,(anonymous_460)
FNDA:0,(anonymous_461)
FNDA:0,(anonymous_462)
FNDA:0,(anonymous_463)
FNDA:0,(anonymous_464)
FNDA:0,(anonymous_465)
FNDA:0,(anonymous_466)
FNDA:0,(anonymous_467)
FNDA:0,(anonymous_468)
FNDA:0,(anonymous_469)
FNDA:0,(anonymous_470)
FNDA:0,(anonymous_471)
FNDA:0,(anonymous_472)
FNDA:0,(anonymous_473)
FNDA:0,(anonymous_474)
FNDA:0,(anonymous_475)
FNDA:0,(anonymous_476)
FNDA:0,(anonymous_477)
FNDA:0,(anonymous_478)
FNDA:0,(anonymous_479)
FNDA:0,(anonymous_480)
FNDA:0,(anonymous_481)
FNDA:0,ei
FNDA:0,(anonymous_483)
FNDA:0,(anonymous_484)
FNDA:0,(anonymous_485)
FNDA:0,(anonymous_486)
FNDA:0,(anonymous_487)
FNDA:0,(anonymous_488)
FNDA:0,(anonymous_489)
FNDA:0,(anonymous_490)
FNDA:0,S
FNDA:0,E
FNDA:0,T
FNDA:0,B
FNDA:0,N
FNDA:0,(anonymous_496)
FNDA:0,l1
FNDA:0,(anonymous_498)
FNDA:0,(anonymous_499)
FNDA:0,(anonymous_500)
FNDA:0,(anonymous_501)
FNDA:0,(anonymous_502)
FNDA:0,(anonymous_503)
FNDA:0,(anonymous_504)
FNDA:0,(anonymous_505)
FNDA:0,(anonymous_506)
FNDA:0,(anonymous_507)
FNDA:0,(anonymous_508)
FNDA:0,(anonymous_509)
FNDA:0,(anonymous_510)
FNDA:0,(anonymous_511)
FNDA:0,(anonymous_512)
FNDA:0,(anonymous_513)
FNDA:0,(anonymous_514)
FNDA:0,(anonymous_515)
FNDA:0,(anonymous_516)
FNDA:0,(anonymous_517)
FNDA:0,(anonymous_518)
FNDA:0,(anonymous_519)
FNDA:0,(anonymous_520)
FNDA:0,(anonymous_521)
FNDA:0,(anonymous_522)
FNDA:0,(anonymous_523)
FNDA:0,(anonymous_524)
FNDA:0,(anonymous_525)
FNDA:0,(anonymous_526)
FNDA:0,(anonymous_527)
FNDA:0,(anonymous_528)
FNDA:0,(anonymous_529)
FNDA:0,An
FNDA:0,(anonymous_531)
FNDA:0,(anonymous_532)
FNDA:0,(anonymous_533)
FNDA:0,(anonymous_534)
FNDA:0,(anonymous_535)
FNDA:0,(anonymous_536)
FNDA:0,(anonymous_537)
FNDA:0,(anonymous_538)
FNDA:0,(anonymous_539)
FNDA:0,(anonymous_540)
FNDA:0,(anonymous_541)
FNDA:0,(anonymous_542)
FNDA:0,(anonymous_543)
FNDA:0,ri
FNDA:0,pp
FNDA:0,dp
FNDA:0,_a
FNDA:0,(anonymous_548)
FNDA:0,(anonymous_549)
FNDA:0,(anonymous_550)
FNDA:0,(anonymous_551)
FNDA:0,(anonymous_552)
FNDA:0,(anonymous_553)
FNDA:0,(anonymous_554)
FNDA:0,(anonymous_555)
FNDA:0,(anonymous_556)
FNDA:0,(anonymous_557)
FNDA:0,(anonymous_558)
FNDA:0,(anonymous_559)
FNDA:0,(anonymous_560)
FNDA:0,(anonymous_561)
FNDA:0,(anonymous_562)
FNDA:0,(anonymous_563)
FNDA:0,(anonymous_564)
FNDA:0,(anonymous_565)
FNDA:0,(anonymous_566)
FNDA:0,(anonymous_567)
FNDA:0,(anonymous_568)
FNDA:0,(anonymous_569)
FNDA:0,(anonymous_570)
FNDA:0,(anonymous_571)
FNDA:0,(anonymous_572)
FNDA:0,(anonymous_573)
FNDA:0,(anonymous_574)
FNDA:0,(anonymous_575)
FNDA:0,(anonymous_576)
FNDA:0,(anonymous_577)
FNDA:0,(anonymous_578)
FNDA:0,(anonymous_579)
FNDA:0,(anonymous_580)
FNDA:0,(anonymous_581)
FNDA:0,(anonymous_582)
FNDA:0,(anonymous_583)
FNDA:0,(anonymous_584)
FNDA:0,(anonymous_585)
FNDA:0,(anonymous_586)
FNDA:0,(anonymous_587)
FNDA:0,(anonymous_588)
FNDA:0,(anonymous_589)
FNDA:0,(anonymous_590)
FNDA:0,(anonymous_591)
FNDA:0,(anonymous_592)
FNDA:0,(anonymous_593)
FNDA:0,(anonymous_594)
FNDA:0,(anonymous_595)
FNDA:0,(anonymous_596)
FNDA:0,(anonymous_597)
FNDA:0,(anonymous_598)
FNDA:0,(anonymous_599)
FNDA:0,(anonymous_600)
FNDA:0,(anonymous_601)
FNDA:0,(anonymous_602)
FNDA:0,(anonymous_603)
FNDA:0,J
FNDA:0,(anonymous_605)
FNDA:0,n
FNDA:0,(anonymous_607)
FNDA:0,(anonymous_608)
FNDA:0,(anonymous_609)
FNDA:0,(anonymous_610)
FNDA:0,(anonymous_611)
FNDA:0,(anonymous_612)
FNDA:0,(anonymous_613)
FNDA:0,(anonymous_614)
FNDA:0,(anonymous_615)
FNDA:0,(anonymous_616)
FNDA:0,(anonymous_617)
FNDA:0,(anonymous_618)
FNDA:0,z1
FNDA:0,V1
FNDA:0,(anonymous_621)
FNDA:0,H1
FNDA:0,(anonymous_623)
FNDA:0,W1
FNDA:0,(anonymous_625)
FNDA:0,G1
FNDA:0,(anonymous_627)
FNDA:0,$n
FNDA:0,(anonymous_629)
FNDA:0,$p
FNDA:0,Z1
FNDA:0,r
FNDA:0,(anonymous_633)
FNDA:0,(anonymous_634)
FNDA:0,r
FNDA:0,(anonymous_636)
FNDA:0,(anonymous_637)
FNDA:0,(anonymous_638)
FNDA:0,(anonymous_639)
FNDA:0,(anonymous_640)
FNDA:0,(anonymous_641)
FNDA:0,(anonymous_642)
FNDA:0,(anonymous_643)
FNDA:0,(anonymous_644)
FNDA:0,(anonymous_645)
FNDA:0,(anonymous_646)
FNDA:0,(anonymous_647)
FNDA:0,(anonymous_648)
FNDA:0,(anonymous_649)
FNDA:0,(anonymous_650)
FNDA:0,(anonymous_651)
FNDA:0,(anonymous_652)
FNDA:0,(anonymous_653)
FNDA:0,Mp
FNDA:0,(anonymous_655)
FNDA:0,hk
FNDA:0,mk
FNDA:0,gk
FNDA:0,(anonymous_659)
FNDA:0,yk
FNDA:0,Np
FNDA:0,Bp
FNDA:0,bk
FNDA:0,wk
FNDA:0,Pa
FNDA:0,(anonymous_666)
FNDA:0,(anonymous_667)
FNDA:0,e
FNDA:0,(anonymous_669)
FNDA:0,(anonymous_670)
FNDA:0,(anonymous_671)
FNDA:0,(anonymous_672)
FNDA:0,(anonymous_673)
FNDA:0,(anonymous_674)
FNDA:0,(anonymous_675)
FNDA:0,(anonymous_676)
FNDA:0,(anonymous_677)
FNDA:0,(anonymous_678)
FNDA:0,(anonymous_679)
FNDA:0,(anonymous_680)
FNDA:0,(anonymous_681)
FNDA:0,(anonymous_682)
FNDA:0,(anonymous_683)
FNDA:0,(anonymous_684)
FNDA:0,(anonymous_685)
FNDA:0,(anonymous_686)
FNDA:0,(anonymous_687)
FNDA:0,(anonymous_688)
FNDA:0,(anonymous_689)
FNDA:0,(anonymous_690)
FNDA:0,(anonymous_691)
FNDA:0,(anonymous_692)
FNDA:0,(anonymous_693)
FNDA:0,(anonymous_694)
FNDA:0,(anonymous_695)
FNDA:0,(anonymous_696)
FNDA:0,(anonymous_697)
FNDA:0,(anonymous_698)
FNDA:0,(anonymous_699)
FNDA:0,(anonymous_700)
FNDA:0,(anonymous_701)
FNDA:0,(anonymous_702)
FNDA:0,(anonymous_703)
FNDA:0,(anonymous_704)
FNDA:0,(anonymous_705)
FNDA:0,(anonymous_706)
FNDA:0,(anonymous_707)
FNDA:0,(anonymous_708)
FNDA:0,(anonymous_709)
FNDA:0,(anonymous_710)
FNDA:0,(anonymous_711)
FNDA:0,(anonymous_712)
FNDA:0,(anonymous_713)
FNDA:0,(anonymous_714)
FNDA:0,(anonymous_715)
FNDA:0,Sk
FNDA:0,jp
FNDA:0,Ak
FNDA:0,Ck
FNDA:0,Ia
FNDA:0,(anonymous_721)
FNDA:0,(anonymous_722)
FNDA:0,e
FNDA:0,(anonymous_724)
FNDA:0,(anonymous_725)
FNDA:0,(anonymous_726)
FNDA:0,(anonymous_727)
FNDA:0,(anonymous_728)
FNDA:0,Tk
FNDA:0,Rk
FNDA:0,qa
FNDA:0,(anonymous_732)
FNDA:0,(anonymous_733)
FNDA:0,e
FNDA:0,(anonymous_735)
FNDA:0,(anonymous_736)
FNDA:0,r
FNDA:0,(anonymous_738)
FNDA:0,(anonymous_739)
FNDA:0,Hp
FNDA:0,Wp
FNDA:0,zk
FNDA:0,Uk
FNDA:0,Ma
FNDA:0,(anonymous_745)
FNDA:0,(anonymous_746)
FNDA:0,e
FNDA:0,(anonymous_748)
FNDA:0,(anonymous_749)
FNDA:0,(anonymous_750)
FNDA:0,(anonymous_751)
FNDA:0,Gk
FNDA:0,Qk
FNDA:0,Ba
FNDA:0,(anonymous_755)
FNDA:0,(anonymous_756)
FNDA:0,e
FNDA:0,(anonymous_758)
FNDA:0,Zk
FNDA:0,Jk
FNDA:0,ja
FNDA:0,(anonymous_762)
FNDA:0,(anonymous_763)
FNDA:0,e
FNDA:0,(anonymous_765)
FNDA:0,(anonymous_766)
FNDA:0,Kp
FNDA:0,Xp
FNDA:0,nS
FNDA:0,sS
FNDA:0,Ua
FNDA:0,(anonymous_772)
FNDA:0,(anonymous_773)
FNDA:0,e
FNDA:0,(anonymous_775)
FNDA:0,(anonymous_776)
FNDA:0,(anonymous_777)
[...]
BRDA:40,3344,0,0
BRDA:40,3344,1,0
BRDA:40,3345,0,0
BRDA:40,3345,1,0
BRDA:40,3345,2,0
BRDA:40,3346,0,0
BRDA:40,3346,1,0
BRDA:40,3347,0,0
BRDA:40,3347,1,0
BRDA:40,3347,2,0
BRDA:40,3348,0,0
BRDA:40,3348,1,0
BRDA:40,3349,0,0
BRDA:40,3349,1,0
BRDA:40,3350,0,0
BRDA:40,3350,1,0
BRDA:40,3351,0,0
BRDA:40,3351,1,0
BRDA:40,3352,0,0
BRDA:40,3352,1,0
BRDA:40,3353,0,0
BRDA:40,3353,1,0
BRDA:40,3354,0,0
BRDA:40,3354,1,0
BRDA:40,3354,2,0
BRDA:40,3355,0,0
BRDA:40,3355,1,0
BRDA:40,3356,0,0
BRDA:40,3356,1,0
BRDA:40,3357,0,0
BRDA:40,3357,1,0
BRDA:40,3357,2,0
BRDA:40,3358,0,0
BRDA:40,3358,1,0
BRDA:40,3359,0,0
BRDA:40,3359,1,0
BRDA:40,3360,0,0
BRDA:40,3360,1,0
BRDA:40,3361,0,0
BRDA:40,3361,1,0
BRDA:40,3362,0,0
BRDA:40,3362,1,0
BRDA:40,3363,0,0
BRDA:40,3363,1,0
BRDA:40,3364,0,0
BRDA:40,3364,1,0
BRDA:40,3365,0,0
BRDA:40,3365,1,0
BRDA:40,3366,0,0
BRDA:40,3366,1,0
BRDA:40,3367,0,0
BRDA:40,3367,1,0
BRDA:40,3368,0,0
BRDA:40,3368,1,0
BRDA:40,3369,0,0
BRDA:40,3369,1,0
BRDA:40,3370,0,0
BRDA:40,3370,1,0
BRDA:40,3371,0,0
BRDA:40,3371,1,0
BRDA:40,3371,2,0
BRDA:40,3372,0,0
BRDA:40,3372,1,0
BRDA:40,3372,2,0
BRDA:40,3372,3,0
BRDA:40,3373,0,0
BRDA:40,3373,1,0
BRDA:40,3374,0,0
BRDA:40,3374,1,0
BRDA:40,3375,0,0
BRDA:40,3375,1,0
BRDA:40,3376,0,0
BRDA:40,3376,1,0
BRDA:40,3377,0,0
BRDA:40,3377,1,0
BRDA:40,3378,0,0
BRDA:40,3378,1,0
BRDA:40,3378,2,0
BRDA:40,3379,0,0
BRDA:40,3379,1,0
BRDA:40,3380,0,0
BRDA:40,3380,1,0
BRDA:40,3381,0,0
BRDA:40,3381,1,0
BRDA:40,3381,2,0
BRDA:40,3382,0,0
BRDA:40,3382,1,0
BRDA:40,3383,0,0
BRDA:40,3383,1,0
BRDA:40,3384,0,0
BRDA:40,3384,1,0
BRDA:40,3385,0,0
BRDA:40,3385,1,0
BRDA:40,3386,0,0
BRDA:40,3386,1,0
BRDA:40,3387,0,0
BRDA:40,3387,1,0
BRDA:40,3388,0,0
BRDA:40,3388,1,0
BRDA:40,3389,0,0
BRDA:40,3389,1,0
BRDA:40,3389,2,0
BRDA:40,3390,0,0
BRDA:40,3390,1,0
BRDA:40,3390,2,0
BRDA:40,3391,0,0
BRDA:40,3391,1,0
BRDA:40,3392,0,0
BRDA:40,3392,1,0
BRDA:40,3392,2,0
BRDA:40,3393,0,0
BRDA:40,3393,1,0
BRDA:40,3394,0,0
BRDA:40,3394,1,0
BRDA:40,3395,0,0
BRDA:40,3395,1,0
BRDA:40,3396,0,0
BRDA:40,3396,1,0
BRDA:40,3397,0,0
BRDA:40,3397,1,0
BRDA:40,3398,0,0
BRDA:40,3398,1,0
BRDA:40,3398,2,0
BRDA:40,3399,0,0
BRDA:40,3399,1,0
BRDA:40,3399,2,0
BRDA:40,3400,0,0
BRDA:40,3400,1,0
BRDA:40,3401,0,0
BRDA:40,3401,1,0
BRDA:40,3402,0,0
BRDA:40,3402,1,0
BRDA:40,3403,0,0
BRDA:40,3403,1,0
BRDA:40,3404,0,0
BRDA:40,3404,1,0
BRDA:40,3405,0,0
BRDA:40,3405,1,0
BRDA:40,3406,0,0
BRDA:40,3406,1,0
BRDA:40,3407,0,0
BRDA:40,3407,1,0
BRDA:40,3408,0,0
BRDA:40,3408,1,0
BRDA:40,3408,2,0
BRDA:40,3409,0,0
BRDA:40,3409,1,0
BRDA:40,3410,0,0
BRDA:40,3410,1,0
BRDA:40,3411,0,0
BRDA:40,3411,1,0
BRDA:40,3412,0,0
BRDA:40,3412,1,0
BRDA:40,3413,0,0
BRDA:40,3413,1,0
BRDA:40,3414,0,0
BRDA:40,3414,1,0
BRDA:40,3415,0,0
BRDA:40,3415,1,0
BRDA:40,3416,0,0
BRDA:40,3416,1,0
BRDA:40,3417,0,0
BRDA:40,3417,1,0
BRDA:40,3417,2,0
BRDA:40,3417,3,0
BRDA:40,3418,0,0
BRDA:40,3418,1,0
BRDA:40,3418,2,0
BRDA:40,3419,0,0
BRDA:40,3419,1,0
BRDA:40,3420,0,0
BRDA:40,3420,1,0
BRDA:40,3421,0,0
BRDA:40,3421,1,0
BRDA:40,3421,2,0
BRDA:40,3422,0,0
BRDA:40,3422,1,0
BRDA:40,3423,0,0
BRDA:40,3423,1,0
BRDA:40,3424,0,0
BRDA:40,3424,1,0
BRDA:40,3425,0,0
BRDA:40,3425,1,0
BRDA:40,3426,0,0
BRDA:40,3426,1,0
BRDA:40,3427,0,0
BRDA:40,3427,1,0
BRDA:40,3428,0,0
BRDA:40,3428,1,0
BRDA:41,3429,0,0
BRDA:41,3429,1,0
BRDA:41,3430,0,0
BRDA:41,3430,1,0
BRDA:41,3431,0,0
BRDA:41,3431,1,0
BRDA:41,3432,0,0
BRDA:41,3432,1,0
BRDA:41,3433,0,0
BRDA:41,3433,1,0
BRDA:41,3434,0,0
BRDA:41,3434,1,0
BRDA:41,3434,2,0
BRDA:41,3434,3,0
BRDA:41,3434,4,0
BRDA:41,3434,5,0
BRDA:41,3434,6,0
BRDA:41,3434,7,0
BRDA:41,3434,8,0
BRDA:41,3434,9,0
BRDA:41,3435,0,0
BRDA:41,3435,1,0
BRDA:41,3436,0,0
BRDA:41,3436,1,0
BRDA:41,3436,2,0
BRDA:41,3436,3,0
BRDA:41,3437,0,0
BRDA:41,3437,1,0
BRDA:41,3438,0,0
BRDA:41,3438,1,0
BRDA:41,3439,0,0
BRDA:41,3439,1,0
BRDA:41,3440,0,0
BRDA:41,3440,1,0
BRDA:41,3441,0,0
BRDA:41,3441,1,0
BRDA:41,3442,0,0
BRDA:41,3442,1,0
BRDA:41,3443,0,0
BRDA:41,3443,1,0
BRDA:41,3444,0,0
BRDA:41,3444,1,0
BRDA:41,3445,0,0
BRDA:41,3445,1,0
BRDA:41,3445,2,0
BRDA:41,3446,0,0
BRDA:41,3446,1,0
BRDA:41,3447,0,0
BRDA:41,3447,1,0
BRDA:41,3447,2,0
BRDA:41,3448,0,0
BRDA:41,3448,1,0
BRDA:41,3449,0,0
BRDA:41,3449,1,0
BRDA:41,3450,0,0
BRDA:41,3450,1,0
BRDA:41,3451,0,0
BRDA:41,3451,1,0
BRDA:41,3452,0,0
BRDA:41,3452,1,0
BRDA:41,3453,0,0
BRDA:41,3453,1,0
BRDA:41,3454,0,0
BRDA:41,3454,1,0
BRDA:43,3455,0,0
BRDA:43,3455,1,0
BRDA:43,3456,0,0
BRDA:43,3456,1,0
BRDA:44,3457,0,0
BRDA:44,3457,1,0
BRDA:44,3458,0,0
BRDA:44,3458,1,0
BRDA:44,3459,0,0
BRDA:44,3459,1,0
BRDA:44,3460,0,0
BRDA:44,3460,1,0
BRDA:44,3461,0,0
BRDA:44,3461,1,0
BRDA:44,3462,0,0
BRDA:44,3462,1,0
BRDA:44,3463,0,0
BRDA:44,3463,1,0
BRDA:44,3464,0,0
BRDA:44,3464,1,0
BRDA:44,3465,0,0
BRDA:44,3465,1,0
BRDA:44,3466,0,0
BRDA:44,3466,1,0
BRDA:44,3467,0,0
BRDA:44,3467,1,0
BRDA:44,3468,0,0
BRDA:44,3468,1,0
BRDA:44,3469,0,0
BRDA:44,3469,1,0
BRDA:44,3470,0,0
BRDA:44,3470,1,0
BRDA:44,3471,0,0
BRDA:44,3471,1,0
BRDA:44,3471,2,0
BRDA:44,3472,0,0
BRDA:44,3472,1,0
BRDA:44,3473,0,0
BRDA:44,3473,1,0
BRDA:44,3474,0,0
BRDA:44,3474,1,0
BRDA:44,3475,0,0
BRDA:44,3475,1,0
BRDA:44,3476,0,0
BRDA:44,3476,1,0
BRDA:44,3477,0,0
BRDA:44,3477,1,0
BRDA:44,3478,0,0
BRDA:44,3478,1,0
BRDA:44,3479,0,0
BRDA:44,3479,1,0
BRDA:44,3480,0,0
BRDA:44,3480,1,0
BRDA:44,3481,0,0
BRDA:44,3481,1,0
BRDA:44,3482,0,0
BRDA:44,3482,1,0
BRDA:44,3483,0,0
BRDA:44,3483,1,0
BRDA:44,3484,0,0
BRDA:44,3484,1,0
BRDA:44,3485,0,0
BRDA:44,3485,1,0
BRDA:44,3486,0,0
BRDA:44,3486,1,0
BRDA:44,3486,2,0
BRDA:44,3487,0,0
BRDA:44,3487,1,0
BRDA:44,3488,0,0
BRDA:44,3488,1,0
BRDA:44,3489,0,0
BRDA:44,3489,1,0
BRDA:44,3489,2,0
BRDA:44,3490,0,0
BRDA:44,3490,1,0
BRDA:44,3491,0,0
BRDA:44,3491,1,0
BRDA:44,3491,2,0
BRDA:44,3492,0,0
BRDA:44,3492,1,0
BRDA:44,3493,0,0
BRDA:44,3493,1,0
BRDA:44,3494,0,0
BRDA:44,3494,1,0
BRDA:44,3494,2,0
BRDA:44,3495,0,0
BRDA:44,3495,1,0
BRDA:44,3496,0,0
BRDA:44,3496,1,0
BRDA:44,3497,0,0
BRDA:44,3497,1,0
BRDA:44,3498,0,0
BRDA:44,3498,1,0
BRDA:44,3499,0,0
BRDA:44,3499,1,0
BRDA:44,3500,0,0
BRDA:44,3500,1,0
BRDA:44,3501,0,0
BRDA:44,3501,1,0
BRDA:44,3502,0,0
BRDA:44,3502,1,0
BRDA:44,3503,0,0
BRDA:44,3503,1,0
BRDA:44,3503,2,0
BRDA:44,3504,0,0
BRDA:44,3504,1,0
BRDA:44,3505,0,0
BRDA:44,3505,1,0
BRDA:44,3506,0,0
BRDA:44,3506,1,0
BRDA:44,3507,0,0
BRDA:44,3507,1,0
BRDA:44,3508,0,0
BRDA:44,3508,1,0
BRDA:44,3508,2,0
BRDA:44,3508,3,0
BRDA:44,3508,4,0
BRDA:44,3509,0,0
BRDA:44,3509,1,0
BRDA:44,3510,0,0
BRDA:44,3510,1,0
BRDA:44,3511,0,0
BRDA:44,3511,1,0
BRDA:44,3512,0,0
BRDA:44,3512,1,0
BRDA:44,3513,0,0
BRDA:44,3513,1,0
BRDA:44,3514,0,0
BRDA:44,3514,1,0
BRDA:44,3515,0,0
BRDA:44,3515,1,0
BRDA:44,3516,0,0
BRDA:44,3516,1,0
BRDA:44,3517,0,0
BRDA:44,3517,1,0
BRDA:44,3518,0,0
BRDA:44,3518,1,0
BRDA:44,3519,0,0
BRDA:44,3519,1,0
BRDA:44,3520,0,0
BRDA:44,3520,1,0
BRDA:44,3520,2,0
BRDA:44,3521,0,0
BRDA:44,3521,1,0
BRDA:44,3522,0,0
BRDA:44,3522,1,0
BRDA:44,3523,0,0
BRDA:44,3523,1,0
BRDA:44,3524,0,0
BRDA:44,3524,1,0
BRDA:44,3525,0,0
BRDA:44,3525,1,0
BRDA:44,3526,0,0
BRDA:44,3526,1,0
BRDA:44,3527,0,0
BRDA:44,3527,1,0
BRDA:44,3528,0,0
BRDA:44,3528,1,0
BRDA:44,3529,0,0
BRDA:44,3529,1,0
BRDA:44,3530,0,0
BRDA:44,3530,1,0
BRDA:44,3531,0,0
BRDA:44,3531,1,0
BRDA:44,3532,0,0
BRDA:44,3532,1,0
BRDA:44,3533,0,0
BRDA:44,3533,1,0
BRDA:44,3534,0,0
BRDA:44,3534,1,0
BRDA:44,3534,2,0
BRDA:44,3535,0,0
BRDA:44,3535,1,0
BRDA:44,3536,0,0
BRDA:44,3536,1,0
BRDA:44,3537,0,0
BRDA:44,3537,1,0
BRDA:44,3538,0,0
BRDA:44,3538,1,0
BRDA:44,3539,0,0
BRDA:44,3539,1,0
BRDA:44,3540,0,0
BRDA:44,3540,1,0
BRDA:44,3541,0,0
BRDA:44,3541,1,0
BRDA:44,3542,0,0
BRDA:44,3542,1,0
BRDA:44,3543,0,0
BRDA:44,3543,1,0
BRDA:44,3544,0,0
BRDA:44,3544,1,0
BRDA:44,3545,0,0
BRDA:44,3545,1,0
BRDA:44,3546,0,0
BRDA:44,3546,1,0
BRDA:44,3547,0,0
BRDA:44,3547,1,0
BRDA:44,3548,0,0
BRDA:44,3548,1,0
BRDA:44,3549,0,0
BRDA:44,3549,1,0
BRDA:44,3550,0,0
BRDA:44,3550,1,0
BRDA:44,3551,0,0
BRDA:44,3551,1,0
BRDA:44,3552,0,0
BRDA:44,3552,1,0
BRDA:44,3553,0,0
BRDA:44,3553,1,0
BRDA:44,3553,2,0
BRDA:44,3554,0,0
BRDA:44,3554,1,0
BRDA:44,3555,0,0
BRDA:44,3555,1,0
BRDA:44,3556,0,0
BRDA:44,3556,1,0
BRDA:44,3557,0,0
BRDA:44,3557,1,0
BRDA:44,3558,0,0
BRDA:44,3558,1,0
BRDA:44,3558,2,0
BRDA:44,3559,0,0
BRDA:44,3559,1,0
BRDA:44,3560,0,0
BRDA:44,3560,1,0
BRDA:44,3561,0,0
BRDA:44,3561,1,0
BRDA:44,3562,0,0
BRDA:44,3562,1,0
BRDA:44,3563,0,0
BRDA:44,3563,1,0
BRDA:44,3564,0,0
BRDA:44,3564,1,0
BRDA:44,3565,0,0
BRDA:44,3565,1,0
BRDA:44,3565,2,0
BRDA:44,3566,0,0
BRDA:44,3566,1,0
BRDA:44,3567,0,0
BRDA:44,3567,1,0
BRDA:44,3568,0,0
BRDA:44,3568,1,0
BRDA:44,3569,0,0
BRDA:44,3569,1,0
BRDA:44,3570,0,0
BRDA:44,3570,1,0
BRDA:44,3571,0,0
BRDA:44,3571,1,0
BRDA:44,3572,0,0
BRDA:44,3572,1,0
BRDA:44,3573,0,0
BRDA:44,3573,1,0
BRDA:44,3574,0,0
BRDA:44,3574,1,0
BRDA:44,3575,0,0
BRDA:44,3575,1,0
BRDA:44,3576,0,0
BRDA:44,3576,1,0
BRDA:44,3577,0,0
BRDA:44,3577,1,0
BRDA:44,3578,0,0
BRDA:44,3578,1,0
BRDA:44,3579,0,0
BRDA:44,3579,1,0
BRDA:44,3580,0,0
BRDA:44,3580,1,0
BRDA:44,3581,0,0
BRDA:44,3581,1,0
BRDA:44,3582,0,0
BRDA:44,3582,1,0
BRDA:44,3583,0,0
BRDA:44,3583,1,0
BRDA:44,3584,0,0
BRDA:44,3584,1,0
BRDA:44,3585,0,0
BRDA:44,3585,1,0
BRDA:44,3586,0,0
BRDA:44,3586,1,0
BRDA:44,3587,0,0
BRDA:44,3587,1,0
BRDA:44,3588,0,0
BRDA:44,3588,1,0
BRDA:44,3589,0,0
BRDA:44,3589,1,0
BRDA:44,3590,0,0
BRDA:44,3590,1,0
BRDA:44,3591,0,0
BRDA:44,3591,1,0
BRDA:44,3592,0,0
BRDA:44,3592,1,0
BRDA:44,3593,0,0
BRDA:44,3593,1,0
BRDA:44,3594,0,0
BRDA:44,3594,1,0
BRDA:44,3595,0,0
BRDA:44,3595,1,0
BRDA:44,3596,0,0
BRDA:44,3596,1,0
BRDA:44,3597,0,0
BRDA:44,3597,1,0
BRDA:44,3598,0,0
BRDA:44,3598,1,0
BRDA:44,3599,0,0
BRDA:44,3599,1,0
BRDA:44,3600,0,0
BRDA:44,3600,1,0
BRDA:44,3601,0,0
BRDA:44,3601,1,0
BRDA:44,3602,0,0
BRDA:44,3602,1,0
BRDA:44,3603,0,0
BRDA:44,3603,1,0
BRDA:44,3604,0,0
BRDA:44,3604,1,0
BRDA:44,3605,0,0
BRDA:44,3605,1,0
BRDA:44,3606,0,0
BRDA:44,3606,1,0
BRDA:44,3607,0,0
BRDA:44,3607,1,0
BRDA:44,3608,0,0
BRDA:44,3608,1,0
BRDA:44,3608,2,0
BRDA:44,3609,0,0
BRDA:44,3609,1,0
BRDA:44,3610,0,0
BRDA:44,3610,1,0
BRDA:44,3610,2,0
BRDA:44,3611,0,0
BRDA:44,3611,1,0
BRDA:44,3612,0,0
BRDA:44,3612,1,0
BRDA:44,3613,0,0
BRDA:44,3613,1,0
BRDA:44,3614,0,0
BRDA:44,3614,1,0
BRDA:44,3615,0,0
BRDA:44,3615,1,0
BRDA:44,3616,0,0
BRDA:44,3616,1,0
BRDA:44,3617,0,0
BRDA:44,3617,1,0
BRDA:44,3618,0,0
BRDA:44,3618,1,0
BRDA:44,3618,2,0
BRDA:44,3618,3,0
BRDA:44,3619,0,0
BRDA:44,3619,1,0
BRDA:44,3620,0,0
BRDA:44,3620,1,0
BRDA:44,3621,0,0
BRDA:44,3621,1,0
BRDA:44,3622,0,0
BRDA:44,3622,1,0
BRDA:44,3623,0,0
BRDA:44,3623,1,0
BRDA:44,3624,0,0
BRDA:44,3624,1,0
BRDA:44,3624,2,0
BRDA:44,3624,3,0
BRDA:44,3625,0,0
BRDA:44,3625,1,0
BRDA:44,3626,0,0
BRDA:44,3626,1,0
BRDA:44,3627,0,0
BRDA:44,3627,1,0
BRDA:44,3628,0,0
BRDA:44,3628,1,0
BRDA:44,3629,0,0
BRDA:44,3629,1,0
BRDA:44,3630,0,0
BRDA:44,3630,1,0
BRDA:44,3631,0,0
BRDA:44,3631,1,0
BRDA:44,3632,0,0
BRDA:44,3632,1,0
BRDA:44,3633,0,0
BRDA:44,3633,1,0
BRDA:44,3634,0,0
BRDA:44,3634,1,0
BRDA:44,3635,0,0
BRDA:44,3635,1,0
BRDA:44,3636,0,0
BRDA:44,3636,1,0
BRDA:44,3637,0,0
BRDA:44,3637,1,0
BRDA:44,3638,0,0
BRDA:44,3638,1,0
BRDA:44,3638,2,0
BRDA:44,3638,3,0
BRDA:44,3639,0,0
BRDA:44,3639,1,0
BRDA:44,3640,0,0
BRDA:44,3640,1,0
BRDA:44,3641,0,0
BRDA:44,3641,1,0
BRDA:44,3642,0,0
BRDA:44,3642,1,0
BRDA:44,3643,0,0
BRDA:44,3643,1,0
BRDA:44,3644,0,0
BRDA:44,3644,1,0
BRDA:44,3645,0,0
BRDA:44,3645,1,0
BRDA:44,3646,0,0
BRDA:44,3646,1,0
BRDA:44,3647,0,0
BRDA:44,3647,1,0
BRDA:44,3648,0,0
BRDA:44,3648,1,0
BRDA:44,3649,0,0
BRDA:44,3649,1,0
BRDA:44,3650,0,0
BRDA:44,3650,1,0
BRDA:44,3651,0,0
BRDA:44,3651,1,0
BRDA:44,3652,0,0
BRDA:44,3652,1,0
BRDA:44,3653,0,0
BRDA:44,3653,1,0
BRDA:44,3654,0,0
BRDA:44,3654,1,0
BRDA:44,3655,0,0
BRDA:44,3655,1,0
BRDA:44,3655,2,0
BRDA:44,3656,0,0
BRDA:44,3656,1,0
BRDA:44,3657,0,0
BRDA:44,3657,1,0
BRDA:44,3658,0,0
BRDA:44,3658,1,0
BRDA:44,3659,0,0
BRDA:44,3659,1,0
BRDA:44,3660,0,0
BRDA:44,3660,1,0
BRDA:44,3661,0,0
BRDA:44,3661,1,0
BRDA:44,3662,0,0
BRDA:44,3662,1,0
BRDA:44,3663,0,0
BRDA:44,3663,1,0
BRDA:44,3664,0,0
BRDA:44,3664,1,0
BRDA:44,3665,0,0
BRDA:44,3665,1,0
BRDA:44,3666,0,0
BRDA:44,3666,1,0
BRDA:44,3667,0,0
BRDA:44,3667,1,0
BRDA:44,3668,0,0
BRDA:44,3668,1,0
BRDA:44,3669,0,0
BRDA:44,3669,1,0
BRDA:44,3670,0,0
BRDA:44,3670,1,0
BRDA:44,3671,0,0
BRDA:44,3671,1,0
BRDA:44,3672,0,0
BRDA:44,3672,1,0
BRDA:44,3673,0,0
BRDA:44,3673,1,0
BRDA:44,3674,0,0
BRDA:44,3674,1,0
BRDA:44,3675,0,0
BRDA:44,3675,1,0
BRDA:44,3675,2,0
BRDA:44,3675,3,0
BRDA:44,3675,4,0
BRDA:44,3676,0,0
BRDA:44,3676,1,0
BRDA:44,3677,0,0
BRDA:44,3677,1,0
BRDA:44,3677,2,0
BRDA:44,3678,0,0
BRDA:44,3678,1,0
BRDA:44,3679,0,0
BRDA:44,3679,1,0
BRDA:44,3680,0,0
BRDA:44,3680,1,0
BRDA:44,3681,0,0
BRDA:44,3681,1,0
BRDA:44,3682,0,0
BRDA:44,3682,1,0
BRDA:44,3683,0,0
BRDA:44,3683,1,0
BRDA:44,3684,0,0
BRDA:44,3684,1,0
BRDA:44,3685,0,0
BRDA:44,3685,1,0
BRDA:44,3685,2,0
BRDA:44,3685,3,0
BRDA:44,3686,0,0
BRDA:44,3686,1,0
BRDA:44,3687,0,0
BRDA:44,3687,1,0
BRDA:44,3687,2,0
BRDA:44,3688,0,0
BRDA:44,3688,1,0
BRDA:44,3689,0,0
BRDA:44,3689,1,0
BRDA:44,3690,0,0
BRDA:44,3690,1,0
BRDA:44,3691,0,0
BRDA:44,3691,1,0
BRDA:44,3692,0,0
BRDA:44,3692,1,0
BRDA:44,3692,2,0
BRDA:44,3693,0,0
BRDA:44,3693,1,0
BRDA:44,3693,2,0
BRDA:44,3694,0,0
BRDA:44,3694,1,0
BRDA:44,3695,0,0
BRDA:44,3695,1,0
BRDA:44,3696,0,0
BRDA:44,3696,1,0
BRDA:44,3696,2,0
BRDA:44,3697,0,0
BRDA:44,3697,1,0
BRDA:44,3698,0,0
BRDA:44,3698,1,0
BRDA:44,3699,0,0
BRDA:44,3699,1,0
BRDA:44,3700,0,0
BRDA:44,3700,1,0
BRDA:44,3700,2,0
BRDA:44,3700,3,0
BRDA:44,3700,4,0
BRDA:44,3701,0,0
BRDA:44,3701,1,0
BRDA:44,3702,0,0
BRDA:44,3702,1,0
BRDA:44,3703,0,0
BRDA:44,3703,1,0
BRDA:44,3704,0,0
BRDA:44,3704,1,0
BRDA:44,3705,0,0
BRDA:44,3705,1,0
BRDA:44,3705,2,0
BRDA:44,3705,3,0
BRDA:44,3705,4,0
BRDA:44,3705,5,0
BRDA:44,3706,0,0
BRDA:44,3706,1,0
BRDA:44,3707,0,0
BRDA:44,3707,1,0
BRDA:44,3708,0,0
BRDA:44,3708,1,0
BRDA:44,3709,0,0
BRDA:44,3709,1,0
BRDA:44,3710,0,0
BRDA:44,3710,1,0
BRDA:44,3711,0,0
BRDA:44,3711,1,0
BRDA:44,3712,0,0
BRDA:44,3712,1,0
BRDA:44,3713,0,0
BRDA:44,3713,1,0
BRDA:44,3714,0,0
BRDA:44,3714,1,0
BRDA:44,3715,0,0
BRDA:44,3715,1,0
BRDA:44,3716,0,0
BRDA:44,3716,1,0
BRDA:44,3717,0,0
BRDA:44,3717,1,0
BRDA:44,3718,0,0
BRDA:44,3718,1,0
BRDA:44,3719,0,0
BRDA:44,3719,1,0
BRDA:44,3720,0,0
BRDA:44,3720,1,0
BRDA:44,3721,0,0
BRDA:44,3721,1,0
BRDA:44,3722,0,0
BRDA:44,3722,1,0
BRDA:44,3723,0,0
BRDA:44,3723,1,0
BRDA:44,3724,0,0
BRDA:44,3724,1,0
BRDA:44,3725,0,0
BRDA:44,3725,1,0
BRDA:44,3726,0,0
BRDA:44,3726,1,0
BRDA:44,3727,0,0
BRDA:44,3727,1,0
BRDA:44,3728,0,0
BRDA:44,3728,1,0
BRDA:44,3729,0,0
BRDA:44,3729,1,0
BRDA:44,3730,0,0
BRDA:44,3730,1,0
BRDA:44,3731,0,0
BRDA:44,3731,1,0
BRDA:44,3732,0,0
BRDA:44,3732,1,0
BRDA:44,3733,0,0
BRDA:44,3733,1,0
BRDA:44,3734,0,0
BRDA:44,3734,1,0
BRDA:44,3735,0,0
BRDA:44,3735,1,0
BRDA:44,3736,0,0
BRDA:44,3736,1,0
BRDA:44,3737,0,0
BRDA:44,3737,1,0
BRDA:44,3738,0,0
BRDA:44,3738,1,0
BRDA:44,3739,0,0
BRDA:44,3739,1,0
BRDA:44,3740,0,0
BRDA:44,3740,1,0
BRDA:44,3740,2,0
BRDA:44,3741,0,0
BRDA:44,3741,1,0
BRDA:44,3742,0,0
BRDA:44,3742,1,0
BRDA:44,3743,0,0
BRDA:44,3743,1,0
BRDA:44,3744,0,0
BRDA:44,3744,1,0
BRDA:44,3744,2,0
BRDA:44,3744,3,0
BRDA:44,3744,4,0
BRDA:44,3744,5,0
BRDA:44,3745,0,0
BRDA:44,3745,1,0
BRDA:44,3745,2,0
BRDA:44,3746,0,0
BRDA:44,3746,1,0
BRDA:44,3747,0,0
BRDA:44,3747,1,0
BRDA:44,3748,0,0
BRDA:44,3748,1,0
BRDA:44,3749,0,0
BRDA:44,3749,1,0
BRDA:44,3750,0,0
BRDA:44,3750,1,0
BRDA:44,3751,0,0
BRDA:44,3751,1,0
BRDA:44,3752,0,0
BRDA:44,3752,1,0
BRDA:44,3753,0,0
BRDA:44,3753,1,0
BRDA:44,3754,0,0
BRDA:44,3754,1,0
BRDA:44,3754,2,0
BRDA:44,3755,0,0
BRDA:44,3755,1,0
BRDA:44,3756,0,0
BRDA:44,3756,1,0
BRDA:44,3756,2,0
BRDA:44,3757,0,0
BRDA:44,3757,1,0
BRDA:44,3758,0,0
BRDA:44,3758,1,0
BRDA:44,3758,2,0
BRDA:44,3759,0,0
BRDA:44,3759,1,0
BRDA:44,3760,0,0
BRDA:44,3760,1,0
BRDA:44,3760,2,0
BRDA:44,3761,0,0
BRDA:44,3761,1,0
BRDA:44,3762,0,0
BRDA:44,3762,1,0
BRDA:44,3763,0,0
BRDA:44,3763,1,0
BRDA:44,3764,0,0
BRDA:44,3764,1,0
BRDA:44,3765,0,0
BRDA:44,3765,1,0
BRDA:44,3766,0,0
BRDA:44,3766,1,0
BRDA:44,3767,0,0
BRDA:44,3767,1,0
BRDA:44,3767,2,0
BRDA:44,3768,0,0
BRDA:44,3768,1,0
BRDA:44,3769,0,0
BRDA:44,3769,1,0
BRDA:44,3770,0,0
BRDA:44,3770,1,0
BRDA:44,3771,0,0
BRDA:44,3771,1,0
BRDA:44,3771,2,0
BRDA:44,3772,0,0
BRDA:44,3772,1,0
BRDA:44,3773,0,0
BRDA:44,3773,1,0
BRDA:44,3774,0,0
BRDA:44,3774,1,0
BRDA:44,3775,0,0
BRDA:44,3775,1,0
BRDA:44,3776,0,0
BRDA:44,3776,1,0
BRDA:44,3777,0,0
BRDA:44,3777,1,0
BRDA:44,3778,0,0
BRDA:44,3778,1,0
BRDA:44,3779,0,0
BRDA:44,3779,1,0
BRDA:44,3780,0,0
BRDA:44,3780,1,0
BRDA:44,3781,0,0
BRDA:44,3781,1,0
BRDA:44,3782,0,0
BRDA:44,3782,1,0
BRDA:44,3783,0,0
BRDA:44,3783,1,0
BRDA:44,3784,0,0
BRDA:44,3784,1,0
BRDA:44,3785,0,0
BRDA:44,3785,1,0
BRDA:44,3786,0,0
BRDA:44,3786,1,0
BRDA:44,3787,0,0
BRDA:44,3787,1,0
BRDA:44,3788,0,0
BRDA:44,3788,1,0
BRDA:44,3789,0,0
BRDA:44,3789,1,0
BRDA:44,3790,0,0
BRDA:44,3790,1,0
BRDA:44,3791,0,0
BRDA:44,3791,1,0
BRDA:44,3792,0,0
BRDA:44,3792,1,0
BRDA:44,3793,0,0
BRDA:44,3793,1,0
BRDA:44,3794,0,0
BRDA:44,3794,1,0
BRDA:44,3795,0,0
BRDA:44,3795,1,0
BRDA:44,3796,0,0
BRDA:44,3796,1,0
BRDA:44,3797,0,0
BRDA:44,3797,1,0
BRDA:44,3798,0,0
BRDA:44,3798,1,0
BRDA:44,3799,0,0
BRDA:44,3799,1,0
BRDA:44,3800,0,0
BRDA:44,3801,0,0
BRDA:44,3801,1,0
BRDA:44,3802,0,0
BRDA:44,3802,1,0
BRDA:44,3803,0,0
BRDA:44,3803,1,0
BRDA:44,3804,0,0
BRDA:44,3804,1,0
BRDA:44,3805,0,0
BRDA:44,3805,1,0
BRDA:44,3806,0,0
BRDA:44,3806,1,0
BRDA:44,3807,0,0
BRDA:44,3807,1,0
BRDA:44,3808,0,0
BRDA:44,3808,1,0
BRDA:44,3809,0,0
BRDA:44,3809,1,0
BRDA:44,3810,0,0
BRDA:44,3810,1,0
BRDA:44,3811,0,0
BRDA:44,3811,1,0
BRDA:44,3812,0,0
BRDA:44,3812,1,0
BRDA:44,3813,0,0
BRDA:44,3813,1,0
BRDA:44,3814,0,0
BRDA:44,3814,1,0
BRDA:44,3815,0,0
BRDA:44,3815,1,0
BRDA:44,3815,2,0
BRDA:44,3816,0,0
BRDA:44,3816,1,0
BRDA:44,3817,0,0
BRDA:44,3817,1,0
BRDA:44,3818,0,0
BRDA:44,3818,1,0
BRDA:44,3819,0,0
BRDA:44,3819,1,0
BRDA:44,3820,0,0
BRDA:44,3820,1,0
BRDA:44,3821,0,0
BRDA:44,3821,1,0
BRDA:44,3822,0,0
BRDA:44,3822,1,0
BRDA:44,3823,0,0
BRDA:44,3823,1,0
BRDA:44,3824,0,0
BRDA:44,3824,1,0
BRDA:44,3825,0,0
BRDA:44,3825,1,0
BRDA:44,3826,0,0
BRDA:44,3826,1,0
BRDA:44,3827,0,0
BRDA:44,3827,1,0
BRDA:44,3828,0,0
BRDA:44,3828,1,0
BRDA:44,3829,0,0
BRDA:44,3829,1,0
BRDA:44,3830,0,0
BRDA:44,3830,1,0
BRDA:44,3831,0,0
BRDA:44,3831,1,0
BRDA:44,3832,0,0
BRDA:44,3832,1,0
BRDA:44,3833,0,0
BRDA:44,3833,1,0
BRDA:44,3834,0,0
BRDA:44,3834,1,0
BRDA:44,3835,0,0
BRDA:44,3835,1,0
BRDA:44,3836,0,0
BRDA:44,3836,1,0
BRDA:44,3837,0,0
BRDA:44,3837,1,0
BRDA:44,3838,0,0
BRDA:44,3838,1,0
BRDA:44,3838,2,0
BRDA:44,3839,0,0
BRDA:44,3839,1,0
BRDA:44,3840,0,0
BRDA:44,3840,1,0
BRDA:44,3841,0,0
BRDA:44,3841,1,0
BRDA:44,3842,0,0
BRDA:44,3842,1,0
BRDA:44,3842,2,0
BRDA:44,3842,3,0
BRDA:44,3843,0,0
BRDA:44,3843,1,0
BRDA:44,3844,0,0
BRDA:44,3844,1,0
BRDA:44,3845,0,0
BRDA:44,3845,1,0
BRDA:44,3845,2,0
BRDA:57,3846,0,0
BRDA:57,3846,1,0
BRDA:57,3846,2,0
BRDA:57,3846,3,0
BRDA:64,3847,0,0
BRDA:64,3847,1,0
BRDA:64,3848,0,0
BRDA:64,3848,1,0
BRDA:64,3849,0,0
BRDA:64,3849,1,0
BRDA:64,3850,0,0
BRDA:64,3850,1,0
BRDA:64,3851,0,0
BRDA:64,3851,1,0
BRDA:64,3851,2,0
BRDA:64,3852,0,0
BRDA:64,3852,1,0
BRDA:64,3853,0,0
BRDA:64,3853,1,0
BRDA:64,3853,2,0
BRDA:64,3854,0,0
BRDA:64,3854,1,0
BRDA:64,3855,0,0
BRDA:64,3855,1,0
BRDA:64,3856,0,0
BRDA:64,3856,1,0
BRDA:64,3857,0,0
BRDA:64,3857,1,0
BRDA:64,3858,0,0
BRDA:64,3858,1,0
BRDA:64,3859,0,0
BRDA:64,3859,1,0
BRDA:64,3859,2,0
BRDA:64,3860,0,0
BRDA:64,3860,1,0
BRDA:64,3861,0,0
BRDA:64,3861,1,0
BRDA:64,3862,0,0
BRDA:64,3862,1,0
BRDA:64,3863,0,0
BRDA:64,3863,1,0
BRDA:64,3864,0,0
BRDA:64,3864,1,0
BRDA:64,3865,0,0
BRDA:64,3865,1,0
BRDA:64,3866,0,0
BRDA:64,3866,1,0
BRDA:64,3867,0,0
BRDA:64,3867,1,0
BRDA:64,3868,0,0
BRDA:64,3869,0,0
BRDA:64,3869,1,0
BRDA:64,3870,0,0
BRDA:64,3870,1,0
BRDA:64,3870,2,0
BRDA:64,3870,3,0
BRDA:64,3871,0,0
BRDA:64,3871,1,0
BRDA:64,3871,2,0
BRDA:64,3872,0,0
BRDA:64,3872,1,0
BRDA:64,3873,0,0
BRDA:64,3873,1,0
BRDA:64,3873,2,0
BRDA:64,3873,3,0
BRDA:64,3874,0,0
BRDA:64,3875,0,0
BRDA:64,3875,1,0
BRDA:64,3876,0,0
BRDA:64,3876,1,0
BRDA:64,3877,0,0
BRDA:64,3877,1,0
BRDA:64,3878,0,0
BRDA:64,3878,1,0
BRDA:64,3878,2,0
BRDA:64,3878,3,0
BRDA:64,3878,4,0
BRDA:64,3878,5,0
BRDA:64,3879,0,0
BRDA:64,3879,1,0
BRDA:64,3880,0,0
BRDA:64,3880,1,0
BRDA:64,3880,2,0
BRF:8362
BRH:0
end_of_record
